sat
b1
#0
0 [000] 01010110 dut_fifo_entries@0
0 [001] 11111111 dut_fifo_entries@0
0 [010] 00101010 dut_fifo_entries@0
0 [011] 10101010 dut_fifo_entries@0
0 [100] 10101110 dut_fifo_entries@0
0 [101] 00101010 dut_fifo_entries@0
0 [110] 10101100 dut_fifo_entries@0
0 [111] 00101000 dut_fifo_entries@0
1 0000 dut_fifo_cnt#0
2 000 dut_fifo_wrPtr#0
3 000 dut_fifo_rdPtr#0
4 0001 dut_cc_credits#0
5 [000] 00000000 dut_fifo_1_entries@0
5 [001] 00000000 dut_fifo_1_entries@0
5 [010] 00000000 dut_fifo_1_entries@0
6 0000 dut_fifo_1_cnt#0
7 000 dut_fifo_1_wrPtr#0
8 000 dut_fifo_1_rdPtr#0
9 0001 dut_cc_1_credits#0
10 [001] 11111111 dut_fifo_2_entries@0
10 [000] 00000000 dut_fifo_2_entries@0
11 0001 dut_fifo_2_cnt#0
12 001 dut_fifo_2_wrPtr#0
13 000 dut_fifo_2_rdPtr#0
14 0001 dut_cc_2_credits#0
15 [000] 11111111 dut_fifo_3_entries@0
15 [001] 11111111 dut_fifo_3_entries@0
15 [010] 11111111 dut_fifo_3_entries@0
16 0000 dut_fifo_3_cnt#0
17 000 dut_fifo_3_wrPtr#0
18 000 dut_fifo_3_rdPtr#0
19 0001 dut_cc_3_credits#0
21 0000 queues_0_enq_ptr_value#0
22 0000 queues_0_deq_ptr_value#0
23 1 queues_0_maybe_full#0
24 [0000] 00000000 queues_1_ram@0
25 0000 queues_1_enq_ptr_value#0
26 0000 queues_1_deq_ptr_value#0
27 0 queues_1_maybe_full#0
28 [0000] 00000000 queues_2_ram@0
29 0000 queues_2_enq_ptr_value#0
30 0000 queues_2_deq_ptr_value#0
31 0 queues_2_maybe_full#0
32 [0000] 11111111 queues_3_ram@0
33 0001 queues_3_enq_ptr_value#0
34 0001 queues_3_deq_ptr_value#0
35 0 queues_3_maybe_full#0
@0
0 1 reset@0
1 0 tryPush_0@0
2 0 tryPush_1@0
3 1 tryPush_2@0
4 0 tryPush_3@0
5 11111111 fifoDataIn_0@0
6 11011101 fifoDataIn_1@0
7 00000000 fifoDataIn_2@0
8 11111000 fifoDataIn_3@0
9 1 tryReq@0
10 01 selectShift@0
11 0000 queues_0__GEN_0_invalid@0
12 0 queues_0__GEN_3_invalid@0
13 01000011 queues_0__GEN_4_invalid@0
14 0000 queues_1__GEN_0_invalid@0
15 0 queues_1__GEN_3_invalid@0
16 11011101 queues_1__GEN_4_invalid@0
17 0000 queues_2__GEN_0_invalid@0
18 0 queues_2__GEN_3_invalid@0
19 10000011 queues_2__GEN_4_invalid@0
20 0001 queues_3__GEN_0_invalid@0
21 0 queues_3__GEN_3_invalid@0
22 11111011 queues_3__GEN_4_invalid@0
@1
0 0 reset@1
1 1 tryPush_0@1
2 0 tryPush_1@1
3 0 tryPush_2@1
4 0 tryPush_3@1
5 01101100 fifoDataIn_0@1
6 00000000 fifoDataIn_1@1
7 00000000 fifoDataIn_2@1
8 11111111 fifoDataIn_3@1
9 0 tryReq@1
10 00 selectShift@1
11 0000 queues_0__GEN_0_invalid@1
12 0 queues_0__GEN_3_invalid@1
13 01011101 queues_0__GEN_4_invalid@1
14 0000 queues_1__GEN_0_invalid@1
15 0 queues_1__GEN_3_invalid@1
16 00000000 queues_1__GEN_4_invalid@1
17 0000 queues_2__GEN_0_invalid@1
18 0 queues_2__GEN_3_invalid@1
19 00000000 queues_2__GEN_4_invalid@1
20 0000 queues_3__GEN_0_invalid@1
21 0 queues_3__GEN_3_invalid@1
22 11111111 queues_3__GEN_4_invalid@1
@2
0 0 reset@2
1 1 tryPush_0@2
2 0 tryPush_1@2
3 0 tryPush_2@2
4 0 tryPush_3@2
5 01101100 fifoDataIn_0@2
6 00000000 fifoDataIn_1@2
7 00000000 fifoDataIn_2@2
8 11111111 fifoDataIn_3@2
9 1 tryReq@2
10 11 selectShift@2
11 0101 queues_0__GEN_0_invalid@2
12 0 queues_0__GEN_3_invalid@2
13 01001010 queues_0__GEN_4_invalid@2
14 0101 queues_1__GEN_0_invalid@2
15 0 queues_1__GEN_3_invalid@2
16 00000000 queues_1__GEN_4_invalid@2
17 0001 queues_2__GEN_0_invalid@2
18 0 queues_2__GEN_3_invalid@2
19 00000000 queues_2__GEN_4_invalid@2
20 0001 queues_3__GEN_0_invalid@2
21 0 queues_3__GEN_3_invalid@2
22 11111111 queues_3__GEN_4_invalid@2
@3
0 0 reset@3
1 1 tryPush_0@3
2 0 tryPush_1@3
3 0 tryPush_2@3
4 0 tryPush_3@3
5 00101111 fifoDataIn_0@3
6 00000000 fifoDataIn_1@3
7 00000000 fifoDataIn_2@3
8 11111111 fifoDataIn_3@3
9 0 tryReq@3
10 11 selectShift@3
11 0010 queues_0__GEN_0_invalid@3
12 0 queues_0__GEN_3_invalid@3
13 10101011 queues_0__GEN_4_invalid@3
14 0110 queues_1__GEN_0_invalid@3
15 0 queues_1__GEN_3_invalid@3
16 00000000 queues_1__GEN_4_invalid@3
17 0010 queues_2__GEN_0_invalid@3
18 0 queues_2__GEN_3_invalid@3
19 00000000 queues_2__GEN_4_invalid@3
20 0000 queues_3__GEN_0_invalid@3
21 0 queues_3__GEN_3_invalid@3
22 11111111 queues_3__GEN_4_invalid@3
@4
0 0 reset@4
1 1 tryPush_0@4
2 0 tryPush_1@4
3 1 tryPush_2@4
4 0 tryPush_3@4
5 00101111 fifoDataIn_0@4
6 00000000 fifoDataIn_1@4
7 00000000 fifoDataIn_2@4
8 11111111 fifoDataIn_3@4
9 0 tryReq@4
10 11 selectShift@4
11 0011 queues_0__GEN_0_invalid@4
12 0 queues_0__GEN_3_invalid@4
13 10101111 queues_0__GEN_4_invalid@4
14 0011 queues_1__GEN_0_invalid@4
15 0 queues_1__GEN_3_invalid@4
16 00000000 queues_1__GEN_4_invalid@4
17 0000 queues_2__GEN_0_invalid@4
18 0 queues_2__GEN_3_invalid@4
19 00000000 queues_2__GEN_4_invalid@4
20 0011 queues_3__GEN_0_invalid@4
21 0 queues_3__GEN_3_invalid@4
22 11111111 queues_3__GEN_4_invalid@4
@5
0 0 reset@5
1 1 tryPush_0@5
2 1 tryPush_1@5
3 0 tryPush_2@5
4 1 tryPush_3@5
5 00101011 fifoDataIn_0@5
6 00000000 fifoDataIn_1@5
7 00000000 fifoDataIn_2@5
8 11111111 fifoDataIn_3@5
9 0 tryReq@5
10 01 selectShift@5
11 0010 queues_0__GEN_0_invalid@5
12 0 queues_0__GEN_3_invalid@5
13 00101100 queues_0__GEN_4_invalid@5
14 1000 queues_1__GEN_0_invalid@5
15 0 queues_1__GEN_3_invalid@5
16 01111111 queues_1__GEN_4_invalid@5
17 0000 queues_2__GEN_0_invalid@5
18 0 queues_2__GEN_3_invalid@5
19 00000000 queues_2__GEN_4_invalid@5
20 0010 queues_3__GEN_0_invalid@5
21 0 queues_3__GEN_3_invalid@5
22 11111111 queues_3__GEN_4_invalid@5
@6
0 0 reset@6
1 1 tryPush_0@6
2 0 tryPush_1@6
3 0 tryPush_2@6
4 0 tryPush_3@6
5 00101101 fifoDataIn_0@6
6 00000000 fifoDataIn_1@6
7 00000000 fifoDataIn_2@6
8 11111111 fifoDataIn_3@6
9 0 tryReq@6
10 11 selectShift@6
11 0000 queues_0__GEN_0_invalid@6
12 0 queues_0__GEN_3_invalid@6
13 01100000 queues_0__GEN_4_invalid@6
14 0000 queues_1__GEN_0_invalid@6
15 0 queues_1__GEN_3_invalid@6
16 00000000 queues_1__GEN_4_invalid@6
17 0001 queues_2__GEN_0_invalid@6
18 0 queues_2__GEN_3_invalid@6
19 00000000 queues_2__GEN_4_invalid@6
20 0010 queues_3__GEN_0_invalid@6
21 0 queues_3__GEN_3_invalid@6
22 11111111 queues_3__GEN_4_invalid@6
@7
0 0 reset@7
1 1 tryPush_0@7
2 0 tryPush_1@7
3 0 tryPush_2@7
4 1 tryPush_3@7
5 00101101 fifoDataIn_0@7
6 00000000 fifoDataIn_1@7
7 00000000 fifoDataIn_2@7
8 11111111 fifoDataIn_3@7
9 0 tryReq@7
10 00 selectShift@7
11 0100 queues_0__GEN_0_invalid@7
12 0 queues_0__GEN_3_invalid@7
13 00101000 queues_0__GEN_4_invalid@7
14 0011 queues_1__GEN_0_invalid@7
15 0 queues_1__GEN_3_invalid@7
16 00000000 queues_1__GEN_4_invalid@7
17 1001 queues_2__GEN_0_invalid@7
18 0 queues_2__GEN_3_invalid@7
19 00000000 queues_2__GEN_4_invalid@7
20 0000 queues_3__GEN_0_invalid@7
21 0 queues_3__GEN_3_invalid@7
22 11111111 queues_3__GEN_4_invalid@7
@8
0 0 reset@8
1 1 tryPush_0@8
2 1 tryPush_1@8
3 0 tryPush_2@8
4 0 tryPush_3@8
5 00001101 fifoDataIn_0@8
6 00000000 fifoDataIn_1@8
7 00000000 fifoDataIn_2@8
8 11111111 fifoDataIn_3@8
9 0 tryReq@8
10 00 selectShift@8
11 0100 queues_0__GEN_0_invalid@8
12 0 queues_0__GEN_3_invalid@8
13 00101000 queues_0__GEN_4_invalid@8
14 0001 queues_1__GEN_0_invalid@8
15 0 queues_1__GEN_3_invalid@8
16 00000000 queues_1__GEN_4_invalid@8
17 0000 queues_2__GEN_0_invalid@8
18 0 queues_2__GEN_3_invalid@8
19 00000000 queues_2__GEN_4_invalid@8
20 0100 queues_3__GEN_0_invalid@8
21 0 queues_3__GEN_3_invalid@8
22 11111111 queues_3__GEN_4_invalid@8
@9
0 0 reset@9
1 1 tryPush_0@9
2 0 tryPush_1@9
3 1 tryPush_2@9
4 0 tryPush_3@9
5 01101101 fifoDataIn_0@9
6 00000001 fifoDataIn_1@9
7 00000000 fifoDataIn_2@9
8 11111111 fifoDataIn_3@9
9 0 tryReq@9
10 00 selectShift@9
11 0100 queues_0__GEN_0_invalid@9
12 0 queues_0__GEN_3_invalid@9
13 00101000 queues_0__GEN_4_invalid@9
14 0000 queues_1__GEN_0_invalid@9
15 0 queues_1__GEN_3_invalid@9
16 00000000 queues_1__GEN_4_invalid@9
17 0000 queues_2__GEN_0_invalid@9
18 0 queues_2__GEN_3_invalid@9
19 00000000 queues_2__GEN_4_invalid@9
20 0000 queues_3__GEN_0_invalid@9
21 0 queues_3__GEN_3_invalid@9
22 00000000 queues_3__GEN_4_invalid@9
@10
0 0 reset@10
1 0 tryPush_0@10
2 0 tryPush_1@10
3 0 tryPush_2@10
4 0 tryPush_3@10
5 11111111 fifoDataIn_0@10
6 00000000 fifoDataIn_1@10
7 00000000 fifoDataIn_2@10
8 00000000 fifoDataIn_3@10
9 1 tryReq@10
10 00 selectShift@10
11 0000 queues_0__GEN_0_invalid@10
12 0 queues_0__GEN_3_invalid@10
13 00000000 queues_0__GEN_4_invalid@10
14 0000 queues_1__GEN_0_invalid@10
15 0 queues_1__GEN_3_invalid@10
16 00000000 queues_1__GEN_4_invalid@10
17 0000 queues_2__GEN_0_invalid@10
18 0 queues_2__GEN_3_invalid@10
19 00000000 queues_2__GEN_4_invalid@10
20 0000 queues_3__GEN_0_invalid@10
21 0 queues_3__GEN_3_invalid@10
22 00000000 queues_3__GEN_4_invalid@10
.
