sat
b1
#0
0 [1111] 1111000000000000000000111000000000000000000110000000000000000000 dut_fifo_entries@0
0 [0000] 0001100000000000000000000001100000001101111001011101110110000000 dut_fifo_entries@0
0 [0001] 0111111110111110111111111111011111111111111111111111111111111100 dut_fifo_entries@0
0 [0010] 1111000000000000000001111000000000000000000110000000000000000011 dut_fifo_entries@0
0 [0011] 1111000000000000000001111000000000000000000110000000000000000000 dut_fifo_entries@0
0 [0100] 1111000000000000000000111000000000000000000110000000000000010010 dut_fifo_entries@0
0 [0101] 1111000000000000000000111000000000000000000110000000000000001000 dut_fifo_entries@0
0 [0110] 1111000000000000000001011110011110100110010111111111100001010000 dut_fifo_entries@0
0 [0111] 1111000000000000000000111001011111111110011110011001100000010000 dut_fifo_entries@0
0 [1000] 1111000000000000000000111000000000000000000110000000000000001000 dut_fifo_entries@0
0 [1001] 1111000000000000000000111000000000000000000110000000000000001000 dut_fifo_entries@0
0 [1010] 1111000000000000000000111000000000000000000110000000000000001000 dut_fifo_entries@0
0 [1011] 1111000000000000000000111000000000000000000110000000000000001000 dut_fifo_entries@0
0 [1100] 1111000000000000000001011000000110111111011111111011100001001000 dut_fifo_entries@0
0 [1101] 1111000000000000000000111000000000000000000110000000000000001000 dut_fifo_entries@0
0 [1110] 1111000000000000000000111000000000000000000110000000000000001000 dut_fifo_entries@0
1 00000 dut_fifo_cnt#0
2 1111 dut_fifo_wrPtr#0
3 0000 dut_fifo_rdPtr#0
4 00000 dut_cc_credits#0
5 [1111] 1111111111111111111111111111111111111111111111111111111111111111 dut_fifo_1_entries@0
5 [0000] 0000010001000100010001000100010001000100010001000100010001000000 dut_fifo_1_entries@0
5 [0001] 0000010001000100010001000100010001000100010001000100010001000000 dut_fifo_1_entries@0
5 [0010] 1111111111111111111111111101100110111111111111111111110110011011 dut_fifo_1_entries@0
5 [0011] 1111111111111111111111111111111111111111111111111111111111111111 dut_fifo_1_entries@0
5 [0100] 0000011001100110011001100110011001100110011001100110011001100110 dut_fifo_1_entries@0
5 [0101] 1111111110000011111110111111100110011111111111111001111111111111 dut_fifo_1_entries@0
5 [0110] 1111111110011111111111111111111111111111111110011111110111111111 dut_fifo_1_entries@0
5 [0111] 1111100110011001100110111001100110011001100110011001100110011011 dut_fifo_1_entries@0
5 [1000] 1111111111111111111111111111111111111111111111111111111111111111 dut_fifo_1_entries@0
5 [1001] 0000000000000000000000000000000000000000000000000000000000000000 dut_fifo_1_entries@0
6 00000 dut_fifo_1_cnt#0
7 1111 dut_fifo_1_wrPtr#0
8 0000 dut_fifo_1_rdPtr#0
9 00000 dut_cc_1_credits#0
10 [1111] 1111111111111111111111111111111111111111111111111111111111111111 dut_fifo_2_entries@0
10 [0000] 1111111111111111111111111111111111111111111111111111111111111111 dut_fifo_2_entries@0
10 [0001] 1111111111111111111111111111111111111111111111111111111111111111 dut_fifo_2_entries@0
10 [0010] 1001000011110011100001000001010011110001110011100001000011110000 dut_fifo_2_entries@0
10 [0011] 1111111111111111111111111111111111111111111111111111111111111111 dut_fifo_2_entries@0
10 [0100] 1111111111111111111111111111111111111111111111111111111111111111 dut_fifo_2_entries@0
10 [0101] 0000000000000000000000000000000000000000000000000000000000000000 dut_fifo_2_entries@0
10 [0110] 1111111111111111111111111111111111111111111111111111111111111111 dut_fifo_2_entries@0
10 [0111] 1111111111111111111111111111111111111111111111111111111111111111 dut_fifo_2_entries@0
10 [1000] 1111111111111111111111111111111111111111111111111111111111111111 dut_fifo_2_entries@0
10 [1001] 1111111111111111111111111111111111111111111111111111111111111111 dut_fifo_2_entries@0
10 [1010] 1111111111111111111111111111111111111111111111111111111111111111 dut_fifo_2_entries@0
10 [1011] 0000000000000000000000000000000000000000000000000000000000000000 dut_fifo_2_entries@0
10 [1100] 1111111111111111111111111111111111111111111111111111111111111111 dut_fifo_2_entries@0
11 00000 dut_fifo_2_cnt#0
12 1111 dut_fifo_2_wrPtr#0
13 0000 dut_fifo_2_rdPtr#0
14 00000 dut_cc_2_credits#0
15 00000 tracker_elementCount#0
16 1 tracker_isActive#0
17 0000000000000000000000000000000000000000000000000000000000000000 tracker_packetValue#0
18 00101 tracker_packetCount#0
@0
0 1 reset@0
1 0 io_push_0@0
2 1 io_push_1@0
3 1 io_push_2@0
4 1111111111111111111111111111111111111111111111111111111111111111 io_data_in_0@0
5 1111111111111111111111111111111111111111111111111111111111111111 io_data_in_1@0
6 0000000000000000000000000000000000000000000000000000000000000000 io_data_in_2@0
7 1 io_req@0
8 00 io_gnt_sel@0
9 1 startTracking@0
@1
0 0 reset@1
1 1 io_push_0@1
2 1 io_push_1@1
3 1 io_push_2@1
4 1111000000000000000000111000000000000000000110000000000000001000 io_data_in_0@1
5 1111111111111111111111111111111111111111111111111111111111111111 io_data_in_1@1
6 1111111111111111111111111111111111111111111111111111111111111111 io_data_in_2@1
7 0 io_req@1
8 11 io_gnt_sel@1
9 1 startTracking@1
@2
0 0 reset@2
1 1 io_push_0@2
2 1 io_push_1@2
3 1 io_push_2@2
4 1111000000000000000000111000000000000000000110000000000000000000 io_data_in_0@2
5 1111111111111111111111111111111111111111111111111111111111111111 io_data_in_1@2
6 0000000000000000000000000000000000000000000000000000000000000000 io_data_in_2@2
7 0 io_req@2
8 00 io_gnt_sel@2
9 1 startTracking@2
@3
0 0 reset@3
1 1 io_push_0@3
2 0 io_push_1@3
3 0 io_push_2@3
4 1111000000000000000001111000000000000000000110000000000000001000 io_data_in_0@3
5 0000010001000100010001000100010001000100010001000100010001000010 io_data_in_1@3
6 1111111111111111111111111111111111111111111111111111111111111111 io_data_in_2@3
7 0 io_req@3
8 00 io_gnt_sel@3
9 0 startTracking@3
@4
0 0 reset@4
1 1 io_push_0@4
2 0 io_push_1@4
3 0 io_push_2@4
4 1111000000000000000001111000000000001000000110001000100001001000 io_data_in_0@4
5 0000000000000000000000000000000000000000000000000000000000000000 io_data_in_1@4
6 1111111111111111111111111111111111111111111111111111111111111111 io_data_in_2@4
7 0 io_req@4
8 01 io_gnt_sel@4
9 0 startTracking@4
@5
0 0 reset@5
1 1 io_push_0@5
2 1 io_push_1@5
3 1 io_push_2@5
4 1111000000000000000000111000000000000000000110000000000000001000 io_data_in_0@5
5 1111111110000000011000000000000000000111111111111000011000100110 io_data_in_1@5
6 0000000000000000000000000000000000000000000000000000000000000000 io_data_in_2@5
7 0 io_req@5
8 01 io_gnt_sel@5
9 0 startTracking@5
@6
0 0 reset@6
1 1 io_push_0@6
2 0 io_push_1@6
3 0 io_push_2@6
4 0111000000000000000001011000000110100110011111111111100001010000 io_data_in_0@6
5 0000000000000000000000000000000000000000000000000000000000000000 io_data_in_1@6
6 0000000000000000000000000000000000000000000000000000000000000000 io_data_in_2@6
7 0 io_req@6
8 00 io_gnt_sel@6
9 0 startTracking@6
@7
0 0 reset@7
1 1 io_push_0@7
2 0 io_push_1@7
3 1 io_push_2@7
4 1111000000000000000001011110011110111111011111111111100001010000 io_data_in_0@7
5 0000000000000000000000000000000000000000000000000000000000000000 io_data_in_1@7
6 0000000000000000000000000000000000000000000000000000000000000000 io_data_in_2@7
7 1 io_req@7
8 01 io_gnt_sel@7
9 0 startTracking@7
@8
0 0 reset@8
1 1 io_push_0@8
2 1 io_push_1@8
3 0 io_push_2@8
4 1111000000000000000001011000000110111111011111111111100001001000 io_data_in_0@8
5 0000010000000000000000000000000000000000000000000000001000000011 io_data_in_1@8
6 0000000000000000000000000000000000000000000000000000000000000000 io_data_in_2@8
7 1 io_req@8
8 01 io_gnt_sel@8
9 0 startTracking@8
@9
0 0 reset@9
1 1 io_push_0@9
2 1 io_push_1@9
3 1 io_push_2@9
4 1111000000000000000000111000000000000000000110000000000000001000 io_data_in_0@9
5 1111111110011111111111111110011111111111111110011111110111110111 io_data_in_1@9
6 0000000000000000000000000000000000000000000000000000000000000000 io_data_in_2@9
7 0 io_req@9
8 00 io_gnt_sel@9
9 1 startTracking@9
@10
0 0 reset@10
1 1 io_push_0@10
2 0 io_push_1@10
3 1 io_push_2@10
4 1111000000000000000000111000000000000000000110000000000000001000 io_data_in_0@10
5 0000000000000000000000000000000000000000000000000000000000000000 io_data_in_1@10
6 0000000000000000000000000000000000000000000000000000000000000000 io_data_in_2@10
7 1 io_req@10
8 01 io_gnt_sel@10
9 1 startTracking@10
@11
0 0 reset@11
1 1 io_push_0@11
2 0 io_push_1@11
3 1 io_push_2@11
4 1111000000000000000000111000000000000000000110000000000000001000 io_data_in_0@11
5 0000000000000000000000000000000000000000000000000000000000000000 io_data_in_1@11
6 0000000000000000000000000000000000000000000000000000000000000000 io_data_in_2@11
7 1 io_req@11
8 01 io_gnt_sel@11
9 0 startTracking@11
@12
0 0 reset@12
1 1 io_push_0@12
2 0 io_push_1@12
3 1 io_push_2@12
4 1111000000000000000000111000000000000000000110000000000000001000 io_data_in_0@12
5 0000000000000000000000000000000000000000000000000000000000000000 io_data_in_1@12
6 0000000000000000000000000000000000000000000000000000000000000000 io_data_in_2@12
7 0 io_req@12
8 00 io_gnt_sel@12
9 0 startTracking@12
@13
0 0 reset@13
1 1 io_push_0@13
2 1 io_push_1@13
3 1 io_push_2@13
4 1111000000000000000000111000000000000000000110000000000000001000 io_data_in_0@13
5 1111000000000000000000111000000000000000000000000000000000000000 io_data_in_1@13
6 0000000000000000000000000000000000000000000000000000000000000000 io_data_in_2@13
7 0 io_req@13
8 00 io_gnt_sel@13
9 1 startTracking@13
@14
0 0 reset@14
1 1 io_push_0@14
2 1 io_push_1@14
3 1 io_push_2@14
4 1111000000000000000000111000000000000000000110000000000000001000 io_data_in_0@14
5 0000000000000000000000000000000000000000000000000000000000000000 io_data_in_1@14
6 0000000000000000000000000000000000000000000000000000000000000000 io_data_in_2@14
7 1 io_req@14
8 01 io_gnt_sel@14
9 1 startTracking@14
@15
0 0 reset@15
1 1 io_push_0@15
2 1 io_push_1@15
3 1 io_push_2@15
4 1111000000000000000000111000000000000000000110000000000000001000 io_data_in_0@15
5 0000000000000000000000000000000000000000000000000000000000000000 io_data_in_1@15
6 1111111111111111111111111111111111111111111111111111111111111111 io_data_in_2@15
7 0 io_req@15
8 00 io_gnt_sel@15
9 1 startTracking@15
@16
0 0 reset@16
1 1 io_push_0@16
2 1 io_push_1@16
3 1 io_push_2@16
4 0000000000000000000000000000000000000000010000010000001110000000 io_data_in_0@16
5 0000000000000000000000000000000000000000000000000000000000000000 io_data_in_1@16
6 1111111111111111111111111111111111111111111111111111111111111111 io_data_in_2@16
7 1 io_req@16
8 11 io_gnt_sel@16
9 1 startTracking@16
@17
0 0 reset@17
1 1 io_push_0@17
2 1 io_push_1@17
3 1 io_push_2@17
4 1111000000000000000000111000000000000000000110000000000000000000 io_data_in_0@17
5 0000000000000000000000000000000000000000000000000000000000000000 io_data_in_1@17
6 0000000000000000000000000000000000000000000000000000000000000000 io_data_in_2@17
7 1 io_req@17
8 01 io_gnt_sel@17
9 1 startTracking@17
@18
0 0 reset@18
1 0 io_push_0@18
2 1 io_push_1@18
3 1 io_push_2@18
4 1111000000000000000000111000000000000000000110000000000000000000 io_data_in_0@18
5 0000000000000000000000000000000000000000000000000000000000000000 io_data_in_1@18
6 0000000000000000000000000000000000000000000000000000000000000000 io_data_in_2@18
7 1 io_req@18
8 00 io_gnt_sel@18
9 1 startTracking@18
.
