sat
b1
#0
0 [00] 11111111 dut_fifo_entries@0
0 [01] 11111111 dut_fifo_entries@0
0 [10] 11111111 dut_fifo_entries@0
0 [11] 11101000 dut_fifo_entries@0
1 000 dut_fifo_cnt#0
2 00 dut_fifo_wrPtr#0
3 00 dut_fifo_rdPtr#0
4 001 dut_cc_credits#0
5 [00] 00000000 dut_fifo_1_entries@0
6 000 dut_fifo_1_cnt#0
7 00 dut_fifo_1_wrPtr#0
8 00 dut_fifo_1_rdPtr#0
9 001 dut_cc_1_credits#0
10 [00] 11111111 dut_fifo_2_entries@0
11 000 dut_fifo_2_cnt#0
12 00 dut_fifo_2_wrPtr#0
13 00 dut_fifo_2_rdPtr#0
14 001 dut_cc_2_credits#0
15 [00] 00000000 dut_fifo_3_entries@0
15 [01] 00000000 dut_fifo_3_entries@0
16 001 dut_fifo_3_cnt#0
17 00 dut_fifo_3_wrPtr#0
18 00 dut_fifo_3_rdPtr#0
19 001 dut_cc_3_credits#0
21 000 queues_0_enq_ptr_value#0
22 000 queues_0_deq_ptr_value#0
23 1 queues_0_maybe_full#0
24 [000] 00000000 queues_1_ram@0
25 001 queues_1_enq_ptr_value#0
26 000 queues_1_deq_ptr_value#0
27 1 queues_1_maybe_full#0
28 [000] 11111111 queues_2_ram@0
29 001 queues_2_enq_ptr_value#0
30 000 queues_2_deq_ptr_value#0
31 1 queues_2_maybe_full#0
32 [000] 00000000 queues_3_ram@0
33 000 queues_3_enq_ptr_value#0
34 001 queues_3_deq_ptr_value#0
35 1 queues_3_maybe_full#0
@0
0 1 reset@0
1 1 tryPush_0@0
2 0 tryPush_1@0
3 0 tryPush_2@0
4 0 tryPush_3@0
5 11111111 fifoDataIn_0@0
6 00011110 fifoDataIn_1@0
7 11001110 fifoDataIn_2@0
8 11111100 fifoDataIn_3@0
9 1 tryReq@0
10 00 selectShift@0
11 000 queues_0__GEN_0_invalid@0
12 0 queues_0__GEN_3_invalid@0
13 00000000 queues_0__GEN_4_invalid@0
14 001 queues_1__GEN_0_invalid@0
15 0 queues_1__GEN_3_invalid@0
16 10000000 queues_1__GEN_4_invalid@0
17 001 queues_2__GEN_0_invalid@0
18 0 queues_2__GEN_3_invalid@0
19 11111110 queues_2__GEN_4_invalid@0
20 000 queues_3__GEN_0_invalid@0
21 0 queues_3__GEN_3_invalid@0
22 00000100 queues_3__GEN_4_invalid@0
@1
0 0 reset@1
1 1 tryPush_0@1
2 0 tryPush_1@1
3 0 tryPush_2@1
4 0 tryPush_3@1
5 00000001 fifoDataIn_0@1
6 00000000 fifoDataIn_1@1
7 10001001 fifoDataIn_2@1
8 00000000 fifoDataIn_3@1
9 0 tryReq@1
10 00 selectShift@1
11 000 queues_0__GEN_0_invalid@1
12 0 queues_0__GEN_3_invalid@1
13 10000001 queues_0__GEN_4_invalid@1
14 000 queues_1__GEN_0_invalid@1
15 0 queues_1__GEN_3_invalid@1
16 00000000 queues_1__GEN_4_invalid@1
17 000 queues_2__GEN_0_invalid@1
18 0 queues_2__GEN_3_invalid@1
19 11111111 queues_2__GEN_4_invalid@1
20 000 queues_3__GEN_0_invalid@1
21 0 queues_3__GEN_3_invalid@1
22 00000000 queues_3__GEN_4_invalid@1
@2
0 0 reset@2
1 1 tryPush_0@2
2 0 tryPush_1@2
3 0 tryPush_2@2
4 0 tryPush_3@2
5 00000001 fifoDataIn_0@2
6 00000000 fifoDataIn_1@2
7 10001001 fifoDataIn_2@2
8 00000000 fifoDataIn_3@2
9 1 tryReq@2
10 11 selectShift@2
11 011 queues_0__GEN_0_invalid@2
12 0 queues_0__GEN_3_invalid@2
13 10000001 queues_0__GEN_4_invalid@2
14 001 queues_1__GEN_0_invalid@2
15 0 queues_1__GEN_3_invalid@2
16 00000000 queues_1__GEN_4_invalid@2
17 000 queues_2__GEN_0_invalid@2
18 0 queues_2__GEN_3_invalid@2
19 11111111 queues_2__GEN_4_invalid@2
20 000 queues_3__GEN_0_invalid@2
21 0 queues_3__GEN_3_invalid@2
22 00000000 queues_3__GEN_4_invalid@2
@3
0 0 reset@3
1 1 tryPush_0@3
2 0 tryPush_1@3
3 0 tryPush_2@3
4 0 tryPush_3@3
5 00000000 fifoDataIn_0@3
6 00000000 fifoDataIn_1@3
7 11111111 fifoDataIn_2@3
8 00000000 fifoDataIn_3@3
9 0 tryReq@3
10 11 selectShift@3
11 001 queues_0__GEN_0_invalid@3
12 0 queues_0__GEN_3_invalid@3
13 00011011 queues_0__GEN_4_invalid@3
14 010 queues_1__GEN_0_invalid@3
15 0 queues_1__GEN_3_invalid@3
16 00000000 queues_1__GEN_4_invalid@3
17 000 queues_2__GEN_0_invalid@3
18 0 queues_2__GEN_3_invalid@3
19 11111111 queues_2__GEN_4_invalid@3
20 000 queues_3__GEN_0_invalid@3
21 0 queues_3__GEN_3_invalid@3
22 00000000 queues_3__GEN_4_invalid@3
@4
0 0 reset@4
1 1 tryPush_0@4
2 0 tryPush_1@4
3 0 tryPush_2@4
4 1 tryPush_3@4
5 00000001 fifoDataIn_0@4
6 00000000 fifoDataIn_1@4
7 11111111 fifoDataIn_2@4
8 00000000 fifoDataIn_3@4
9 0 tryReq@4
10 11 selectShift@4
11 110 queues_0__GEN_0_invalid@4
12 0 queues_0__GEN_3_invalid@4
13 10101110 queues_0__GEN_4_invalid@4
14 011 queues_1__GEN_0_invalid@4
15 0 queues_1__GEN_3_invalid@4
16 00000000 queues_1__GEN_4_invalid@4
17 001 queues_2__GEN_0_invalid@4
18 0 queues_2__GEN_3_invalid@4
19 11111111 queues_2__GEN_4_invalid@4
20 010 queues_3__GEN_0_invalid@4
21 0 queues_3__GEN_3_invalid@4
22 00000000 queues_3__GEN_4_invalid@4
@5
0 0 reset@5
1 1 tryPush_0@5
2 1 tryPush_1@5
3 0 tryPush_2@5
4 1 tryPush_3@5
5 00000000 fifoDataIn_0@5
6 00000000 fifoDataIn_1@5
7 11111111 fifoDataIn_2@5
8 00000000 fifoDataIn_3@5
9 0 tryReq@5
10 01 selectShift@5
11 000 queues_0__GEN_0_invalid@5
12 0 queues_0__GEN_3_invalid@5
13 00000000 queues_0__GEN_4_invalid@5
14 000 queues_1__GEN_0_invalid@5
15 0 queues_1__GEN_3_invalid@5
16 00000000 queues_1__GEN_4_invalid@5
17 000 queues_2__GEN_0_invalid@5
18 0 queues_2__GEN_3_invalid@5
19 00000000 queues_2__GEN_4_invalid@5
20 000 queues_3__GEN_0_invalid@5
21 0 queues_3__GEN_3_invalid@5
22 00000000 queues_3__GEN_4_invalid@5
@6
0 0 reset@6
1 0 tryPush_0@6
2 0 tryPush_1@6
3 0 tryPush_2@6
4 0 tryPush_3@6
5 11111111 fifoDataIn_0@6
6 00000000 fifoDataIn_1@6
7 00000000 fifoDataIn_2@6
8 00000000 fifoDataIn_3@6
9 1 tryReq@6
10 00 selectShift@6
11 000 queues_0__GEN_0_invalid@6
12 0 queues_0__GEN_3_invalid@6
13 00000000 queues_0__GEN_4_invalid@6
14 000 queues_1__GEN_0_invalid@6
15 0 queues_1__GEN_3_invalid@6
16 00000000 queues_1__GEN_4_invalid@6
17 000 queues_2__GEN_0_invalid@6
18 0 queues_2__GEN_3_invalid@6
19 00000000 queues_2__GEN_4_invalid@6
20 000 queues_3__GEN_0_invalid@6
21 0 queues_3__GEN_3_invalid@6
22 00000000 queues_3__GEN_4_invalid@6
.
