sat
b0
#0
2 0 x#0
3 0 y#0
4 01 data#0
@0
0 1 reset@0
1 0 inc_x@0
2 1 inc_y@0
3 0 _GEN_1_invalid@0
4 0 _GEN_4_invalid@0
5 0 _GEN_6_invalid@0
6 0 _GEN_9_invalid@0
7 1 _GEN_10_invalid@0
8 0 _GEN_13_invalid@0
9 00 _GEN_14_invalid@0
@1
0 0 reset@1
1 0 inc_x@1
2 1 inc_y@1
3 1 _GEN_1_invalid@1
4 0 _GEN_4_invalid@1
5 0 _GEN_6_invalid@1
6 1 _GEN_9_invalid@1
7 0 _GEN_10_invalid@1
8 0 _GEN_13_invalid@1
9 00 _GEN_14_invalid@1
@2
0 0 reset@2
1 0 inc_x@2
2 1 inc_y@2
3 1 _GEN_1_invalid@2
4 1 _GEN_4_invalid@2
5 1 _GEN_6_invalid@2
6 1 _GEN_9_invalid@2
7 0 _GEN_10_invalid@2
8 0 _GEN_13_invalid@2
9 11 _GEN_14_invalid@2
@3
0 1 reset@3
1 1 inc_x@3
2 1 inc_y@3
3 1 _GEN_1_invalid@3
4 0 _GEN_4_invalid@3
5 1 _GEN_6_invalid@3
6 1 _GEN_9_invalid@3
7 0 _GEN_10_invalid@3
8 0 _GEN_13_invalid@3
9 10 _GEN_14_invalid@3
@4
0 0 reset@4
1 0 inc_x@4
2 0 inc_y@4
3 0 _GEN_1_invalid@4
4 0 _GEN_4_invalid@4
5 0 _GEN_6_invalid@4
6 0 _GEN_9_invalid@4
7 0 _GEN_10_invalid@4
8 0 _GEN_13_invalid@4
9 00 _GEN_14_invalid@4
.
