sat
b1
#0
0 [011] 0000000000000000000000000000000000000000000000010000000100000010 dut_fifo_entries@0
0 [000] 0110101110011100000011010111101101001111110011101010101001101110 dut_fifo_entries@0
0 [001] 1111000101010000100000101001011000000000100001100110111011011000 dut_fifo_entries@0
0 [010] 1011111101111010100110100001111000101100101010111111111111011001 dut_fifo_entries@0
0 [100] 1110011101001110110000101001010000100100101001110110100011011001 dut_fifo_entries@0
0 [101] 1111000101010000110000101001011000000000100000110110111011011001 dut_fifo_entries@0
0 [110] 1011100001011010110000100000011100011001000110111111100101011000 dut_fifo_entries@0
0 [111] 1111000011001100100000101001011000000000100000110110111011011000 dut_fifo_entries@0
1 0001 dut_fifo_cnt#0
2 011 dut_fifo_wrPtr#0
3 000 dut_fifo_rdPtr#0
4 0001 dut_cc_credits#0
5 [000] 0000000000000000000000000000000000000000000000000000000110001011 dut_fifo_1_entries@0
5 [001] 1001111010001000100010001000100010001000100010001000100010101011 dut_fifo_1_entries@0
5 [010] 1101111011101010111011101110110011001110100011001010110011001011 dut_fifo_1_entries@0
5 [011] 1110000010111010111011110100011000010101101010010111110101100110 dut_fifo_1_entries@0
6 0001 dut_fifo_1_cnt#0
7 000 dut_fifo_1_wrPtr#0
8 000 dut_fifo_1_rdPtr#0
9 0001 dut_cc_1_credits#0
10 [101] 1111111111111111111111111111111111111111111111111111111111111111 dut_fifo_2_entries@0
10 [000] 0001110110001001000110000001000000001000000010001011100110011000 dut_fifo_2_entries@0
10 [001] 0001110110011001100110000001000000001000000010001011100110011010 dut_fifo_2_entries@0
10 [010] 0001110110001001000110000001000000001000000010001001000000000011 dut_fifo_2_entries@0
10 [011] 0001110110001001000110000001000000001000000010001001100110011000 dut_fifo_2_entries@0
11 0000 dut_fifo_2_cnt#0
12 101 dut_fifo_2_wrPtr#0
13 000 dut_fifo_2_rdPtr#0
14 0001 dut_cc_2_credits#0
15 [000] 1111111111111111111111111111111111111111111111111111111111111111 dut_fifo_3_entries@0
15 [001] 1001111111101010100010100000010100111100001110111111000111111000 dut_fifo_3_entries@0
15 [010] 1001011111101010100010100000010100111100001110111111000111111000 dut_fifo_3_entries@0
15 [011] 1001111111101010100010100000010100111100001110111111000111111000 dut_fifo_3_entries@0
16 0000 dut_fifo_3_cnt#0
17 000 dut_fifo_3_wrPtr#0
18 000 dut_fifo_3_rdPtr#0
19 0001 dut_cc_3_credits#0
21 1111 queues_0_enq_ptr_value#0
22 1111 queues_0_deq_ptr_value#0
23 0 queues_0_maybe_full#0
24 [0000] 0100000111110010011101111110110011001111100001001011010011111011 queues_1_ram@0
25 0000 queues_1_enq_ptr_value#0
26 0000 queues_1_deq_ptr_value#0
27 0 queues_1_maybe_full#0
28 [0000] 0000000100000000000000000000000000000000000000001011100000000010 queues_2_ram@0
29 1000 queues_2_enq_ptr_value#0
30 1000 queues_2_deq_ptr_value#0
31 0 queues_2_maybe_full#0
32 [0000] 0100100001101010111101101110010011011110000111001011010001110000 queues_3_ram@0
33 1111 queues_3_enq_ptr_value#0
34 1111 queues_3_deq_ptr_value#0
35 1 queues_3_maybe_full#0
@0
0 1 reset@0
1 1 tryPush_0@0
2 0 tryPush_1@0
3 1 tryPush_2@0
4 1 tryPush_3@0
5 1000011101111010110110100001110000101100101011111111100111010001 fifoDataIn_0@0
6 1111111111111111111111111111111111111111111111111111111111111111 fifoDataIn_1@0
7 0001000000000001000100000000000110011001000110001011000000000010 fifoDataIn_2@0
8 1001111111101010100010100000010100111100001110111111000111111000 fifoDataIn_3@0
9 1 tryReq@0
10 01 selectShift@0
11 0000 queues_0__GEN_0_invalid@0
12 0 queues_0__GEN_3_invalid@0
13 0011000100000001110010000000000010011000000010011000000000001000 queues_0__GEN_4_invalid@0
14 0000 queues_1__GEN_0_invalid@0
15 0 queues_1__GEN_3_invalid@0
16 0000001001100000000000000000000000000000000000000000000000000100 queues_1__GEN_4_invalid@0
17 1111 queues_2__GEN_0_invalid@0
18 0 queues_2__GEN_3_invalid@0
19 1111111111111111111111111111111111111111111111111111111111111111 queues_2__GEN_4_invalid@0
20 1111 queues_3__GEN_0_invalid@0
21 0 queues_3__GEN_3_invalid@0
22 1111111111111111111111111111111111111111111111111111111111111111 queues_3__GEN_4_invalid@0
@1
0 0 reset@1
1 1 tryPush_0@1
2 0 tryPush_1@1
3 0 tryPush_2@1
4 0 tryPush_3@1
5 1000111101111010100110100001110000101100101010111111100111010000 fifoDataIn_0@1
6 0000000000000000000000000000000000000000000000000000000110001011 fifoDataIn_1@1
7 0000000100000000000000000000000000000000000000001011100000000010 fifoDataIn_2@1
8 1100001001001110111101101010000011011100011111001001001000110000 fifoDataIn_3@1
9 0 tryReq@1
10 00 selectShift@1
11 0000 queues_0__GEN_0_invalid@1
12 0 queues_0__GEN_3_invalid@1
13 1111000001011001100110011001100111011011111110100000011001100100 queues_0__GEN_4_invalid@1
14 0000 queues_1__GEN_0_invalid@1
15 0 queues_1__GEN_3_invalid@1
16 0100000111110010011101111110110011001111100001001011010011111011 queues_1__GEN_4_invalid@1
17 0000 queues_2__GEN_0_invalid@1
18 0 queues_2__GEN_3_invalid@1
19 0000000100000000000000000000000000000000000000001011100000000010 queues_2__GEN_4_invalid@1
20 0000 queues_3__GEN_0_invalid@1
21 0 queues_3__GEN_3_invalid@1
22 0100100001101010111101101110010011011110000111001011010001110000 queues_3__GEN_4_invalid@1
@2
0 0 reset@2
1 1 tryPush_0@2
2 0 tryPush_1@2
3 0 tryPush_2@2
4 0 tryPush_3@2
5 1000111101111010100110100001110000101100101010111111100111010010 fifoDataIn_0@2
6 0000000000000000000000000000000000000000000000000000000110001011 fifoDataIn_1@2
7 0001110110011001000110000001000000001000000010001011100110011010 fifoDataIn_2@2
8 1100001001001110111101101010000011011100011111001001001000110000 fifoDataIn_3@2
9 1 tryReq@2
10 11 selectShift@2
11 0100 queues_0__GEN_0_invalid@2
12 0 queues_0__GEN_3_invalid@2
13 1111111111101111111100011000110010100111100100011101010011111001 queues_0__GEN_4_invalid@2
14 0000 queues_1__GEN_0_invalid@2
15 0 queues_1__GEN_3_invalid@2
16 0100000111110010011101111110110011001111100001001011010011111011 queues_1__GEN_4_invalid@2
17 0001 queues_2__GEN_0_invalid@2
18 0 queues_2__GEN_3_invalid@2
19 0001110110001001000110000001000000001000000010001011100110011000 queues_2__GEN_4_invalid@2
20 1001 queues_3__GEN_0_invalid@2
21 0 queues_3__GEN_3_invalid@2
22 0100000111110010011101111110110011001111100001001011010011110100 queues_3__GEN_4_invalid@2
@3
0 0 reset@3
1 1 tryPush_0@3
2 0 tryPush_1@3
3 0 tryPush_2@3
4 0 tryPush_3@3
5 1000111100111010100110100001110000101100101010111111000111010000 fifoDataIn_0@3
6 0000000000000000000000000000000000000000000000000000000110001011 fifoDataIn_1@3
7 0000000000000000000000000000000000000000000000001001100000000010 fifoDataIn_2@3
8 1100101001001110111101101010000011011100011111001001001000111100 fifoDataIn_3@3
9 0 tryReq@3
10 01 selectShift@3
11 0010 queues_0__GEN_0_invalid@3
12 0 queues_0__GEN_3_invalid@3
13 0111110011101111111010011000110010000111100001011101010011101001 queues_0__GEN_4_invalid@3
14 0000 queues_1__GEN_0_invalid@3
15 0 queues_1__GEN_3_invalid@3
16 0100000111110010001001100110010001000110000001000010010111101011 queues_1__GEN_4_invalid@3
17 0010 queues_2__GEN_0_invalid@3
18 0 queues_2__GEN_3_invalid@3
19 0000010000000000000000000000000000000000000000001001100000000010 queues_2__GEN_4_invalid@3
20 0010 queues_3__GEN_0_invalid@3
21 0 queues_3__GEN_3_invalid@3
22 1001011111101010100010100000010100111100001110111111000111111000 queues_3__GEN_4_invalid@3
@4
0 0 reset@4
1 1 tryPush_0@4
2 0 tryPush_1@4
3 0 tryPush_2@4
4 0 tryPush_3@4
5 1011110111011110100110100000011101111111001110111111100111010010 fifoDataIn_0@4
6 0000000000000000000000000000000000000000000000000000000110001011 fifoDataIn_1@4
7 0001000100011001100100001001100010000000000000001011000110011000 fifoDataIn_2@4
8 0000000000000000000000000000000000000000000000000000000000000000 fifoDataIn_3@4
9 0 tryReq@4
10 01 selectShift@4
11 0000 queues_0__GEN_0_invalid@4
12 0 queues_0__GEN_3_invalid@4
13 0001001110110000111100010110111111100000110110000001101010011010 queues_0__GEN_4_invalid@4
14 0011 queues_1__GEN_0_invalid@4
15 0 queues_1__GEN_3_invalid@4
16 0100000111110010011101111110110011001111100001001011010011111011 queues_1__GEN_4_invalid@4
17 0011 queues_2__GEN_0_invalid@4
18 0 queues_2__GEN_3_invalid@4
19 0001110110001001000110000001000000001000000010001011100110011000 queues_2__GEN_4_invalid@4
20 0001 queues_3__GEN_0_invalid@4
21 0 queues_3__GEN_3_invalid@4
22 0100000111110010011101111110110011001111100001001011010011111010 queues_3__GEN_4_invalid@4
@5
0 0 reset@5
1 1 tryPush_0@5
2 0 tryPush_1@5
3 1 tryPush_2@5
4 1 tryPush_3@5
5 1100111101111010100110100001110000101100101010111111100111010010 fifoDataIn_0@5
6 1001111010001000100010001000100010001000100010001000100010101111 fifoDataIn_1@5
7 0001110110001001000110000001000000001000000010001011100110011000 fifoDataIn_2@5
8 0100000111110010011101111110110011001111100001001011010011111010 fifoDataIn_3@5
9 0 tryReq@5
10 01 selectShift@5
11 0010 queues_0__GEN_0_invalid@5
12 0 queues_0__GEN_3_invalid@5
13 1001000111010000100000101001011000000000100001100110111011011000 queues_0__GEN_4_invalid@5
14 0011 queues_1__GEN_0_invalid@5
15 0 queues_1__GEN_3_invalid@5
16 0110000101011011011101110111110011001110100011011011010101100011 queues_1__GEN_4_invalid@5
17 0011 queues_2__GEN_0_invalid@5
18 0 queues_2__GEN_3_invalid@5
19 0001100000000001000100000000000000011001100010001001000000000010 queues_2__GEN_4_invalid@5
20 0001 queues_3__GEN_0_invalid@5
21 0 queues_3__GEN_3_invalid@5
22 1100001001001110111101101010000011011100011111001001001000111110 queues_3__GEN_4_invalid@5
@6
0 0 reset@6
1 1 tryPush_0@6
2 1 tryPush_1@6
3 1 tryPush_2@6
4 0 tryPush_3@6
5 1000111101111000010110110001110000101100101011111110100111010010 fifoDataIn_0@6
6 0100000111110010011101111110110011001111100001001011010011111011 fifoDataIn_1@6
7 0001110110001001000110000001000000001000000010001001000000000010 fifoDataIn_2@6
8 1100001001001110111101101010000011011100011111001001001000111100 fifoDataIn_3@6
9 0 tryReq@6
10 01 selectShift@6
11 0000 queues_0__GEN_0_invalid@6
12 0 queues_0__GEN_3_invalid@6
13 1111000101110000110000101001011000000000100010100110111011001000 queues_0__GEN_4_invalid@6
14 0011 queues_1__GEN_0_invalid@6
15 0 queues_1__GEN_3_invalid@6
16 0001100110011001100110011001100110011001100110011001100110011011 queues_1__GEN_4_invalid@6
17 0000 queues_2__GEN_0_invalid@6
18 0 queues_2__GEN_3_invalid@6
19 0001000110000001000100000000000110011001100110001001000000000011 queues_2__GEN_4_invalid@6
20 0100 queues_3__GEN_0_invalid@6
21 0 queues_3__GEN_3_invalid@6
22 1001111111101010100010100000010100111100001110111111000111111000 queues_3__GEN_4_invalid@6
@7
0 0 reset@7
1 1 tryPush_0@7
2 1 tryPush_1@7
3 1 tryPush_2@7
4 1 tryPush_3@7
5 1000111101111010100110100001110000101100101010111111100111010010 fifoDataIn_0@7
6 0100000111110010011101111110110011001111100001001011010011111011 fifoDataIn_1@7
7 0000000000000000000000000000000000000000000000000010000000000011 fifoDataIn_2@7
8 1001111111101010100010100000010100111100001110111111000111111000 fifoDataIn_3@7
9 0 tryReq@7
10 00 selectShift@7
11 0100 queues_0__GEN_0_invalid@7
12 0 queues_0__GEN_3_invalid@7
13 1111111010110101100101100010000101111011011000100111000011011100 queues_0__GEN_4_invalid@7
14 0010 queues_1__GEN_0_invalid@7
15 0 queues_1__GEN_3_invalid@7
16 1010000000000000000000000000000000000000000000000000000000000001 queues_1__GEN_4_invalid@7
17 0110 queues_2__GEN_0_invalid@7
18 0 queues_2__GEN_3_invalid@7
19 0000000000000000000000000000000000000000000000000000000000000000 queues_2__GEN_4_invalid@7
20 0001 queues_3__GEN_0_invalid@7
21 0 queues_3__GEN_3_invalid@7
22 1100001001001110111101101010000011011100011111001001001000111100 queues_3__GEN_4_invalid@7
@8
0 0 reset@8
1 1 tryPush_0@8
2 1 tryPush_1@8
3 0 tryPush_2@8
4 1 tryPush_3@8
5 1000111101111010100110100001110000101100101010111111100111010010 fifoDataIn_0@8
6 1110000010111010111011110100011000010101101010010111110101100110 fifoDataIn_1@8
7 0001000000011001100110011001100010011001100110000001100110011011 fifoDataIn_2@8
8 1001111111101010100010100000010100111100001110111111000111111000 fifoDataIn_3@8
9 1 tryReq@8
10 01 selectShift@8
11 0100 queues_0__GEN_0_invalid@8
12 0 queues_0__GEN_3_invalid@8
13 1111010011001000100000101001011000000000100000100110111011011000 queues_0__GEN_4_invalid@8
14 1010 queues_1__GEN_0_invalid@8
15 0 queues_1__GEN_3_invalid@8
16 1010000000000000000000000000000000000000000000000000000000000001 queues_1__GEN_4_invalid@8
17 0111 queues_2__GEN_0_invalid@8
18 0 queues_2__GEN_3_invalid@8
19 1000000000000000000000000000000000000000000000000000000000000000 queues_2__GEN_4_invalid@8
20 0000 queues_3__GEN_0_invalid@8
21 0 queues_3__GEN_3_invalid@8
22 0000000000000000000000000000000000000000000000000000000000000000 queues_3__GEN_4_invalid@8
@9
0 0 reset@9
1 1 tryPush_0@9
2 0 tryPush_1@9
3 0 tryPush_2@9
4 1 tryPush_3@9
5 1000111101111010100110100001110000101100101010111111100111010010 fifoDataIn_0@9
6 1111111111111111111111111111111111111111111111111111111111111111 fifoDataIn_1@9
7 0001100010001000000010010001100000001001000110010000000010011001 fifoDataIn_2@9
8 1001111111101010100010100000010100111100001110111111000111111000 fifoDataIn_3@9
9 1 tryReq@9
10 01 selectShift@9
11 0111 queues_0__GEN_0_invalid@9
12 0 queues_0__GEN_3_invalid@9
13 1111000101010000100000101001011000000000100010100110111011001001 queues_0__GEN_4_invalid@9
14 0000 queues_1__GEN_0_invalid@9
15 0 queues_1__GEN_3_invalid@9
16 0000000000000000000000000000000000000000000000000000000000000000 queues_1__GEN_4_invalid@9
17 0000 queues_2__GEN_0_invalid@9
18 0 queues_2__GEN_3_invalid@9
19 0000000000000000000000000000000000000000000000000000000000000000 queues_2__GEN_4_invalid@9
20 0000 queues_3__GEN_0_invalid@9
21 0 queues_3__GEN_3_invalid@9
22 0000000000000000000000000000000000000000000000000000000000000000 queues_3__GEN_4_invalid@9
@10
0 0 reset@10
1 0 tryPush_0@10
2 0 tryPush_1@10
3 0 tryPush_2@10
4 0 tryPush_3@10
5 1111111111111111111111111111111111111111111111111111111111111111 fifoDataIn_0@10
6 0000000000000000000000000000000000000000000000000000000000000000 fifoDataIn_1@10
7 0000000000000000000000000000000000000000000000000000000000000000 fifoDataIn_2@10
8 0000000000000000000000000000000000000000000000000000000000000000 fifoDataIn_3@10
9 1 tryReq@10
10 00 selectShift@10
11 0000 queues_0__GEN_0_invalid@10
12 0 queues_0__GEN_3_invalid@10
13 0000000000000000000000000000000000000000000000000000000000000000 queues_0__GEN_4_invalid@10
14 0000 queues_1__GEN_0_invalid@10
15 0 queues_1__GEN_3_invalid@10
16 0000000000000000000000000000000000000000000000000000000000000000 queues_1__GEN_4_invalid@10
17 0000 queues_2__GEN_0_invalid@10
18 0 queues_2__GEN_3_invalid@10
19 0000000000000000000000000000000000000000000000000000000000000000 queues_2__GEN_4_invalid@10
20 0000 queues_3__GEN_0_invalid@10
21 0 queues_3__GEN_3_invalid@10
22 0000000000000000000000000000000000000000000000000000000000000000 queues_3__GEN_4_invalid@10
.
