sat
b1
#0
0 [001] 1110010100110101101011111101011001011011100110001000110111001001 dut_fifo_entries@0
0 [000] 0000100000011001100000000000000010011000000000000000000001000011 dut_fifo_entries@0
0 [010] 1110010100110101101011111101011001011011100110001000110111001001 dut_fifo_entries@0
0 [011] 0001110100111100001011100101011001011011100100001000111101011011 dut_fifo_entries@0
0 [100] 1011110100001110100010000111011000111011100101101000101101010011 dut_fifo_entries@0
0 [101] 1001011011100110110001000010000001111000010100010010001000010111 dut_fifo_entries@0
0 [110] 1001001011001000110000100100011000100110000101001011111101110011 dut_fifo_entries@0
0 [111] 0001111101100011101001111110101010001111110001110010001110111110 dut_fifo_entries@0
1 0001 dut_fifo_cnt#0
2 001 dut_fifo_wrPtr#0
3 000 dut_fifo_rdPtr#0
4 0000 dut_cc_credits#0
5 [010] 1111111111111111111111111111111111111111111111111111111111111111 dut_fifo_1_entries@0
5 [000] 1111111101111010111001111111011001101110011111111111111111101110 dut_fifo_1_entries@0
5 [001] 0110011001100010011001100110011001000110011001100110011001100100 dut_fifo_1_entries@0
5 [011] 1111111111111111111111111111111111111111111111111111111111111111 dut_fifo_1_entries@0
6 0001 dut_fifo_1_cnt#0
7 010 dut_fifo_1_wrPtr#0
8 000 dut_fifo_1_rdPtr#0
9 0001 dut_cc_1_credits#0
10 [000] 0000000000000000000000000000000000000000000000000000000000000111 dut_fifo_2_entries@0
10 [001] 0000000000000000000000000000000000000000000000000000000000000000 dut_fifo_2_entries@0
11 0000 dut_fifo_2_cnt#0
12 000 dut_fifo_2_wrPtr#0
13 000 dut_fifo_2_rdPtr#0
14 0001 dut_cc_2_credits#0
16 1111 queues_0_enq_ptr_value#0
17 1111 queues_0_deq_ptr_value#0
18 1 queues_0_maybe_full#0
19 [0000] 1111111101111010111001111111011001101110011111111111111111101111 queues_1_ram@0
20 0000 queues_1_enq_ptr_value#0
21 0000 queues_1_deq_ptr_value#0
22 0 queues_1_maybe_full#0
23 [0000] 0011110110001000100010001010101010000111000110010101000000010111 queues_2_ram@0
24 1000 queues_2_enq_ptr_value#0
25 1000 queues_2_deq_ptr_value#0
26 0 queues_2_maybe_full#0
@0
0 1 reset@0
1 0 tryPush_0@0
2 0 tryPush_1@0
3 0 tryPush_2@0
4 0100001101010010111011011001110111011110011011001010101010011001 fifoDataIn_0@0
5 1111111111111111111111111111111100000000000000000000000000000100 fifoDataIn_1@0
6 0000000000000000000000000000000000000000000000000000000000000000 fifoDataIn_2@0
7 0 tryReq@0
8 01 selectShift@0
9 1111 queues_0__GEN_0_invalid@0
10 0 queues_0__GEN_3_invalid@0
11 0011100110011001101111111110011001110111000110010000001000101101 queues_0__GEN_4_invalid@0
12 0000 queues_1__GEN_0_invalid@0
13 0 queues_1__GEN_3_invalid@0
14 0000000000000000000000000000000000000000000000000000000000000110 queues_1__GEN_4_invalid@0
15 1000 queues_2__GEN_0_invalid@0
16 0 queues_2__GEN_3_invalid@0
17 0001100110011001100110011001100110011001100110011001100110011001 queues_2__GEN_4_invalid@0
@1
0 0 reset@1
1 1 tryPush_0@1
2 0 tryPush_1@1
3 0 tryPush_2@1
4 0001111101100011101001111110101010001111101001110000001110101110 fifoDataIn_0@1
5 1111111101111010111001111111011001101110011111111111111111101111 fifoDataIn_1@1
6 0011110110001000100010001010101010000111000110010101000000010111 fifoDataIn_2@1
7 0 tryReq@1
8 00 selectShift@1
9 0000 queues_0__GEN_0_invalid@1
10 0 queues_0__GEN_3_invalid@1
11 0000100000011001100000000000000010011000000000000000000001000011 queues_0__GEN_4_invalid@1
12 0000 queues_1__GEN_0_invalid@1
13 0 queues_1__GEN_3_invalid@1
14 1111111101111010111001111111011001101110011111111111111111101111 queues_1__GEN_4_invalid@1
15 0000 queues_2__GEN_0_invalid@1
16 0 queues_2__GEN_3_invalid@1
17 0011110110001000100010001010101010000111000110010101000000010111 queues_2__GEN_4_invalid@1
@2
0 0 reset@2
1 1 tryPush_0@2
2 0 tryPush_1@2
3 0 tryPush_2@2
4 0001000010100101111001111010101010001111110011011000001110111111 fifoDataIn_0@2
5 1111111101111010111001111111011001101110011111111111111111101110 fifoDataIn_1@2
6 0000000000000000000000000000000000000000000000000000000000000001 fifoDataIn_2@2
7 1 tryReq@2
8 11 selectShift@2
9 0000 queues_0__GEN_0_invalid@2
10 0 queues_0__GEN_3_invalid@2
11 0100100000010101110011101010001011000111101111010011100100110000 queues_0__GEN_4_invalid@2
12 0001 queues_1__GEN_0_invalid@2
13 0 queues_1__GEN_3_invalid@2
14 1111111101111010111001111111011001101110011111111111111111101110 queues_1__GEN_4_invalid@2
15 0000 queues_2__GEN_0_invalid@2
16 0 queues_2__GEN_3_invalid@2
17 0000000000000000000000000000000000000000000000000000000000000001 queues_2__GEN_4_invalid@2
@3
0 0 reset@3
1 1 tryPush_0@3
2 1 tryPush_1@3
3 0 tryPush_2@3
4 0001111101100011101001111110101010011111111111110001101100111101 fifoDataIn_0@3
5 1111111101111010111001111111011001101110011111111111111111101110 fifoDataIn_1@3
6 0000000000000000000000000000000000000000000000000000000000000111 fifoDataIn_2@3
7 0 tryReq@3
8 10 selectShift@3
9 1001 queues_0__GEN_0_invalid@3
10 0 queues_0__GEN_3_invalid@3
11 0110101110111001000100000010010001001011010100001000011110100011 queues_0__GEN_4_invalid@3
12 0000 queues_1__GEN_0_invalid@3
13 0 queues_1__GEN_3_invalid@3
14 1111111101111010111001111111011001101110011111111111111111101110 queues_1__GEN_4_invalid@3
15 1000 queues_2__GEN_0_invalid@3
16 0 queues_2__GEN_3_invalid@3
17 0000000000000000000000000000000000000000000000000000000000000000 queues_2__GEN_4_invalid@3
@4
0 0 reset@4
1 1 tryPush_0@4
2 0 tryPush_1@4
3 0 tryPush_2@4
4 0001111101100011101001111110101010001111110001110010001110101101 fifoDataIn_0@4
5 0000010010101111011111100000111001000101111111010011001100001001 fifoDataIn_1@4
6 0000000000000000000000000000000000000000000000000000000000000000 fifoDataIn_2@4
7 0 tryReq@4
8 11 selectShift@4
9 0000 queues_0__GEN_0_invalid@4
10 0 queues_0__GEN_3_invalid@4
11 0001011111001101110000011010100101101010101100011011111000000011 queues_0__GEN_4_invalid@4
12 1000 queues_1__GEN_0_invalid@4
13 0 queues_1__GEN_3_invalid@4
14 1111111101111010111001111111011001101110011111111111111111101110 queues_1__GEN_4_invalid@4
15 0100 queues_2__GEN_0_invalid@4
16 0 queues_2__GEN_3_invalid@4
17 0000000000000000000000000000000000000000000000000000000000000000 queues_2__GEN_4_invalid@4
@5
0 0 reset@5
1 1 tryPush_0@5
2 0 tryPush_1@5
3 1 tryPush_2@5
4 0001111101100011101001111110101010001111101001110000001110101110 fifoDataIn_0@5
5 0000000000000000000000000000000000000000000000000000000000000000 fifoDataIn_1@5
6 0000000000000000000000000000000000000000000000000000000000000001 fifoDataIn_2@5
7 0 tryReq@5
8 10 selectShift@5
9 0010 queues_0__GEN_0_invalid@5
10 0 queues_0__GEN_3_invalid@5
11 0001110110100010100000000111100111111001110101101001111101010011 queues_0__GEN_4_invalid@5
12 0010 queues_1__GEN_0_invalid@5
13 0 queues_1__GEN_3_invalid@5
14 0000000000000000000000000000000000000000000000000000000000000000 queues_1__GEN_4_invalid@5
15 0001 queues_2__GEN_0_invalid@5
16 0 queues_2__GEN_3_invalid@5
17 0000000000000000000000000000000000000000000000000000000000000001 queues_2__GEN_4_invalid@5
@6
0 0 reset@6
1 1 tryPush_0@6
2 1 tryPush_1@6
3 0 tryPush_2@6
4 0001101101100010101001111110101010001110101001010000011110101110 fifoDataIn_0@6
5 0010010001100010011001100110011001100110011001100110011001100100 fifoDataIn_1@6
6 1111111111111111111111111111111111111111111111111111111111111111 fifoDataIn_2@6
7 0 tryReq@6
8 11 selectShift@6
9 1001 queues_0__GEN_0_invalid@6
10 0 queues_0__GEN_3_invalid@6
11 0110110010101000110000111000011000101010100101001010111011010010 queues_0__GEN_4_invalid@6
12 0000 queues_1__GEN_0_invalid@6
13 0 queues_1__GEN_3_invalid@6
14 0000010010101111011111100000111001000101111111010011001100001001 queues_1__GEN_4_invalid@6
15 0011 queues_2__GEN_0_invalid@6
16 0 queues_2__GEN_3_invalid@6
17 0000000000000000000000000000000000000000000000000000000000000000 queues_2__GEN_4_invalid@6
@7
0 0 reset@7
1 1 tryPush_0@7
2 0 tryPush_1@7
3 0 tryPush_2@7
4 1010100101100011101001111110101010001111101001110000001110101110 fifoDataIn_0@7
5 1111111111111111111111111111111111111111111111111111111111111111 fifoDataIn_1@7
6 1111111111111111111111111111111111111111111111111111111111111111 fifoDataIn_2@7
7 0 tryReq@7
8 11 selectShift@7
9 0011 queues_0__GEN_0_invalid@7
10 0 queues_0__GEN_3_invalid@7
11 0000101000101001110000111000011000101010100011101010111011110000 queues_0__GEN_4_invalid@7
12 0000 queues_1__GEN_0_invalid@7
13 0 queues_1__GEN_3_invalid@7
14 0000010010101111011111100000111001000101111111010011001100001001 queues_1__GEN_4_invalid@7
15 0000 queues_2__GEN_0_invalid@7
16 0 queues_2__GEN_3_invalid@7
17 0000000000000000000000000000000000000000000000000000000000000001 queues_2__GEN_4_invalid@7
@8
0 0 reset@8
1 1 tryPush_0@8
2 1 tryPush_1@8
3 0 tryPush_2@8
4 0001100101100011101001111110101010001111101001110000001110101110 fifoDataIn_0@8
5 1111111111111111111111111111111111111111111111111111111111111111 fifoDataIn_1@8
6 1111111111111111111111111111111111111111111111111111111111111111 fifoDataIn_2@8
7 0 tryReq@8
8 11 selectShift@8
9 0011 queues_0__GEN_0_invalid@8
10 0 queues_0__GEN_3_invalid@8
11 0010101110111011000100000010010001001011010100001000011110000001 queues_0__GEN_4_invalid@8
12 0010 queues_1__GEN_0_invalid@8
13 0 queues_1__GEN_3_invalid@8
14 0000000000000000000000000000000000000000000000000000000000000000 queues_1__GEN_4_invalid@8
15 0010 queues_2__GEN_0_invalid@8
16 0 queues_2__GEN_3_invalid@8
17 1111111111111111111111111111111111111111111111111111111111111111 queues_2__GEN_4_invalid@8
@9
0 0 reset@9
1 1 tryPush_0@9
2 1 tryPush_1@9
3 1 tryPush_2@9
4 0001100101100011101001111110101010001111101001110000001110101110 fifoDataIn_0@9
5 0000000000000000000000000000000000000000000000000000000000000000 fifoDataIn_1@9
6 0000000000000000000000000000000000000000000000000000000000000000 fifoDataIn_2@9
7 0 tryReq@9
8 11 selectShift@9
9 0100 queues_0__GEN_0_invalid@9
10 0 queues_0__GEN_3_invalid@9
11 0000000000000000000000000000000000000000000000000000000000000000 queues_0__GEN_4_invalid@9
12 0000 queues_1__GEN_0_invalid@9
13 0 queues_1__GEN_3_invalid@9
14 0000000000000000000000000000000000000000000000000000000000000000 queues_1__GEN_4_invalid@9
15 0000 queues_2__GEN_0_invalid@9
16 0 queues_2__GEN_3_invalid@9
17 0000000000000000000000000000000000000000000000000000000000000000 queues_2__GEN_4_invalid@9
@10
0 0 reset@10
1 1 tryPush_0@10
2 0 tryPush_1@10
3 0 tryPush_2@10
4 1111111111111111111111111111111111111111111111111111111111111111 fifoDataIn_0@10
5 0000000000000000000000000000000000000000000000000000000000000000 fifoDataIn_1@10
6 0000000000000000000000000000000000000000000000000000000000000000 fifoDataIn_2@10
7 1 tryReq@10
8 11 selectShift@10
9 0000 queues_0__GEN_0_invalid@10
10 0 queues_0__GEN_3_invalid@10
11 0000000000000000000000000000000000000000000000000000000000000000 queues_0__GEN_4_invalid@10
12 0000 queues_1__GEN_0_invalid@10
13 0 queues_1__GEN_3_invalid@10
14 0000000000000000000000000000000000000000000000000000000000000000 queues_1__GEN_4_invalid@10
15 0000 queues_2__GEN_0_invalid@10
16 0 queues_2__GEN_3_invalid@10
17 0000000000000000000000000000000000000000000000000000000000000000 queues_2__GEN_4_invalid@10
.
