sat
b1
#0
0 [1111] 0001100110011001100110011001100110011001100110011001100110011011 dut_fifo_entries@0
0 [0000] 0111111001000000000000000001111111100101000100001100110100011110 dut_fifo_entries@0
0 [0001] 0111111001000000000000000001111111100101000100001100110100011110 dut_fifo_entries@0
0 [0010] 0000000000000000000000000000000000000000000000000000000000000000 dut_fifo_entries@0
0 [0011] 0001100110011001100110011001100110011001100110011001100110011000 dut_fifo_entries@0
0 [0100] 0001100110011001100110011001100110011001100110011001100110011011 dut_fifo_entries@0
0 [0101] 0001100110011001100110011001100110011001100110011001100110011011 dut_fifo_entries@0
0 [0110] 0000000000011001100110011001100110011001100110011001100110011011 dut_fifo_entries@0
0 [0111] 1001101110011001100110011001100110011001100110011001100110011011 dut_fifo_entries@0
0 [1000] 1111111111111111111111111111111111111111111111011001101110011111 dut_fifo_entries@0
0 [1001] 1111111111111111111111111111111111111111111111111111111111111111 dut_fifo_entries@0
0 [1010] 0001100110011001100110011001100110011011100110011001100110011011 dut_fifo_entries@0
0 [1011] 0001100110011001100110011001100110011001100110011001100110011011 dut_fifo_entries@0
0 [1100] 0001100110011001100110011001100110011001100110011001100110011011 dut_fifo_entries@0
0 [1101] 1111111111111111111111111111111111111111111111111111111111111111 dut_fifo_entries@0
0 [1110] 1001100110011001100110011001100110011001100110011001100110011011 dut_fifo_entries@0
1 00000 dut_fifo_cnt#0
2 1111 dut_fifo_wrPtr#0
3 0000 dut_fifo_rdPtr#0
4 00000 dut_cc_credits#0
5 [0110] 1111111111111111111111111111111111111111111111111111111111111111 dut_fifo_1_entries@0
5 [0000] 1000000000000000000000000000000000000000000000000000000000000000 dut_fifo_1_entries@0
5 [0001] 1000000000000000000000000000000000000000000000000000000000000000 dut_fifo_1_entries@0
5 [0010] 0000000000000000000000000000000000000000000000000000000000000000 dut_fifo_1_entries@0
5 [0011] 1111111111111111111111111111111111111111111111111111111111111111 dut_fifo_1_entries@0
5 [0100] 1111111111111111111111111111111111111111111111111111111111111111 dut_fifo_1_entries@0
5 [0101] 1111111111111111111111111111111111111111111111111111111111111111 dut_fifo_1_entries@0
5 [0111] 1111111111111111111111111111111111111111111111111111111111111111 dut_fifo_1_entries@0
6 00000 dut_fifo_1_cnt#0
7 0110 dut_fifo_1_wrPtr#0
8 0000 dut_fifo_1_rdPtr#0
9 00000 dut_cc_1_credits#0
10 00000 tracker_elementCount#0
11 1 tracker_isActive#0
12 0000000000000000000000000000000000000000000000000000000000000000 tracker_packetValue#0
13 00101 tracker_packetCount#0
@0
0 1 reset@0
1 0 io_push_0@0
2 1 io_push_1@0
3 1111111111111111111111111111111111111111111111111111111111111111 io_data_in_0@0
4 1111111111111111111111111111111111111111111111111111111111111111 io_data_in_1@0
5 1 io_req@0
6 0 io_gnt_sel@0
7 1 startTracking@0
@1
0 0 reset@1
1 1 io_push_0@1
2 1 io_push_1@1
3 0000000000000000000000000000000000000000000000000000000000000000 io_data_in_0@1
4 0001111111111111111111111111111111111111111111111111111111111111 io_data_in_1@1
5 0 io_req@1
6 1 io_gnt_sel@1
7 1 startTracking@1
@2
0 0 reset@2
1 1 io_push_0@2
2 1 io_push_1@2
3 0000000000000000000000000000000000000000000000000000000000000000 io_data_in_0@2
4 1111111111111111111111111111111111111111111111111111111111111111 io_data_in_1@2
5 0 io_req@2
6 0 io_gnt_sel@2
7 1 startTracking@2
@3
0 0 reset@3
1 1 io_push_0@3
2 0 io_push_1@3
3 0000000000000000000000000000000000000000000000000000000000000000 io_data_in_0@3
4 1111111111111111111111111111111111111111111111111111111111111110 io_data_in_1@3
5 0 io_req@3
6 1 io_gnt_sel@3
7 1 startTracking@3
@4
0 0 reset@4
1 1 io_push_0@4
2 0 io_push_1@4
3 0000000000000000000000000000000000000000000000000000000000000000 io_data_in_0@4
4 0000000000000000000000000000000000000000000000000000000000000000 io_data_in_1@4
5 0 io_req@4
6 1 io_gnt_sel@4
7 0 startTracking@4
@5
0 0 reset@5
1 1 io_push_0@5
2 0 io_push_1@5
3 0000000000000000000000000000000000000000000000000000000000000000 io_data_in_0@5
4 0000000000000000000000000000000000000000000000000000000000000000 io_data_in_1@5
5 0 io_req@5
6 0 io_gnt_sel@5
7 0 startTracking@5
@6
0 0 reset@6
1 1 io_push_0@6
2 0 io_push_1@6
3 0000000000000000000000000000000000000000000000000000000000000000 io_data_in_0@6
4 0000000000000000000000000000000000000000000000000000000000000000 io_data_in_1@6
5 0 io_req@6
6 1 io_gnt_sel@6
7 1 startTracking@6
@7
0 0 reset@7
1 1 io_push_0@7
2 0 io_push_1@7
3 0000000000000000000000000000000000000000000000000000000000000000 io_data_in_0@7
4 0000000000000000000000000000000000000000000000000000000000000000 io_data_in_1@7
5 0 io_req@7
6 0 io_gnt_sel@7
7 0 startTracking@7
@8
0 0 reset@8
1 1 io_push_0@8
2 0 io_push_1@8
3 0000000000000000000000000000000000000000000000000000000000000000 io_data_in_0@8
4 0000000000000000000000000000000000000000000000000000000000000000 io_data_in_1@8
5 1 io_req@8
6 1 io_gnt_sel@8
7 0 startTracking@8
@9
0 0 reset@9
1 1 io_push_0@9
2 1 io_push_1@9
3 0000000000000000000000000000000000000000000000000000000000000000 io_data_in_0@9
4 1111111111111111111111111111111111111111111111111111111111111111 io_data_in_1@9
5 0 io_req@9
6 1 io_gnt_sel@9
7 1 startTracking@9
@10
0 0 reset@10
1 1 io_push_0@10
2 1 io_push_1@10
3 0000000000000000000000000000000000000000000000000000000000000000 io_data_in_0@10
4 0000000000000000000000000000000000000000000110000000000000000000 io_data_in_1@10
5 0 io_req@10
6 1 io_gnt_sel@10
7 1 startTracking@10
@11
0 0 reset@11
1 1 io_push_0@11
2 0 io_push_1@11
3 0000000000000000000000000000000000000000000000000000000000000000 io_data_in_0@11
4 0000000000000000000000000000000000000000000000000000000000000000 io_data_in_1@11
5 1 io_req@11
6 1 io_gnt_sel@11
7 0 startTracking@11
@12
0 0 reset@12
1 1 io_push_0@12
2 1 io_push_1@12
3 0000000000000000000000000000000000000000000000000000000000000000 io_data_in_0@12
4 0111111111111111111111111111111111111111111111111111111111111111 io_data_in_1@12
5 0 io_req@12
6 1 io_gnt_sel@12
7 0 startTracking@12
@13
0 0 reset@13
1 1 io_push_0@13
2 0 io_push_1@13
3 0000000000000000000000000000000000000000000000000000000000000000 io_data_in_0@13
4 0000000000000000000000000000000000000000000000000000000000000000 io_data_in_1@13
5 1 io_req@13
6 1 io_gnt_sel@13
7 0 startTracking@13
@14
0 0 reset@14
1 1 io_push_0@14
2 0 io_push_1@14
3 0000000000000000000000000000000000000000000000000000000000000000 io_data_in_0@14
4 1000000000000000000000000000000000000000000000000000000000000000 io_data_in_1@14
5 1 io_req@14
6 1 io_gnt_sel@14
7 1 startTracking@14
@15
0 0 reset@15
1 1 io_push_0@15
2 1 io_push_1@15
3 0000000000000000000000000000000000000000000000000000000000000000 io_data_in_0@15
4 1000000000000000000000000000000000000000000000000000000000000000 io_data_in_1@15
5 0 io_req@15
6 0 io_gnt_sel@15
7 1 startTracking@15
@16
0 0 reset@16
1 1 io_push_0@16
2 1 io_push_1@16
3 0000000000000000000000000000000000000000000000000000000000000000 io_data_in_0@16
4 1000000000000000000000000000000000000000000000000000000000000000 io_data_in_1@16
5 0 io_req@16
6 1 io_gnt_sel@16
7 1 startTracking@16
@17
0 0 reset@17
1 1 io_push_0@17
2 1 io_push_1@17
3 0000000000000000000000000000000000000000000000000000000000000010 io_data_in_0@17
4 0000000000000000000000000000000000000000000000000000000000000000 io_data_in_1@17
5 0 io_req@17
6 1 io_gnt_sel@17
7 1 startTracking@17
@18
0 0 reset@18
1 0 io_push_0@18
2 0 io_push_1@18
3 0000000000000000000000000000000000000000000000000000000000000010 io_data_in_0@18
4 0000000000000000000000000000000000000000000000000000000000000000 io_data_in_1@18
5 1 io_req@18
6 0 io_gnt_sel@18
7 1 startTracking@18
.
