sat
b1
#0
0 [10000] 0000000000000000000000000000000000000000000000000000000000000000 dut_entries@0
0 [00000] 1111111111111111111111111111111111111111111111111111111111111111 dut_entries@0
0 [00001] 1111011011111111111101110111011011110110111101100111111101110100 dut_entries@0
0 [00010] 0000000000000000000000000000010000000000000000000000000000000000 dut_entries@0
0 [00011] 0000000000000000000000000000000000000000000000000000000000000000 dut_entries@0
0 [00100] 1100011001100110011001101100001000000001100000000000000000000000 dut_entries@0
0 [00101] 0000000000000000000000000000000000000000000000000000000010000000 dut_entries@0
0 [00110] 0000000000000000000000001000000000000001100000000000010000000000 dut_entries@0
0 [00111] 0000000000000000000000000000000000000000000000000000010000000000 dut_entries@0
0 [01000] 1100011001100110011001101100011000000001100000000000000000000100 dut_entries@0
0 [01001] 0000000000000000000000000000000000000000000000000000010000000000 dut_entries@0
0 [01010] 0000000000000010011001100100001001100000011000100010001001100101 dut_entries@0
0 [01011] 1110011001100110011000100100011000000000000000000000101001100100 dut_entries@0
0 [01100] 1001110111000010010000000000000000000000000000000000001001111111 dut_entries@0
0 [01101] 1100011000100000001000101110000110111111111111111111111110011011 dut_entries@0
0 [01110] 1100011001100110011001101100011111111111111111111111111111111011 dut_entries@0
0 [01111] 1100011001100110011001000100011001100100010001100110011001000000 dut_entries@0
0 [10001] 0000000000000000000000000000000000000000000000000000010000000000 dut_entries@0
1 10000 dut_wrPtr#0
2 00000 dut_rdPtr#0
3 000001 dut_cnt#0
4 110000 tracker_elementCount#0
5 0 tracker_isActive#0
6 0000000000000000000000000000000000000000000000000000000000000000 tracker_packetValue#0
7 000000 tracker_packetCount#0
@0
0 1 reset@0
1 0 enq_valid@0
2 1111111111111111111111111111111111111111111111111111111111111111 enq_bits@0
3 1 deq_ready@0
4 1 startTracking@0
5 1111111111111111111111111111111111111111111111111111111111111111 dut_entries_input_data_MPORT_rand_data@0
6 0000000000000000000000000000000000000000000000000000000000000000 dut_entries_io_data_out_MPORT_rand_data@0
@1
0 0 reset@1
1 1 enq_valid@1
2 0000000000000000000000000000000000000000000000000000000000000000 enq_bits@1
3 0 deq_ready@1
4 0 startTracking@1
5 0000000000000000000000000000000000000000000000000000000000000000 dut_entries_input_data_MPORT_rand_data@1
6 0000000000000000000000000000000000000000000000000000000000000000 dut_entries_io_data_out_MPORT_rand_data@1
@2
0 0 reset@2
1 1 enq_valid@2
2 0000000000000000000000000000010000000000000000000000000000000001 enq_bits@2
3 1 deq_ready@2
4 0 startTracking@2
5 1111111111111111111111111111111111111111111111111111111111111111 dut_entries_input_data_MPORT_rand_data@2
6 0000000000000000000000000000000000000000000000000000000000000000 dut_entries_io_data_out_MPORT_rand_data@2
@3
0 0 reset@3
1 1 enq_valid@3
2 0000000000000000000000000000000000000000000000000000000000000000 enq_bits@3
3 1 deq_ready@3
4 0 startTracking@3
5 1111111111111111111111111111111111111111111111111111111111111111 dut_entries_input_data_MPORT_rand_data@3
6 1111111111111111111111111111111111111111111111111111111111111111 dut_entries_io_data_out_MPORT_rand_data@3
@4
0 0 reset@4
1 1 enq_valid@4
2 0000000000000000000000000000000000000000000000000000000000000000 enq_bits@4
3 1 deq_ready@4
4 0 startTracking@4
5 1111111111111111111111111111111111111111111111111111111111111111 dut_entries_input_data_MPORT_rand_data@4
6 1111111111111111111111111111111111111111111111111111111111111111 dut_entries_io_data_out_MPORT_rand_data@4
@5
0 0 reset@5
1 1 enq_valid@5
2 0000000000000000000000000000000000000000000000000000000000000000 enq_bits@5
3 1 deq_ready@5
4 1 startTracking@5
5 1111111111111111111111111111111111111111111111111111111111111111 dut_entries_input_data_MPORT_rand_data@5
6 1111111111111111111111111111111111111111111111111111111111111111 dut_entries_io_data_out_MPORT_rand_data@5
@6
0 0 reset@6
1 1 enq_valid@6
2 0000000000000000000000000000000000000000000000000000000000000000 enq_bits@6
3 1 deq_ready@6
4 0 startTracking@6
5 1111111111111111111111111111111111111111111111111111111111111111 dut_entries_input_data_MPORT_rand_data@6
6 1111111111111111111111111111111111111111111111111111111111111111 dut_entries_io_data_out_MPORT_rand_data@6
@7
0 0 reset@7
1 1 enq_valid@7
2 0000000000000000000000000000000000000000000000000000000000000000 enq_bits@7
3 1 deq_ready@7
4 0 startTracking@7
5 1111111111111111111111111111111111111111111111111111111111111111 dut_entries_input_data_MPORT_rand_data@7
6 1111111111111111111111111111111111111111111111111111111111111111 dut_entries_io_data_out_MPORT_rand_data@7
@8
0 0 reset@8
1 1 enq_valid@8
2 0000000000000000000000000000000000000000000000000000000000000000 enq_bits@8
3 1 deq_ready@8
4 0 startTracking@8
5 1111111111111111111111111111111111111111111111111111111111111111 dut_entries_input_data_MPORT_rand_data@8
6 1111111111111111111111111111111111111111111111111111111111111111 dut_entries_io_data_out_MPORT_rand_data@8
@9
0 0 reset@9
1 1 enq_valid@9
2 0000000000000000000000000000000000000000000000000000000000000000 enq_bits@9
3 1 deq_ready@9
4 1 startTracking@9
5 1111111111111111111111111111111111111111111111111111111111111111 dut_entries_input_data_MPORT_rand_data@9
6 1111111111111111111111111111111111111111111111111111111111111111 dut_entries_io_data_out_MPORT_rand_data@9
@10
0 0 reset@10
1 1 enq_valid@10
2 0000000001000000000001000100011001000010001001000010000000000000 enq_bits@10
3 1 deq_ready@10
4 0 startTracking@10
5 1111111111111111111111111111111111111111111111111111111111111111 dut_entries_input_data_MPORT_rand_data@10
6 1111111111111111111111111111111111111111111111111111111111111111 dut_entries_io_data_out_MPORT_rand_data@10
@11
0 0 reset@11
1 1 enq_valid@11
2 0000000000000000000000000000000000000000000000000000000000000000 enq_bits@11
3 1 deq_ready@11
4 0 startTracking@11
5 1111111111111111111111111111111111111111111111111111111111111111 dut_entries_input_data_MPORT_rand_data@11
6 1111111111111111111111111111111111111111111111111111111111111111 dut_entries_io_data_out_MPORT_rand_data@11
@12
0 0 reset@12
1 1 enq_valid@12
2 0000000000000000000000000000000000000000000000000000000000000000 enq_bits@12
3 1 deq_ready@12
4 0 startTracking@12
5 1111111111111111111111111111111111111111111111111111111111111111 dut_entries_input_data_MPORT_rand_data@12
6 1111111111111111111111111111111111111111111111111111111111111111 dut_entries_io_data_out_MPORT_rand_data@12
@13
0 0 reset@13
1 1 enq_valid@13
2 0100000000000000000000000100000000000000100000000000000000000000 enq_bits@13
3 1 deq_ready@13
4 1 startTracking@13
5 1111111111111111111111111111111111111111111111111111111111111111 dut_entries_input_data_MPORT_rand_data@13
6 1111111111111111111111111111111111111111111111111111111111111111 dut_entries_io_data_out_MPORT_rand_data@13
@14
0 0 reset@14
1 1 enq_valid@14
2 0000011001100110011001101100011100000000000000011010011000000000 enq_bits@14
3 1 deq_ready@14
4 1 startTracking@14
5 1111111111111111111111111111111111111111111111111111111111111111 dut_entries_input_data_MPORT_rand_data@14
6 1111111111111111111111111111111111111111111111111111111111111111 dut_entries_io_data_out_MPORT_rand_data@14
@15
0 0 reset@15
1 1 enq_valid@15
2 0000000000000000000000000000000000000000000000000000000000000000 enq_bits@15
3 1 deq_ready@15
4 0 startTracking@15
5 1111111111111111111111111111111111111111111111111111111111111111 dut_entries_input_data_MPORT_rand_data@15
6 1111111111111111111111111111111111111111111111111111111111111111 dut_entries_io_data_out_MPORT_rand_data@15
@16
0 0 reset@16
1 1 enq_valid@16
2 0100011001000110010001100100000000000000000000000000000000000000 enq_bits@16
3 1 deq_ready@16
4 0 startTracking@16
5 1111111111111111111111111111111111111111111111111111111111111111 dut_entries_input_data_MPORT_rand_data@16
6 1111111111111111111111111111111111111111111111111111111111111111 dut_entries_io_data_out_MPORT_rand_data@16
@17
0 0 reset@17
1 1 enq_valid@17
2 0100000000000000000000000100000000000000100000000000000000000000 enq_bits@17
3 1 deq_ready@17
4 0 startTracking@17
5 1111111111111111111111111111111111111111111111111111111111111111 dut_entries_input_data_MPORT_rand_data@17
6 1111111111111111111111111111111111111111111111111111111111111111 dut_entries_io_data_out_MPORT_rand_data@17
@18
0 0 reset@18
1 1 enq_valid@18
2 0000000000000000000000000000000000000000000000000000000000000000 enq_bits@18
3 1 deq_ready@18
4 1 startTracking@18
5 1100011001100110011001101100011000000001100000000000000000000000 dut_entries_input_data_MPORT_rand_data@18
6 1111111111111111111111111111111111111111111111111111111111111111 dut_entries_io_data_out_MPORT_rand_data@18
@19
0 0 reset@19
1 1 enq_valid@19
2 0100000000000000000000000000000000000000000000000000000000000000 enq_bits@19
3 1 deq_ready@19
4 1 startTracking@19
5 0000000000000000000000000000000000000000000000000000000000000000 dut_entries_input_data_MPORT_rand_data@19
6 0100000000000000000000000000000000000000000000000000000000000000 dut_entries_io_data_out_MPORT_rand_data@19
.
