sat
b1
#0
0 000 dut_count#0
1 0000000000000000000000000000000000000000000000000000000000000000 dut_entries_0#0
2 0000000000000000000000000000000000000000000000000000000000000000 dut_entries_1#0
3 0000000000000000000000000000000000000000000000000000000000000000 dut_entries_2#0
4 0000000000000000000000000000000000000000000000000000000000000000 dut_entries_3#0
6 00 reference_enq_ptr_value#0
7 00 reference_deq_ptr_value#0
8 0 reference_maybe_full#0
@0
0 1 reset@0
1 1 tryPush_valid@0
2 0000000000000000000000000000000000000000000000000000000000000000 tryPush_bits@0
3 1 tryPop@0
4 0000000000000000000000000000000000000000000000000000000000000000 dut_next_value_3_invalid@0
5 11 reference__GEN_0_invalid@0
6 0 reference__GEN_3_invalid@0
7 1111111111111111111111111111111111111111111111111111111111111111 reference__GEN_4_invalid@0
@1
0 0 reset@1
1 1 tryPush_valid@1
2 0000000001100111111111111000000000001001000000011001000010000100 tryPush_bits@1
3 0 tryPop@1
4 0000000000000000000000000000000000000000000000000000000000000000 dut_next_value_3_invalid@1
5 11 reference__GEN_0_invalid@1
6 0 reference__GEN_3_invalid@1
7 1111111111111111111111111111111111111111111111111111111111111111 reference__GEN_4_invalid@1
@2
0 0 reset@2
1 1 tryPush_valid@2
2 0000000001100111111111111000000000001001000000011001000010000100 tryPush_bits@2
3 0 tryPop@2
4 0000000000000000000000000000000000000000000000000000000000000000 dut_next_value_3_invalid@2
5 11 reference__GEN_0_invalid@2
6 0 reference__GEN_3_invalid@2
7 0010011010010111111011101010111100011101011000010001110001111100 reference__GEN_4_invalid@2
@3
0 0 reset@3
1 1 tryPush_valid@3
2 0000000001100111111111111000000000001001000000011001000010000100 tryPush_bits@3
3 0 tryPop@3
4 0000000000000000000000000000000000000000000000000000000000000000 dut_next_value_3_invalid@3
5 11 reference__GEN_0_invalid@3
6 0 reference__GEN_3_invalid@3
7 0010011010010111111011101010111100011101011000010001110001111100 reference__GEN_4_invalid@3
@4
0 0 reset@4
1 1 tryPush_valid@4
2 0000000001100111111111111000000000001001000000011001000010000100 tryPush_bits@4
3 0 tryPop@4
4 0000000001100111011111111000000000001001000000011001000010000110 dut_next_value_3_invalid@4
5 11 reference__GEN_0_invalid@4
6 0 reference__GEN_3_invalid@4
7 1111111111111111111111111111111111111111111111111111111111111111 reference__GEN_4_invalid@4
@5
0 0 reset@5
1 0 tryPush_valid@5
2 0100000001100111111111111000000000001001000000011001000010000100 tryPush_bits@5
3 1 tryPop@5
4 0000000000000000000000000000000000000000000000000000000000000000 dut_next_value_3_invalid@5
5 00 reference__GEN_0_invalid@5
6 0 reference__GEN_3_invalid@5
7 0000000001100111111111111000000000001001000000011001000010000000 reference__GEN_4_invalid@5
@6
0 0 reset@6
1 0 tryPush_valid@6
2 1111111111111111111111111111111111111110111111110110011001111000 tryPush_bits@6
3 1 tryPop@6
4 0000000000000000000000000000000000000000000000000000000000000000 dut_next_value_3_invalid@6
5 01 reference__GEN_0_invalid@6
6 0 reference__GEN_3_invalid@6
7 0000000001100111111111111000000000001001000000011001000010000000 reference__GEN_4_invalid@6
@7
0 0 reset@7
1 0 tryPush_valid@7
2 0010101010101010101010101010101010101010101010101010101010101000 tryPush_bits@7
3 1 tryPop@7
4 0000000000000000000000000000000000000000000000000000000000000000 dut_next_value_3_invalid@7
5 10 reference__GEN_0_invalid@7
6 0 reference__GEN_3_invalid@7
7 0010101010101010101010101010101010101010101010101010101010101000 reference__GEN_4_invalid@7
@8
0 0 reset@8
1 0 tryPush_valid@8
2 0000000000000000000000000000000000000000000000000000000000000000 tryPush_bits@8
3 1 tryPop@8
4 0000000000000000000000000000000000000000000000000000000000000000 dut_next_value_3_invalid@8
5 00 reference__GEN_0_invalid@8
6 0 reference__GEN_3_invalid@8
7 0000000000000000000000000000000000000000000000000000000000000000 reference__GEN_4_invalid@8
.
