sat
b1
#0
0 [000101] 00000000 dut_entries@0
0 [000000] 11111111 dut_entries@0
0 [000001] 11100101 dut_entries@0
0 [000010] 10110101 dut_entries@0
0 [000011] 11100100 dut_entries@0
0 [000100] 11100110 dut_entries@0
0 [000110] 11100101 dut_entries@0
0 [000111] 11100101 dut_entries@0
0 [001000] 11100101 dut_entries@0
0 [001001] 11101100 dut_entries@0
0 [001010] 11100100 dut_entries@0
0 [001011] 10010011 dut_entries@0
0 [001100] 11100100 dut_entries@0
0 [001101] 11101000 dut_entries@0
0 [001110] 11101110 dut_entries@0
0 [001111] 11101100 dut_entries@0
0 [010000] 10110100 dut_entries@0
0 [010001] 11101100 dut_entries@0
0 [010010] 11101100 dut_entries@0
0 [010011] 11101100 dut_entries@0
0 [010100] 11101100 dut_entries@0
0 [010101] 11101100 dut_entries@0
0 [010110] 11101100 dut_entries@0
0 [010111] 11101100 dut_entries@0
0 [011000] 11001100 dut_entries@0
0 [011001] 11101101 dut_entries@0
0 [011010] 00101101 dut_entries@0
0 [011011] 11101101 dut_entries@0
0 [011100] 10110100 dut_entries@0
0 [011101] 11101100 dut_entries@0
0 [011110] 11101101 dut_entries@0
0 [011111] 10110011 dut_entries@0
0 [100000] 11101101 dut_entries@0
0 [100001] 11101101 dut_entries@0
1 000101 dut_wrPtr#0
2 000000 dut_rdPtr#0
3 0000001 dut_cnt#0
4 1111111 tracker_elementCount#0
5 0 tracker_isActive#0
6 01110010 tracker_packetValue#0
7 0011000 tracker_packetCount#0
@0
0 1 reset@0
1 1 enq_valid@0
2 11100101 enq_bits@0
3 0 deq_ready@0
4 0 startTracking@0
5 11111111 dut_entries_input_data_MPORT_rand_data@0
6 00000000 dut_entries_io_data_out_MPORT_rand_data@0
@1
0 0 reset@1
1 1 enq_valid@1
2 11100101 enq_bits@1
3 0 deq_ready@1
4 0 startTracking@1
5 00000000 dut_entries_input_data_MPORT_rand_data@1
6 00000000 dut_entries_io_data_out_MPORT_rand_data@1
@2
0 0 reset@2
1 1 enq_valid@2
2 10110011 enq_bits@2
3 1 deq_ready@2
4 0 startTracking@2
5 11111111 dut_entries_input_data_MPORT_rand_data@2
6 00000000 dut_entries_io_data_out_MPORT_rand_data@2
@3
0 0 reset@3
1 1 enq_valid@3
2 11100100 enq_bits@3
3 1 deq_ready@3
4 0 startTracking@3
5 11111111 dut_entries_input_data_MPORT_rand_data@3
6 11111111 dut_entries_io_data_out_MPORT_rand_data@3
@4
0 0 reset@4
1 1 enq_valid@4
2 11100100 enq_bits@4
3 1 deq_ready@4
4 0 startTracking@4
5 11111111 dut_entries_input_data_MPORT_rand_data@4
6 11111111 dut_entries_io_data_out_MPORT_rand_data@4
@5
0 0 reset@5
1 1 enq_valid@5
2 11101101 enq_bits@5
3 1 deq_ready@5
4 0 startTracking@5
5 11111111 dut_entries_input_data_MPORT_rand_data@5
6 11111111 dut_entries_io_data_out_MPORT_rand_data@5
@6
0 0 reset@6
1 1 enq_valid@6
2 11100101 enq_bits@6
3 1 deq_ready@6
4 0 startTracking@6
5 11111111 dut_entries_input_data_MPORT_rand_data@6
6 11111111 dut_entries_io_data_out_MPORT_rand_data@6
@7
0 0 reset@7
1 1 enq_valid@7
2 11101101 enq_bits@7
3 1 deq_ready@7
4 0 startTracking@7
5 11111111 dut_entries_input_data_MPORT_rand_data@7
6 11111111 dut_entries_io_data_out_MPORT_rand_data@7
@8
0 0 reset@8
1 1 enq_valid@8
2 11100101 enq_bits@8
3 1 deq_ready@8
4 0 startTracking@8
5 11111111 dut_entries_input_data_MPORT_rand_data@8
6 11111111 dut_entries_io_data_out_MPORT_rand_data@8
@9
0 0 reset@9
1 1 enq_valid@9
2 11101101 enq_bits@9
3 1 deq_ready@9
4 0 startTracking@9
5 11111111 dut_entries_input_data_MPORT_rand_data@9
6 11111111 dut_entries_io_data_out_MPORT_rand_data@9
@10
0 0 reset@10
1 1 enq_valid@10
2 11101100 enq_bits@10
3 1 deq_ready@10
4 0 startTracking@10
5 11111111 dut_entries_input_data_MPORT_rand_data@10
6 11111111 dut_entries_io_data_out_MPORT_rand_data@10
@11
0 0 reset@11
1 1 enq_valid@11
2 10010011 enq_bits@11
3 1 deq_ready@11
4 0 startTracking@11
5 11111111 dut_entries_input_data_MPORT_rand_data@11
6 11111111 dut_entries_io_data_out_MPORT_rand_data@11
@12
0 0 reset@12
1 1 enq_valid@12
2 11101101 enq_bits@12
3 1 deq_ready@12
4 0 startTracking@12
5 11111111 dut_entries_input_data_MPORT_rand_data@12
6 11111111 dut_entries_io_data_out_MPORT_rand_data@12
@13
0 0 reset@13
1 1 enq_valid@13
2 11101101 enq_bits@13
3 1 deq_ready@13
4 0 startTracking@13
5 11111111 dut_entries_input_data_MPORT_rand_data@13
6 11111111 dut_entries_io_data_out_MPORT_rand_data@13
@14
0 0 reset@14
1 1 enq_valid@14
2 11101100 enq_bits@14
3 1 deq_ready@14
4 0 startTracking@14
5 11111111 dut_entries_input_data_MPORT_rand_data@14
6 11111111 dut_entries_io_data_out_MPORT_rand_data@14
@15
0 0 reset@15
1 1 enq_valid@15
2 11100101 enq_bits@15
3 1 deq_ready@15
4 0 startTracking@15
5 11111111 dut_entries_input_data_MPORT_rand_data@15
6 11111111 dut_entries_io_data_out_MPORT_rand_data@15
@16
0 0 reset@16
1 1 enq_valid@16
2 10110100 enq_bits@16
3 1 deq_ready@16
4 0 startTracking@16
5 11111111 dut_entries_input_data_MPORT_rand_data@16
6 11111111 dut_entries_io_data_out_MPORT_rand_data@16
@17
0 0 reset@17
1 1 enq_valid@17
2 10101111 enq_bits@17
3 1 deq_ready@17
4 0 startTracking@17
5 11111111 dut_entries_input_data_MPORT_rand_data@17
6 11111111 dut_entries_io_data_out_MPORT_rand_data@17
@18
0 0 reset@18
1 1 enq_valid@18
2 10110010 enq_bits@18
3 1 deq_ready@18
4 0 startTracking@18
5 11111111 dut_entries_input_data_MPORT_rand_data@18
6 11111111 dut_entries_io_data_out_MPORT_rand_data@18
@19
0 0 reset@19
1 1 enq_valid@19
2 11101100 enq_bits@19
3 1 deq_ready@19
4 0 startTracking@19
5 11111111 dut_entries_input_data_MPORT_rand_data@19
6 11111111 dut_entries_io_data_out_MPORT_rand_data@19
@20
0 0 reset@20
1 1 enq_valid@20
2 11101101 enq_bits@20
3 1 deq_ready@20
4 0 startTracking@20
5 00000000 dut_entries_input_data_MPORT_rand_data@20
6 11111111 dut_entries_io_data_out_MPORT_rand_data@20
@21
0 0 reset@21
1 1 enq_valid@21
2 11001100 enq_bits@21
3 1 deq_ready@21
4 0 startTracking@21
5 11111111 dut_entries_input_data_MPORT_rand_data@21
6 00000000 dut_entries_io_data_out_MPORT_rand_data@21
@22
0 0 reset@22
1 1 enq_valid@22
2 10110010 enq_bits@22
3 1 deq_ready@22
4 1 startTracking@22
5 11111111 dut_entries_input_data_MPORT_rand_data@22
6 11111111 dut_entries_io_data_out_MPORT_rand_data@22
@23
0 0 reset@23
1 1 enq_valid@23
2 11101100 enq_bits@23
3 1 deq_ready@23
4 0 startTracking@23
5 11111111 dut_entries_input_data_MPORT_rand_data@23
6 11111111 dut_entries_io_data_out_MPORT_rand_data@23
@24
0 0 reset@24
1 1 enq_valid@24
2 11101100 enq_bits@24
3 1 deq_ready@24
4 0 startTracking@24
5 00000000 dut_entries_input_data_MPORT_rand_data@24
6 11111111 dut_entries_io_data_out_MPORT_rand_data@24
@25
0 0 reset@25
1 1 enq_valid@25
2 01010010 enq_bits@25
3 1 deq_ready@25
4 1 startTracking@25
5 11111111 dut_entries_input_data_MPORT_rand_data@25
6 00000000 dut_entries_io_data_out_MPORT_rand_data@25
@26
0 0 reset@26
1 1 enq_valid@26
2 00101101 enq_bits@26
3 1 deq_ready@26
4 0 startTracking@26
5 11111111 dut_entries_input_data_MPORT_rand_data@26
6 11111111 dut_entries_io_data_out_MPORT_rand_data@26
@27
0 0 reset@27
1 1 enq_valid@27
2 10110010 enq_bits@27
3 1 deq_ready@27
4 1 startTracking@27
5 11111111 dut_entries_input_data_MPORT_rand_data@27
6 11111111 dut_entries_io_data_out_MPORT_rand_data@27
@28
0 0 reset@28
1 1 enq_valid@28
2 10110100 enq_bits@28
3 1 deq_ready@28
4 1 startTracking@28
5 11111111 dut_entries_input_data_MPORT_rand_data@28
6 11111111 dut_entries_io_data_out_MPORT_rand_data@28
@29
0 0 reset@29
1 1 enq_valid@29
2 11101101 enq_bits@29
3 1 deq_ready@29
4 0 startTracking@29
5 11111111 dut_entries_input_data_MPORT_rand_data@29
6 11111111 dut_entries_io_data_out_MPORT_rand_data@29
@30
0 0 reset@30
1 1 enq_valid@30
2 11010010 enq_bits@30
3 1 deq_ready@30
4 1 startTracking@30
5 11111111 dut_entries_input_data_MPORT_rand_data@30
6 11111111 dut_entries_io_data_out_MPORT_rand_data@30
@31
0 0 reset@31
1 1 enq_valid@31
2 10010010 enq_bits@31
3 1 deq_ready@31
4 1 startTracking@31
5 11111111 dut_entries_input_data_MPORT_rand_data@31
6 11111111 dut_entries_io_data_out_MPORT_rand_data@31
@32
0 0 reset@32
1 1 enq_valid@32
2 00110010 enq_bits@32
3 1 deq_ready@32
4 1 startTracking@32
5 11111111 dut_entries_input_data_MPORT_rand_data@32
6 11111111 dut_entries_io_data_out_MPORT_rand_data@32
@33
0 0 reset@33
1 1 enq_valid@33
2 00110010 enq_bits@33
3 1 deq_ready@33
4 1 startTracking@33
5 11111111 dut_entries_input_data_MPORT_rand_data@33
6 11111111 dut_entries_io_data_out_MPORT_rand_data@33
@34
0 0 reset@34
1 1 enq_valid@34
2 10010010 enq_bits@34
3 1 deq_ready@34
4 1 startTracking@34
5 11101101 dut_entries_input_data_MPORT_rand_data@34
6 11111111 dut_entries_io_data_out_MPORT_rand_data@34
@35
0 0 reset@35
1 1 enq_valid@35
2 10110010 enq_bits@35
3 1 deq_ready@35
4 1 startTracking@35
5 00000000 dut_entries_input_data_MPORT_rand_data@35
6 10110010 dut_entries_io_data_out_MPORT_rand_data@35
.
