sat
b1
#0
0 [001] 11110000 dut_fifo_entries@0
0 [000] 11001011 dut_fifo_entries@0
0 [010] 10001001 dut_fifo_entries@0
0 [011] 10001001 dut_fifo_entries@0
0 [100] 00001101 dut_fifo_entries@0
0 [101] 00001101 dut_fifo_entries@0
0 [110] 00011001 dut_fifo_entries@0
0 [111] 01110110 dut_fifo_entries@0
1 0000 dut_fifo_cnt#0
2 001 dut_fifo_wrPtr#0
3 000 dut_fifo_rdPtr#0
4 0001 dut_cc_credits#0
5 [010] 00000001 dut_fifo_1_entries@0
5 [000] 11111111 dut_fifo_1_entries@0
5 [001] 11111111 dut_fifo_1_entries@0
6 0001 dut_fifo_1_cnt#0
7 010 dut_fifo_1_wrPtr#0
8 000 dut_fifo_1_rdPtr#0
9 0001 dut_cc_1_credits#0
11 0001 queues_0_enq_ptr_value#0
12 0001 queues_0_deq_ptr_value#0
13 1 queues_0_maybe_full#0
14 [0000] 11111111 queues_1_ram@0
15 0001 queues_1_enq_ptr_value#0
16 0001 queues_1_deq_ptr_value#0
17 0 queues_1_maybe_full#0
@0
0 1 reset@0
1 0 tryPush_0@0
2 1 tryPush_1@0
3 11111111 fifoDataIn_0@0
4 11111111 fifoDataIn_1@0
5 1 tryReq@0
6 0 selectShift@0
7 0001 queues_0__GEN_0_invalid@0
8 0 queues_0__GEN_3_invalid@0
9 01010000 queues_0__GEN_4_invalid@0
10 0001 queues_1__GEN_0_invalid@0
11 0 queues_1__GEN_3_invalid@0
12 11111111 queues_1__GEN_4_invalid@0
@1
0 0 reset@1
1 1 tryPush_0@1
2 0 tryPush_1@1
3 00001101 fifoDataIn_0@1
4 11111111 fifoDataIn_1@1
5 0 tryReq@1
6 0 selectShift@1
7 0000 queues_0__GEN_0_invalid@1
8 0 queues_0__GEN_3_invalid@1
9 10101001 queues_0__GEN_4_invalid@1
10 0000 queues_1__GEN_0_invalid@1
11 0 queues_1__GEN_3_invalid@1
12 11111111 queues_1__GEN_4_invalid@1
@2
0 0 reset@2
1 1 tryPush_0@2
2 0 tryPush_1@2
3 10001101 fifoDataIn_0@2
4 11111111 fifoDataIn_1@2
5 1 tryReq@2
6 1 selectShift@2
7 0101 queues_0__GEN_0_invalid@2
8 0 queues_0__GEN_3_invalid@2
9 10001110 queues_0__GEN_4_invalid@2
10 0001 queues_1__GEN_0_invalid@2
11 0 queues_1__GEN_3_invalid@2
12 11111111 queues_1__GEN_4_invalid@2
@3
0 0 reset@3
1 1 tryPush_0@3
2 0 tryPush_1@3
3 00001100 fifoDataIn_0@3
4 11111110 fifoDataIn_1@3
5 0 tryReq@3
6 1 selectShift@3
7 0001 queues_0__GEN_0_invalid@3
8 0 queues_0__GEN_3_invalid@3
9 00011000 queues_0__GEN_4_invalid@3
10 0010 queues_1__GEN_0_invalid@3
11 0 queues_1__GEN_3_invalid@3
12 11111110 queues_1__GEN_4_invalid@3
@4
0 0 reset@4
1 1 tryPush_0@4
2 0 tryPush_1@4
3 00001101 fifoDataIn_0@4
4 11110100 fifoDataIn_1@4
5 0 tryReq@4
6 1 selectShift@4
7 0101 queues_0__GEN_0_invalid@4
8 0 queues_0__GEN_3_invalid@4
9 00011001 queues_0__GEN_4_invalid@4
10 0011 queues_1__GEN_0_invalid@4
11 0 queues_1__GEN_3_invalid@4
12 11110100 queues_1__GEN_4_invalid@4
@5
0 0 reset@5
1 1 tryPush_0@5
2 1 tryPush_1@5
3 10000101 fifoDataIn_0@5
4 11111111 fifoDataIn_1@5
5 0 tryReq@5
6 1 selectShift@5
7 1010 queues_0__GEN_0_invalid@5
8 0 queues_0__GEN_3_invalid@5
9 00010001 queues_0__GEN_4_invalid@5
10 1000 queues_1__GEN_0_invalid@5
11 0 queues_1__GEN_3_invalid@5
12 11111111 queues_1__GEN_4_invalid@5
@6
0 0 reset@6
1 1 tryPush_0@6
2 0 tryPush_1@6
3 00001001 fifoDataIn_0@6
4 11111111 fifoDataIn_1@6
5 0 tryReq@6
6 0 selectShift@6
7 1101 queues_0__GEN_0_invalid@6
8 0 queues_0__GEN_3_invalid@6
9 00011011 queues_0__GEN_4_invalid@6
10 1010 queues_1__GEN_0_invalid@6
11 0 queues_1__GEN_3_invalid@6
12 10111101 queues_1__GEN_4_invalid@6
@7
0 0 reset@7
1 1 tryPush_0@7
2 0 tryPush_1@7
3 10001101 fifoDataIn_0@7
4 11111111 fifoDataIn_1@7
5 0 tryReq@7
6 1 selectShift@7
7 0001 queues_0__GEN_0_invalid@7
8 0 queues_0__GEN_3_invalid@7
9 10010110 queues_0__GEN_4_invalid@7
10 0001 queues_1__GEN_0_invalid@7
11 0 queues_1__GEN_3_invalid@7
12 11111111 queues_1__GEN_4_invalid@7
@8
0 0 reset@8
1 1 tryPush_0@8
2 1 tryPush_1@8
3 00001101 fifoDataIn_0@8
4 11111111 fifoDataIn_1@8
5 0 tryReq@8
6 0 selectShift@8
7 0110 queues_0__GEN_0_invalid@8
8 0 queues_0__GEN_3_invalid@8
9 01000010 queues_0__GEN_4_invalid@8
10 0110 queues_1__GEN_0_invalid@8
11 0 queues_1__GEN_3_invalid@8
12 00000000 queues_1__GEN_4_invalid@8
@9
0 0 reset@9
1 1 tryPush_0@9
2 1 tryPush_1@9
3 10001101 fifoDataIn_0@9
4 00000000 fifoDataIn_1@9
5 0 tryReq@9
6 0 selectShift@9
7 0101 queues_0__GEN_0_invalid@9
8 0 queues_0__GEN_3_invalid@9
9 01000010 queues_0__GEN_4_invalid@9
10 0000 queues_1__GEN_0_invalid@9
11 0 queues_1__GEN_3_invalid@9
12 00000000 queues_1__GEN_4_invalid@9
@10
0 0 reset@10
1 0 tryPush_0@10
2 0 tryPush_1@10
3 11111111 fifoDataIn_0@10
4 00000000 fifoDataIn_1@10
5 1 tryReq@10
6 0 selectShift@10
7 0000 queues_0__GEN_0_invalid@10
8 0 queues_0__GEN_3_invalid@10
9 00000000 queues_0__GEN_4_invalid@10
10 0000 queues_1__GEN_0_invalid@10
11 0 queues_1__GEN_3_invalid@10
12 00000000 queues_1__GEN_4_invalid@10
.
