sat
b1
#0
0 [1111] 0000000000000000000000000000000000000000000000000000000000000000 dut_entries@0
0 [0000] 0111000001000000001000000010111111101101011101110001010100111100 dut_entries@0
0 [0001] 0010010110011001000110000000011000100000000000000000000000000011 dut_entries@0
0 [0010] 0111000000111001010110110100110000011000100000000111011001001100 dut_entries@0
0 [0011] 1111001000011001001110000000011000111101111110011111101111000100 dut_entries@0
0 [0100] 0011000000111001001110110100110000011000100000000111011001001110 dut_entries@0
0 [0101] 0110100000111001010110111110110000011000101110011001111110111011 dut_entries@0
0 [0110] 0111000000111010010010111010110001011000100110011111111110111111 dut_entries@0
0 [0111] 0111100010111011010110111010110001011000100110011001111110111111 dut_entries@0
0 [1000] 0110000000111001010110110100110000011000100000000111011001001111 dut_entries@0
0 [1001] 0111000000111001010110110100110000011000100000000111011001001111 dut_entries@0
1 1111 dut_wrPtr#0
2 0000 dut_rdPtr#0
3 11111 dut_cnt#0
5 111 reference_enq_ptr_value#0
6 111 reference_deq_ptr_value#0
7 1 reference_maybe_full#0
@0
0 1 reset@0
1 1 tryPush_valid@0
2 1110100110000000110001000110111101001011000000011111111001011000 tryPush_bits@0
3 0 tryPop@0
4 0000000000000000000000000000000000000000000000000000000000000000 dut_entries_input_data_MPORT_rand_data@0
5 0000000000000000000000000000000000000000000000000000000000000000 dut_entries_io_data_out_MPORT_rand_data@0
6 111 reference__GEN_0_invalid@0
7 0 reference__GEN_3_invalid@0
8 0000011110011100000100101001000011001001001000001010110010111001 reference__GEN_4_invalid@0
@1
0 0 reset@1
1 1 tryPush_valid@1
2 0010100000100000110000100100010010011000100000000111011001010111 tryPush_bits@1
3 0 tryPop@1
4 0000000000000000000000000000000000000000000000000000000000000000 dut_entries_input_data_MPORT_rand_data@1
5 0000000000000000000000000000000000000000000000000000000000000000 dut_entries_io_data_out_MPORT_rand_data@1
6 000 reference__GEN_0_invalid@1
7 0 reference__GEN_3_invalid@1
8 0111000001000000001000000010111111101101011101110001010100111100 reference__GEN_4_invalid@1
@2
0 0 reset@2
1 1 tryPush_valid@2
2 0111000000111001010110110100110000011000100000000111011001001111 tryPush_bits@2
3 1 tryPop@2
4 1111111111111111111111111111111111111111111111111111111111111111 dut_entries_input_data_MPORT_rand_data@2
5 0000000000000000000000000000000000000000000000000000000000000000 dut_entries_io_data_out_MPORT_rand_data@2
6 000 reference__GEN_0_invalid@2
7 0 reference__GEN_3_invalid@2
8 0101000101001000100010001000100000010000100010001000100010001000 reference__GEN_4_invalid@2
@3
0 0 reset@3
1 1 tryPush_valid@3
2 0011000000111001001110110100110000011000100000000111011001001110 tryPush_bits@3
3 1 tryPop@3
4 1111111111111111111111111111111111111111111111111111111111111111 dut_entries_input_data_MPORT_rand_data@3
5 1111111111111111111111111111111111111111111111111111111111111111 dut_entries_io_data_out_MPORT_rand_data@3
6 001 reference__GEN_0_invalid@3
7 0 reference__GEN_3_invalid@3
8 1110001000011011000110000000011000111111110000000000001000000010 reference__GEN_4_invalid@3
@4
0 0 reset@4
1 1 tryPush_valid@4
2 0110000000111001010110110100110000011000100000000111011001001111 tryPush_bits@4
3 1 tryPop@4
4 1111111111111111111111111111111111111111111111111111111111111111 dut_entries_input_data_MPORT_rand_data@4
5 1111111111111111111111111111111111111111111111111111111111111111 dut_entries_io_data_out_MPORT_rand_data@4
6 100 reference__GEN_0_invalid@4
7 0 reference__GEN_3_invalid@4
8 0010101000011001000110000000011000111111110000000000001000000000 reference__GEN_4_invalid@4
@5
0 0 reset@5
1 1 tryPush_valid@5
2 1110100000111001010110110101110110011000000000000111011001001111 tryPush_bits@5
3 1 tryPop@5
4 1111111111111111111111111111111111111111111111111111111111111111 dut_entries_input_data_MPORT_rand_data@5
5 1111111111111111111111111111111111111111111111111111111111111111 dut_entries_io_data_out_MPORT_rand_data@5
6 011 reference__GEN_0_invalid@5
7 0 reference__GEN_3_invalid@5
8 1001101000011011000110000000011000111111110000000000001000000000 reference__GEN_4_invalid@5
@6
0 0 reset@6
1 1 tryPush_valid@6
2 0111100010111011010110111010110001011000100110011001111110111111 tryPush_bits@6
3 1 tryPop@6
4 1111111111111111111111111111111111111111111111111111111111111111 dut_entries_input_data_MPORT_rand_data@6
5 1111111111111111111111111111111111111111111111111111111111111111 dut_entries_io_data_out_MPORT_rand_data@6
6 110 reference__GEN_0_invalid@6
7 0 reference__GEN_3_invalid@6
8 1010110000111011011111111101111111010000000000011001011110111011 reference__GEN_4_invalid@6
@7
0 0 reset@7
1 1 tryPush_valid@7
2 0111000000111001010110110100110000011000100000000111011001001101 tryPush_bits@7
3 1 tryPop@7
4 1111111111111111111111111111111111111111111111111111111111111111 dut_entries_input_data_MPORT_rand_data@7
5 1111111111111111111111111111111111111111111111111111111111111111 dut_entries_io_data_out_MPORT_rand_data@7
6 100 reference__GEN_0_invalid@7
7 0 reference__GEN_3_invalid@7
8 1111111110110001010110000011100111010111111111111001100111110001 reference__GEN_4_invalid@7
@8
0 0 reset@8
1 1 tryPush_valid@8
2 0111000000111001010110110100110000011000100000000111011001001011 tryPush_bits@8
3 1 tryPop@8
4 1111111111111111111111111111111111111111111111111111111111111111 dut_entries_input_data_MPORT_rand_data@8
5 1111111111111111111111111111111111111111111111111111111111111111 dut_entries_io_data_out_MPORT_rand_data@8
6 010 reference__GEN_0_invalid@8
7 0 reference__GEN_3_invalid@8
8 1010010110011001000110000000011000100000000000000000000000000001 reference__GEN_4_invalid@8
@9
0 0 reset@9
1 1 tryPush_valid@9
2 0111000000111001010110110100110000011000100000000111011001001111 tryPush_bits@9
3 1 tryPop@9
4 1111111111111111111111111111111111111111111111111111111111111111 dut_entries_input_data_MPORT_rand_data@9
5 1111111111111111111111111111111111111111111111111111111111111111 dut_entries_io_data_out_MPORT_rand_data@9
6 010 reference__GEN_0_invalid@9
7 0 reference__GEN_3_invalid@9
8 0110000011100110101111111111101111011111111111111111111111111100 reference__GEN_4_invalid@9
@10
0 0 reset@10
1 1 tryPush_valid@10
2 0111000000111001010110110100110000011000100000000111011001001111 tryPush_bits@10
3 1 tryPop@10
4 1010111010101000010010001011100101100111111111111000100111110110 dut_entries_input_data_MPORT_rand_data@10
5 1111111111111111111111111111111111111111111111111111111111111111 dut_entries_io_data_out_MPORT_rand_data@10
6 001 reference__GEN_0_invalid@10
7 0 reference__GEN_3_invalid@10
8 1011111010101000010010001011100101100111111111111000100111110111 reference__GEN_4_invalid@10
@11
0 0 reset@11
1 0 tryPush_valid@11
2 0000000000000000000000000000000000000000000000000000000000000001 tryPush_bits@11
3 1 tryPop@11
4 0000000000000000000000000000000000000000000000000000000000000000 dut_entries_input_data_MPORT_rand_data@11
5 0111000100111001010110110100110000011000100000000111011001001111 dut_entries_io_data_out_MPORT_rand_data@11
6 000 reference__GEN_0_invalid@11
7 0 reference__GEN_3_invalid@11
8 0000000000000000000000000000000000000000000000000000000000000000 reference__GEN_4_invalid@11
.
