sat
b1
#0
0 [0000] 01111111 dut_fifo_entries@0
0 [0001] 00100000 dut_fifo_entries@0
0 [0010] 00011111 dut_fifo_entries@0
0 [0011] 00000110 dut_fifo_entries@0
0 [0100] 11111111 dut_fifo_entries@0
0 [0101] 00011111 dut_fifo_entries@0
0 [0110] 11111111 dut_fifo_entries@0
0 [0111] 00011111 dut_fifo_entries@0
0 [1000] 00011111 dut_fifo_entries@0
0 [1001] 11111111 dut_fifo_entries@0
0 [1010] 00011111 dut_fifo_entries@0
0 [1011] 11111111 dut_fifo_entries@0
0 [1100] 11111111 dut_fifo_entries@0
0 [1101] 00100000 dut_fifo_entries@0
0 [1110] 11111111 dut_fifo_entries@0
0 [1111] 00100000 dut_fifo_entries@0
1 00000 dut_fifo_cnt#0
2 0000 dut_fifo_wrPtr#0
3 0000 dut_fifo_rdPtr#0
4 00000 dut_cc_credits#0
5 [1111] 11111111 dut_fifo_1_entries@0
5 [0000] 11111111 dut_fifo_1_entries@0
5 [0001] 11111111 dut_fifo_1_entries@0
5 [0010] 11111111 dut_fifo_1_entries@0
5 [0011] 11111111 dut_fifo_1_entries@0
5 [0100] 11111111 dut_fifo_1_entries@0
5 [0101] 00011011 dut_fifo_1_entries@0
5 [0110] 00011011 dut_fifo_1_entries@0
5 [0111] 11111111 dut_fifo_1_entries@0
5 [1000] 11111111 dut_fifo_1_entries@0
6 00000 dut_fifo_1_cnt#0
7 1111 dut_fifo_1_wrPtr#0
8 0000 dut_fifo_1_rdPtr#0
9 00000 dut_cc_1_credits#0
10 [1110] 11111111 dut_fifo_2_entries@0
10 [0000] 11111111 dut_fifo_2_entries@0
10 [0001] 11111111 dut_fifo_2_entries@0
10 [0010] 00000000 dut_fifo_2_entries@0
10 [0011] 11111111 dut_fifo_2_entries@0
10 [0100] 11011111 dut_fifo_2_entries@0
10 [0101] 11111111 dut_fifo_2_entries@0
10 [0110] 11111111 dut_fifo_2_entries@0
10 [0111] 11111111 dut_fifo_2_entries@0
10 [1000] 11011111 dut_fifo_2_entries@0
10 [1001] 11111111 dut_fifo_2_entries@0
10 [1010] 11111111 dut_fifo_2_entries@0
10 [1011] 11111111 dut_fifo_2_entries@0
10 [1100] 11111111 dut_fifo_2_entries@0
10 [1101] 11011111 dut_fifo_2_entries@0
10 [1111] 00000000 dut_fifo_2_entries@0
11 00000 dut_fifo_2_cnt#0
12 1110 dut_fifo_2_wrPtr#0
13 0000 dut_fifo_2_rdPtr#0
14 00000 dut_cc_2_credits#0
15 [1111] 11111111 dut_fifo_3_entries@0
15 [0000] 00000000 dut_fifo_3_entries@0
15 [0001] 00011011 dut_fifo_3_entries@0
15 [0010] 00011011 dut_fifo_3_entries@0
15 [0011] 11111111 dut_fifo_3_entries@0
15 [0100] 00000000 dut_fifo_3_entries@0
15 [0101] 11111111 dut_fifo_3_entries@0
15 [0110] 11111111 dut_fifo_3_entries@0
15 [0111] 11111111 dut_fifo_3_entries@0
15 [1000] 11111111 dut_fifo_3_entries@0
15 [1001] 11111111 dut_fifo_3_entries@0
15 [1010] 11111111 dut_fifo_3_entries@0
15 [1011] 11111111 dut_fifo_3_entries@0
15 [1100] 00011011 dut_fifo_3_entries@0
15 [1101] 11111111 dut_fifo_3_entries@0
16 00000 dut_fifo_3_cnt#0
17 1111 dut_fifo_3_wrPtr#0
18 0000 dut_fifo_3_rdPtr#0
19 00000 dut_cc_3_credits#0
20 00000 tracker_elementCount#0
21 0 tracker_isActive#0
22 00100000 tracker_packetValue#0
23 00001 tracker_packetCount#0
@0
0 1 reset@0
1 1 io_push_0@0
2 1 io_push_1@0
3 1 io_push_2@0
4 1 io_push_3@0
5 00000000 io_data_in_0@0
6 00000000 io_data_in_1@0
7 11111111 io_data_in_2@0
8 00000000 io_data_in_3@0
9 0 io_req@0
10 00 io_gnt_sel@0
11 0 startTracking@0
@1
0 0 reset@1
1 1 io_push_0@1
2 0 io_push_1@1
3 1 io_push_2@1
4 0 io_push_3@1
5 00000110 io_data_in_0@1
6 11111111 io_data_in_1@1
7 11111111 io_data_in_2@1
8 11111111 io_data_in_3@1
9 0 io_req@1
10 11 io_gnt_sel@1
11 1 startTracking@1
@2
0 0 reset@2
1 1 io_push_0@2
2 0 io_push_1@2
3 1 io_push_2@2
4 0 io_push_3@2
5 00000000 io_data_in_0@2
6 11111111 io_data_in_1@2
7 11111111 io_data_in_2@2
8 11111111 io_data_in_3@2
9 0 io_req@2
10 10 io_gnt_sel@2
11 1 startTracking@2
@3
0 0 reset@3
1 1 io_push_0@3
2 0 io_push_1@3
3 0 io_push_2@3
4 0 io_push_3@3
5 00000000 io_data_in_0@3
6 11111111 io_data_in_1@3
7 00100000 io_data_in_2@3
8 00000000 io_data_in_3@3
9 0 io_req@3
10 10 io_gnt_sel@3
11 0 startTracking@3
@4
0 0 reset@4
1 1 io_push_0@4
2 0 io_push_1@4
3 1 io_push_2@4
4 1 io_push_3@4
5 00000000 io_data_in_0@4
6 11111111 io_data_in_1@4
7 00000000 io_data_in_2@4
8 00000000 io_data_in_3@4
9 1 io_req@4
10 10 io_gnt_sel@4
11 1 startTracking@4
@5
0 0 reset@5
1 1 io_push_0@5
2 1 io_push_1@5
3 1 io_push_2@5
4 1 io_push_3@5
5 00000000 io_data_in_0@5
6 11111111 io_data_in_1@5
7 00000000 io_data_in_2@5
8 11111111 io_data_in_3@5
9 0 io_req@5
10 11 io_gnt_sel@5
11 0 startTracking@5
@6
0 0 reset@6
1 1 io_push_0@6
2 0 io_push_1@6
3 1 io_push_2@6
4 1 io_push_3@6
5 00000000 io_data_in_0@6
6 11011111 io_data_in_1@6
7 00000000 io_data_in_2@6
8 11111111 io_data_in_3@6
9 1 io_req@6
10 11 io_gnt_sel@6
11 0 startTracking@6
@7
0 0 reset@7
1 1 io_push_0@7
2 0 io_push_1@7
3 1 io_push_2@7
4 1 io_push_3@7
5 00000000 io_data_in_0@7
6 00000000 io_data_in_1@7
7 00000000 io_data_in_2@7
8 00000000 io_data_in_3@7
9 1 io_req@7
10 11 io_gnt_sel@7
11 0 startTracking@7
@8
0 0 reset@8
1 1 io_push_0@8
2 1 io_push_1@8
3 1 io_push_2@8
4 1 io_push_3@8
5 00000000 io_data_in_0@8
6 11111111 io_data_in_1@8
7 11011111 io_data_in_2@8
8 11111111 io_data_in_3@8
9 1 io_req@8
10 11 io_gnt_sel@8
11 0 startTracking@8
@9
0 0 reset@9
1 1 io_push_0@9
2 1 io_push_1@9
3 1 io_push_2@9
4 1 io_push_3@9
5 00000000 io_data_in_0@9
6 11111111 io_data_in_1@9
7 00000000 io_data_in_2@9
8 00000000 io_data_in_3@9
9 1 io_req@9
10 11 io_gnt_sel@9
11 1 startTracking@9
@10
0 0 reset@10
1 1 io_push_0@10
2 0 io_push_1@10
3 1 io_push_2@10
4 1 io_push_3@10
5 00000000 io_data_in_0@10
6 00000000 io_data_in_1@10
7 00000000 io_data_in_2@10
8 00000000 io_data_in_3@10
9 1 io_req@10
10 01 io_gnt_sel@10
11 0 startTracking@10
@11
0 0 reset@11
1 1 io_push_0@11
2 1 io_push_1@11
3 1 io_push_2@11
4 1 io_push_3@11
5 00000000 io_data_in_0@11
6 11111111 io_data_in_1@11
7 00000000 io_data_in_2@11
8 00000000 io_data_in_3@11
9 1 io_req@11
10 01 io_gnt_sel@11
11 1 startTracking@11
@12
0 0 reset@12
1 1 io_push_0@12
2 0 io_push_1@12
3 1 io_push_2@12
4 1 io_push_3@12
5 00000000 io_data_in_0@12
6 11111111 io_data_in_1@12
7 11011111 io_data_in_2@12
8 00000000 io_data_in_3@12
9 0 io_req@12
10 00 io_gnt_sel@12
11 1 startTracking@12
@13
0 0 reset@13
1 1 io_push_0@13
2 1 io_push_1@13
3 1 io_push_2@13
4 1 io_push_3@13
5 00000000 io_data_in_0@13
6 00000000 io_data_in_1@13
7 11111111 io_data_in_2@13
8 11111111 io_data_in_3@13
9 1 io_req@13
10 01 io_gnt_sel@13
11 0 startTracking@13
@14
0 0 reset@14
1 1 io_push_0@14
2 1 io_push_1@14
3 1 io_push_2@14
4 1 io_push_3@14
5 00000000 io_data_in_0@14
6 00000100 io_data_in_1@14
7 11011111 io_data_in_2@14
8 11111111 io_data_in_3@14
9 1 io_req@14
10 11 io_gnt_sel@14
11 1 startTracking@14
@15
0 0 reset@15
1 1 io_push_0@15
2 1 io_push_1@15
3 1 io_push_2@15
4 1 io_push_3@15
5 00000000 io_data_in_0@15
6 11111111 io_data_in_1@15
7 00000000 io_data_in_2@15
8 00011011 io_data_in_3@15
9 1 io_req@15
10 01 io_gnt_sel@15
11 1 startTracking@15
@16
0 0 reset@16
1 1 io_push_0@16
2 1 io_push_1@16
3 1 io_push_2@16
4 1 io_push_3@16
5 00000000 io_data_in_0@16
6 10000000 io_data_in_1@16
7 00000000 io_data_in_2@16
8 11111111 io_data_in_3@16
9 1 io_req@16
10 01 io_gnt_sel@16
11 1 startTracking@16
@17
0 0 reset@17
1 1 io_push_0@17
2 1 io_push_1@17
3 1 io_push_2@17
4 1 io_push_3@17
5 00000100 io_data_in_0@17
6 11111111 io_data_in_1@17
7 11111111 io_data_in_2@17
8 11111111 io_data_in_3@17
9 1 io_req@17
10 01 io_gnt_sel@17
11 1 startTracking@17
@18
0 0 reset@18
1 0 io_push_0@18
2 1 io_push_1@18
3 1 io_push_2@18
4 1 io_push_3@18
5 11011011 io_data_in_0@18
6 00000000 io_data_in_1@18
7 00000000 io_data_in_2@18
8 00000000 io_data_in_3@18
9 1 io_req@18
10 00 io_gnt_sel@18
11 1 startTracking@18
.
