sat
b0
#0
2 00 x#0
3 00 y#0
4 0001 data#0
@0
0 1 reset@0
1 0 inc_x@0
2 1 inc_y@0
3 00 _GEN_1_invalid@0
4 0 _GEN_4_invalid@0
5 00 _GEN_6_invalid@0
6 0 _GEN_9_invalid@0
7 00 _GEN_10_invalid@0
8 0 _GEN_13_invalid@0
9 1010 _GEN_14_invalid@0
@1
0 0 reset@1
1 0 inc_x@1
2 1 inc_y@1
3 00 _GEN_1_invalid@1
4 0 _GEN_4_invalid@1
5 01 _GEN_6_invalid@1
6 1 _GEN_9_invalid@1
7 00 _GEN_10_invalid@1
8 0 _GEN_13_invalid@1
9 1010 _GEN_14_invalid@1
@2
0 0 reset@2
1 0 inc_x@2
2 1 inc_y@2
3 01 _GEN_1_invalid@2
4 1 _GEN_4_invalid@2
5 11 _GEN_6_invalid@2
6 1 _GEN_9_invalid@2
7 11 _GEN_10_invalid@2
8 0 _GEN_13_invalid@2
9 0010 _GEN_14_invalid@2
@3
0 0 reset@3
1 0 inc_x@3
2 1 inc_y@3
3 01 _GEN_1_invalid@3
4 1 _GEN_4_invalid@3
5 01 _GEN_6_invalid@3
6 1 _GEN_9_invalid@3
7 01 _GEN_10_invalid@3
8 0 _GEN_13_invalid@3
9 0010 _GEN_14_invalid@3
@4
0 0 reset@4
1 0 inc_x@4
2 1 inc_y@4
3 00 _GEN_1_invalid@4
4 1 _GEN_4_invalid@4
5 00 _GEN_6_invalid@4
6 1 _GEN_9_invalid@4
7 10 _GEN_10_invalid@4
8 0 _GEN_13_invalid@4
9 0001 _GEN_14_invalid@4
@5
0 0 reset@5
1 0 inc_x@5
2 1 inc_y@5
3 11 _GEN_1_invalid@5
4 1 _GEN_4_invalid@5
5 11 _GEN_6_invalid@5
6 1 _GEN_9_invalid@5
7 11 _GEN_10_invalid@5
8 0 _GEN_13_invalid@5
9 1111 _GEN_14_invalid@5
@6
0 0 reset@6
1 0 inc_x@6
2 0 inc_y@6
3 00 _GEN_1_invalid@6
4 0 _GEN_4_invalid@6
5 00 _GEN_6_invalid@6
6 0 _GEN_9_invalid@6
7 00 _GEN_10_invalid@6
8 0 _GEN_13_invalid@6
9 0000 _GEN_14_invalid@6
.
