sat
b1
#0
0 [100] 11000111 dut_fifo_entries@0
0 [000] 10011011 dut_fifo_entries@0
0 [001] 11000111 dut_fifo_entries@0
0 [010] 10111011 dut_fifo_entries@0
0 [011] 10100110 dut_fifo_entries@0
0 [101] 11111000 dut_fifo_entries@0
0 [110] 10001011 dut_fifo_entries@0
0 [111] 10011001 dut_fifo_entries@0
1 0000 dut_fifo_cnt#0
2 100 dut_fifo_wrPtr#0
3 000 dut_fifo_rdPtr#0
4 0001 dut_cc_credits#0
5 [001] 00000001 dut_fifo_1_entries@0
5 [000] 11111111 dut_fifo_1_entries@0
5 [010] 11000100 dut_fifo_1_entries@0
6 0001 dut_fifo_1_cnt#0
7 001 dut_fifo_1_wrPtr#0
8 000 dut_fifo_1_rdPtr#0
9 0001 dut_cc_1_credits#0
10 [000] 00000000 dut_fifo_2_entries@0
11 0000 dut_fifo_2_cnt#0
12 000 dut_fifo_2_wrPtr#0
13 000 dut_fifo_2_rdPtr#0
14 0001 dut_cc_2_credits#0
16 0001 queues_0_enq_ptr_value#0
17 0001 queues_0_deq_ptr_value#0
18 0 queues_0_maybe_full#0
19 [0000] 11011111 queues_1_ram@0
20 1000 queues_1_enq_ptr_value#0
21 1000 queues_1_deq_ptr_value#0
22 1 queues_1_maybe_full#0
23 [0000] 00000000 queues_2_ram@0
24 0000 queues_2_enq_ptr_value#0
25 0000 queues_2_deq_ptr_value#0
26 0 queues_2_maybe_full#0
@0
0 1 reset@0
1 0 tryPush_0@0
2 1 tryPush_1@0
3 0 tryPush_2@0
4 00000011 fifoDataIn_0@0
5 11011111 fifoDataIn_1@0
6 01111111 fifoDataIn_2@0
7 1 tryReq@0
8 01 selectShift@0
9 0001 queues_0__GEN_0_invalid@0
10 0 queues_0__GEN_3_invalid@0
11 11011111 queues_0__GEN_4_invalid@0
12 0000 queues_1__GEN_0_invalid@0
13 0 queues_1__GEN_3_invalid@0
14 11111111 queues_1__GEN_4_invalid@0
15 0000 queues_2__GEN_0_invalid@0
16 0 queues_2__GEN_3_invalid@0
17 01111111 queues_2__GEN_4_invalid@0
@1
0 0 reset@1
1 1 tryPush_0@1
2 0 tryPush_1@1
3 0 tryPush_2@1
4 10011001 fifoDataIn_0@1
5 11111111 fifoDataIn_1@1
6 00000000 fifoDataIn_2@1
7 0 tryReq@1
8 00 selectShift@1
9 0000 queues_0__GEN_0_invalid@1
10 0 queues_0__GEN_3_invalid@1
11 10011011 queues_0__GEN_4_invalid@1
12 0000 queues_1__GEN_0_invalid@1
13 0 queues_1__GEN_3_invalid@1
14 11011111 queues_1__GEN_4_invalid@1
15 0000 queues_2__GEN_0_invalid@1
16 0 queues_2__GEN_3_invalid@1
17 00000000 queues_2__GEN_4_invalid@1
@2
0 0 reset@2
1 1 tryPush_0@2
2 0 tryPush_1@2
3 0 tryPush_2@2
4 10001011 fifoDataIn_0@2
5 11111111 fifoDataIn_1@2
6 00000000 fifoDataIn_2@2
7 1 tryReq@2
8 11 selectShift@2
9 0000 queues_0__GEN_0_invalid@2
10 0 queues_0__GEN_3_invalid@2
11 10011011 queues_0__GEN_4_invalid@2
12 0000 queues_1__GEN_0_invalid@2
13 0 queues_1__GEN_3_invalid@2
14 11011111 queues_1__GEN_4_invalid@2
15 0001 queues_2__GEN_0_invalid@2
16 0 queues_2__GEN_3_invalid@2
17 00000000 queues_2__GEN_4_invalid@2
@3
0 0 reset@3
1 1 tryPush_0@3
2 0 tryPush_1@3
3 0 tryPush_2@3
4 10011001 fifoDataIn_0@3
5 11011111 fifoDataIn_1@3
6 00000000 fifoDataIn_2@3
7 0 tryReq@3
8 11 selectShift@3
9 0001 queues_0__GEN_0_invalid@3
10 0 queues_0__GEN_3_invalid@3
11 10001101 queues_0__GEN_4_invalid@3
12 0000 queues_1__GEN_0_invalid@3
13 0 queues_1__GEN_3_invalid@3
14 11011111 queues_1__GEN_4_invalid@3
15 0100 queues_2__GEN_0_invalid@3
16 0 queues_2__GEN_3_invalid@3
17 00000000 queues_2__GEN_4_invalid@3
@4
0 0 reset@4
1 1 tryPush_0@4
2 0 tryPush_1@4
3 0 tryPush_2@4
4 10011001 fifoDataIn_0@4
5 11011111 fifoDataIn_1@4
6 00000000 fifoDataIn_2@4
7 0 tryReq@4
8 10 selectShift@4
9 0101 queues_0__GEN_0_invalid@4
10 0 queues_0__GEN_3_invalid@4
11 10010010 queues_0__GEN_4_invalid@4
12 0000 queues_1__GEN_0_invalid@4
13 0 queues_1__GEN_3_invalid@4
14 11011111 queues_1__GEN_4_invalid@4
15 0000 queues_2__GEN_0_invalid@4
16 0 queues_2__GEN_3_invalid@4
17 00000000 queues_2__GEN_4_invalid@4
@5
0 0 reset@5
1 1 tryPush_0@5
2 0 tryPush_1@5
3 0 tryPush_2@5
4 10011001 fifoDataIn_0@5
5 11011111 fifoDataIn_1@5
6 00000000 fifoDataIn_2@5
7 0 tryReq@5
8 01 selectShift@5
9 0001 queues_0__GEN_0_invalid@5
10 0 queues_0__GEN_3_invalid@5
11 10001010 queues_0__GEN_4_invalid@5
12 0001 queues_1__GEN_0_invalid@5
13 0 queues_1__GEN_3_invalid@5
14 11011111 queues_1__GEN_4_invalid@5
15 0000 queues_2__GEN_0_invalid@5
16 0 queues_2__GEN_3_invalid@5
17 00000000 queues_2__GEN_4_invalid@5
@6
0 0 reset@6
1 1 tryPush_0@6
2 1 tryPush_1@6
3 0 tryPush_2@6
4 10011011 fifoDataIn_0@6
5 11011111 fifoDataIn_1@6
6 00000000 fifoDataIn_2@6
7 0 tryReq@6
8 11 selectShift@6
9 1010 queues_0__GEN_0_invalid@6
10 0 queues_0__GEN_3_invalid@6
11 00000100 queues_0__GEN_4_invalid@6
12 0011 queues_1__GEN_0_invalid@6
13 0 queues_1__GEN_3_invalid@6
14 11011111 queues_1__GEN_4_invalid@6
15 0010 queues_2__GEN_0_invalid@6
16 0 queues_2__GEN_3_invalid@6
17 00000000 queues_2__GEN_4_invalid@6
@7
0 0 reset@7
1 1 tryPush_0@7
2 0 tryPush_1@7
3 0 tryPush_2@7
4 11011001 fifoDataIn_0@7
5 11011111 fifoDataIn_1@7
6 00000000 fifoDataIn_2@7
7 0 tryReq@7
8 11 selectShift@7
9 1010 queues_0__GEN_0_invalid@7
10 0 queues_0__GEN_3_invalid@7
11 00010010 queues_0__GEN_4_invalid@7
12 0001 queues_1__GEN_0_invalid@7
13 0 queues_1__GEN_3_invalid@7
14 11011111 queues_1__GEN_4_invalid@7
15 0001 queues_2__GEN_0_invalid@7
16 0 queues_2__GEN_3_invalid@7
17 00000000 queues_2__GEN_4_invalid@7
@8
0 0 reset@8
1 1 tryPush_0@8
2 1 tryPush_1@8
3 0 tryPush_2@8
4 11001110 fifoDataIn_0@8
5 11000100 fifoDataIn_1@8
6 00000000 fifoDataIn_2@8
7 0 tryReq@8
8 00 selectShift@8
9 0011 queues_0__GEN_0_invalid@8
10 0 queues_0__GEN_3_invalid@8
11 10000100 queues_0__GEN_4_invalid@8
12 0000 queues_1__GEN_0_invalid@8
13 0 queues_1__GEN_3_invalid@8
14 11011111 queues_1__GEN_4_invalid@8
15 0001 queues_2__GEN_0_invalid@8
16 0 queues_2__GEN_3_invalid@8
17 00000000 queues_2__GEN_4_invalid@8
@9
0 0 reset@9
1 1 tryPush_0@9
2 1 tryPush_1@9
3 0 tryPush_2@9
4 11011001 fifoDataIn_0@9
5 11000100 fifoDataIn_1@9
6 10001101 fifoDataIn_2@9
7 0 tryReq@9
8 11 selectShift@9
9 0001 queues_0__GEN_0_invalid@9
10 0 queues_0__GEN_3_invalid@9
11 00000000 queues_0__GEN_4_invalid@9
12 0000 queues_1__GEN_0_invalid@9
13 0 queues_1__GEN_3_invalid@9
14 00000000 queues_1__GEN_4_invalid@9
15 0000 queues_2__GEN_0_invalid@9
16 0 queues_2__GEN_3_invalid@9
17 00000000 queues_2__GEN_4_invalid@9
@10
0 0 reset@10
1 0 tryPush_0@10
2 0 tryPush_1@10
3 0 tryPush_2@10
4 11111111 fifoDataIn_0@10
5 00000000 fifoDataIn_1@10
6 00000000 fifoDataIn_2@10
7 1 tryReq@10
8 00 selectShift@10
9 0000 queues_0__GEN_0_invalid@10
10 0 queues_0__GEN_3_invalid@10
11 00000000 queues_0__GEN_4_invalid@10
12 0000 queues_1__GEN_0_invalid@10
13 0 queues_1__GEN_3_invalid@10
14 00000000 queues_1__GEN_4_invalid@10
15 0000 queues_2__GEN_0_invalid@10
16 0 queues_2__GEN_3_invalid@10
17 00000000 queues_2__GEN_4_invalid@10
.
