sat
b1
#0
0 [110] 11111111 dut_fifo_entries@0
0 [000] 11111111 dut_fifo_entries@0
0 [001] 01011001 dut_fifo_entries@0
0 [010] 10001001 dut_fifo_entries@0
0 [011] 10011011 dut_fifo_entries@0
0 [100] 01010010 dut_fifo_entries@0
0 [101] 10001001 dut_fifo_entries@0
0 [111] 00100100 dut_fifo_entries@0
1 0000 dut_fifo_cnt#0
2 110 dut_fifo_wrPtr#0
3 000 dut_fifo_rdPtr#0
4 0000 dut_cc_credits#0
5 [111] 11111111 dut_fifo_1_entries@0
5 [000] 11111111 dut_fifo_1_entries@0
5 [001] 11111111 dut_fifo_1_entries@0
5 [010] 11111111 dut_fifo_1_entries@0
5 [011] 11111111 dut_fifo_1_entries@0
5 [100] 11111111 dut_fifo_1_entries@0
5 [101] 01000000 dut_fifo_1_entries@0
6 0000 dut_fifo_1_cnt#0
7 111 dut_fifo_1_wrPtr#0
8 000 dut_fifo_1_rdPtr#0
9 0000 dut_cc_1_credits#0
10 0100 tracker_elementCount#0
11 0 tracker_isActive#0
12 10100110 tracker_packetValue#0
13 0011 tracker_packetCount#0
@0
0 1 reset@0
1 1 io_push_0@0
2 1 io_push_1@0
3 11111111 io_data_in_0@0
4 11111111 io_data_in_1@0
5 0 io_req@0
6 0 io_gnt_sel@0
7 1 startTracking@0
@1
0 0 reset@1
1 1 io_push_0@1
2 0 io_push_1@1
3 10001001 io_data_in_0@1
4 11111111 io_data_in_1@1
5 0 io_req@1
6 1 io_gnt_sel@1
7 1 startTracking@1
@2
0 0 reset@2
1 1 io_push_0@2
2 0 io_push_1@2
3 10101001 io_data_in_0@2
4 11111111 io_data_in_1@2
5 0 io_req@2
6 0 io_gnt_sel@2
7 1 startTracking@2
@3
0 0 reset@3
1 1 io_push_0@3
2 1 io_push_1@3
3 10001001 io_data_in_0@3
4 11111111 io_data_in_1@3
5 0 io_req@3
6 1 io_gnt_sel@3
7 1 startTracking@3
@4
0 0 reset@4
1 1 io_push_0@4
2 1 io_push_1@4
3 00001011 io_data_in_0@4
4 11111111 io_data_in_1@4
5 0 io_req@4
6 0 io_gnt_sel@4
7 1 startTracking@4
@5
0 0 reset@5
1 1 io_push_0@5
2 1 io_push_1@5
3 10001010 io_data_in_0@5
4 00000000 io_data_in_1@5
5 0 io_req@5
6 0 io_gnt_sel@5
7 0 startTracking@5
@6
0 0 reset@6
1 1 io_push_0@6
2 0 io_push_1@6
3 10001011 io_data_in_0@6
4 11111111 io_data_in_1@6
5 0 io_req@6
6 0 io_gnt_sel@6
7 0 startTracking@6
@7
0 0 reset@7
1 1 io_push_0@7
2 1 io_push_1@7
3 10001010 io_data_in_0@7
4 11111111 io_data_in_1@7
5 0 io_req@7
6 0 io_gnt_sel@7
7 0 startTracking@7
@8
0 0 reset@8
1 1 io_push_0@8
2 1 io_push_1@8
3 10001001 io_data_in_0@8
4 01000000 io_data_in_1@8
5 0 io_req@8
6 0 io_gnt_sel@8
7 1 startTracking@8
@9
0 0 reset@9
1 1 io_push_0@9
2 1 io_push_1@9
3 10001011 io_data_in_0@9
4 11111111 io_data_in_1@9
5 0 io_req@9
6 0 io_gnt_sel@9
7 1 startTracking@9
@10
0 0 reset@10
1 0 io_push_0@10
2 1 io_push_1@10
3 00000000 io_data_in_0@10
4 00000000 io_data_in_1@10
5 1 io_req@10
6 0 io_gnt_sel@10
7 1 startTracking@10
.
