sat
b1
#0
0 [111] 0000000000000000000000000000000000000000000000000000000000000000 dut_fifo_entries@0
0 [000] 1000000000000000000000000000000000000000000000000000000000000100 dut_fifo_entries@0
0 [001] 1000000000000000000000000000000000000000000001111111100000000000 dut_fifo_entries@0
0 [010] 0101000111111111000110011000111111111000011001000010010000011111 dut_fifo_entries@0
0 [011] 0101000111111111000110011000111111111000011001000010010000011111 dut_fifo_entries@0
0 [100] 0101000111111111000110011000111111111000011001000010010000011111 dut_fifo_entries@0
0 [101] 0101000111111111000110011000111111111000011001000010010000011111 dut_fifo_entries@0
0 [110] 0101000111111111000110011000111111111000111001000010010000011111 dut_fifo_entries@0
1 0000 dut_fifo_cnt#0
2 111 dut_fifo_wrPtr#0
3 000 dut_fifo_rdPtr#0
4 0000 dut_cc_credits#0
5 [111] 1111111111111111111111111111111111111111111111111111111111111111 dut_fifo_1_entries@0
5 [000] 0101000110001000111111111111111110011001100111111100000000011111 dut_fifo_1_entries@0
5 [001] 0101000110001000111111111111111110011001100111111100000000011110 dut_fifo_1_entries@0
5 [010] 1111111111111111111111111111111111111111111111111111111111111111 dut_fifo_1_entries@0
6 0000 dut_fifo_1_cnt#0
7 111 dut_fifo_1_wrPtr#0
8 000 dut_fifo_1_rdPtr#0
9 0000 dut_cc_1_credits#0
10 [111] 1111111111111111111111111111111111111111111111111111111111111111 dut_fifo_2_entries@0
10 [000] 1111111111111111111111111111111111111111111111111111111111111111 dut_fifo_2_entries@0
10 [001] 1111111111111111111111111111111111111111111111111111111111111111 dut_fifo_2_entries@0
10 [010] 1111111111111111111111111111111111111111111111111111111111111111 dut_fifo_2_entries@0
10 [011] 1111111111111111111111111111111111111111111111111111111111111111 dut_fifo_2_entries@0
10 [100] 1111111111111111111111111111111111111111111111111111111111111111 dut_fifo_2_entries@0
10 [101] 1111111111111111111111111111111111111111111111111111111111111111 dut_fifo_2_entries@0
10 [110] 1111111111111111111111111111111111111111111111111111111111111111 dut_fifo_2_entries@0
11 0000 dut_fifo_2_cnt#0
12 111 dut_fifo_2_wrPtr#0
13 000 dut_fifo_2_rdPtr#0
14 0000 dut_cc_2_credits#0
15 [011] 1111111111111111111111111111111111111111111111111111111111111111 dut_fifo_3_entries@0
15 [000] 1111111111111111111111111111111111111111111111111111111111111111 dut_fifo_3_entries@0
15 [001] 1111111111111111111111111111111111111111111111111111111111111111 dut_fifo_3_entries@0
15 [010] 1111111111111111111111111111111111111111111111111111111111111111 dut_fifo_3_entries@0
16 0000 dut_fifo_3_cnt#0
17 011 dut_fifo_3_wrPtr#0
18 000 dut_fifo_3_rdPtr#0
19 0000 dut_cc_3_credits#0
20 0111 tracker_elementCount#0
21 1 tracker_isActive#0
22 1000000000000000000000000000000000000000000001111111100000000000 tracker_packetValue#0
23 1110 tracker_packetCount#0
@0
0 1 reset@0
1 1 io_push_0@0
2 1 io_push_1@0
3 1 io_push_2@0
4 1 io_push_3@0
5 0101000111111111000110011000111111111000111001000010010000011111 io_data_in_0@0
6 0000000000000000000000000000000000000000000000000000000000000000 io_data_in_1@0
7 1111111111111111111111111111111111111111111111111111111111111111 io_data_in_2@0
8 1111111111111111111111111111111111111111111111111111111111111111 io_data_in_3@0
9 1 io_req@0
10 00 io_gnt_sel@0
11 0 startTracking@0
@1
0 0 reset@1
1 1 io_push_0@1
2 0 io_push_1@1
3 0 io_push_2@1
4 0 io_push_3@1
5 0101000111111111000110011000111111111000011001000010010000011111 io_data_in_0@1
6 0000000000000000000000000000000000000000000000000000000000000000 io_data_in_1@1
7 1111111111111111111111111111111111111111111111111111111111111111 io_data_in_2@1
8 1111111111111111111111111111111111111111111111111111111111111111 io_data_in_3@1
9 0 io_req@1
10 11 io_gnt_sel@1
11 1 startTracking@1
@2
0 0 reset@2
1 1 io_push_0@2
2 0 io_push_1@2
3 1 io_push_2@2
4 0 io_push_3@2
5 0101000111111111000110011000111111111011011001000010010000011111 io_data_in_0@2
6 0110000110011001100110011001100110011001100110000000000110011000 io_data_in_1@2
7 1111111111111111111111111111111111111111111111111111111111111111 io_data_in_2@2
8 1111111111111111111111111111111111111111111111111111111111111111 io_data_in_3@2
9 0 io_req@2
10 11 io_gnt_sel@2
11 1 startTracking@2
@3
0 0 reset@3
1 1 io_push_0@3
2 0 io_push_1@3
3 1 io_push_2@3
4 0 io_push_3@3
5 0101000111111111000110011000111111111001011001000010010000011011 io_data_in_0@3
6 0110000110011001100110011001100110011001100110000000000110011000 io_data_in_1@3
7 1111111111111111111111111111111111111111111111111111111111111111 io_data_in_2@3
8 1111111111111111111111111111111111111111111111111111111111111111 io_data_in_3@3
9 0 io_req@3
10 01 io_gnt_sel@3
11 0 startTracking@3
@4
0 0 reset@4
1 1 io_push_0@4
2 1 io_push_1@4
3 1 io_push_2@4
4 0 io_push_3@4
5 0110111000011000111111100110100100011111100110101100001111100100 io_data_in_0@4
6 0101000110001000111111111111111110011001100111111100000000011111 io_data_in_1@4
7 1111111111111111111111111111111111111111111111111111111111111111 io_data_in_2@4
8 0000000000000000000000000000000000000000000000000000000000000000 io_data_in_3@4
9 0 io_req@4
10 00 io_gnt_sel@4
11 0 startTracking@4
@5
0 0 reset@5
1 1 io_push_0@5
2 1 io_push_1@5
3 1 io_push_2@5
4 0 io_push_3@5
5 0101000111111111000110011000111111111001011001000010010000011111 io_data_in_0@5
6 0000000000000000000000000000000000000000000000000000000000000000 io_data_in_1@5
7 1111111111111111111111111111111111111111111111111111111111111111 io_data_in_2@5
8 1111111111111111111111111111111111111111111111111111111111111111 io_data_in_3@5
9 0 io_req@5
10 00 io_gnt_sel@5
11 0 startTracking@5
@6
0 0 reset@6
1 1 io_push_0@6
2 0 io_push_1@6
3 1 io_push_2@6
4 0 io_push_3@6
5 0101000111111111000110011000111111111001011001000010010000011111 io_data_in_0@6
6 1111111111111111111111111111111111111111111111111111111111111111 io_data_in_1@6
7 0000000000000000000000000000000000000000000000000000000000000000 io_data_in_2@6
8 1111111111111111111111111111111111111111111111111111111111111111 io_data_in_3@6
9 0 io_req@6
10 00 io_gnt_sel@6
11 1 startTracking@6
@7
0 0 reset@7
1 1 io_push_0@7
2 0 io_push_1@7
3 1 io_push_2@7
4 1 io_push_3@7
5 0101000111111111000110011000111111111001011001000010010000011111 io_data_in_0@7
6 1111111111111111111111111111111111111111111111111111111111111111 io_data_in_1@7
7 1111111111111111111111111111111111111111111111111111111111111111 io_data_in_2@7
8 1111111111111111111111111111111111111111111111111111111111111111 io_data_in_3@7
9 0 io_req@7
10 00 io_gnt_sel@7
11 1 startTracking@7
@8
0 0 reset@8
1 1 io_push_0@8
2 0 io_push_1@8
3 0 io_push_2@8
4 1 io_push_3@8
5 0101000111111111000110011000111111111000011001000010010000011111 io_data_in_0@8
6 0000000000000000000000000000000000000000000000000000000000000000 io_data_in_1@8
7 1111111111111111111111111111111111111111111111111111111111111111 io_data_in_2@8
8 1111111111111111111111111111111111111111111111111111111111111111 io_data_in_3@8
9 0 io_req@8
10 00 io_gnt_sel@8
11 1 startTracking@8
@9
0 0 reset@9
1 1 io_push_0@9
2 1 io_push_1@9
3 1 io_push_2@9
4 0 io_push_3@9
5 0101000111111111000110011000111111111001011001000010010000011111 io_data_in_0@9
6 0000000000000000000000000000000000000000000000000000000000000000 io_data_in_1@9
7 1111111111111111111111111111111111111111111111111111111111111111 io_data_in_2@9
8 1111111111111111111111111111111111111111111111111111111111111111 io_data_in_3@9
9 1 io_req@9
10 01 io_gnt_sel@9
11 1 startTracking@9
@10
0 0 reset@10
1 0 io_push_0@10
2 1 io_push_1@10
3 1 io_push_2@10
4 1 io_push_3@10
5 1010111000000000111001100111000000000110100110111101101111100010 io_data_in_0@10
6 0000000000000000000000000000000000000000000000000000000000000000 io_data_in_1@10
7 0000000000000000000000000000000000000000000000000000000000000000 io_data_in_2@10
8 0000000000000000000000000000000000000000000000000000000000000000 io_data_in_3@10
9 1 io_req@10
10 00 io_gnt_sel@10
11 1 startTracking@10
.
