sat
b1
#0
0 [000] 0000000000000000000000000000000000000000000000000000000000000000 dut_entries@0
0 [001] 1111111000001001100110011001110100001000100110011110011010110010 dut_entries@0
0 [010] 0111000111101101100110010111101101100111110100100011110110001111 dut_entries@0
0 [011] 0111000011101101100110010111101101100111110110100011110110011111 dut_entries@0
0 [100] 0001100010101101100110010111101101100110110000100011110110011111 dut_entries@0
0 [101] 0001100010101101100110010111101101100110110000100011110110011111 dut_entries@0
1 000 dut_wrPtr#0
2 000 dut_rdPtr#0
3 1111 dut_cnt#0
5 00 reference_enq_ptr_value#0
6 00 reference_deq_ptr_value#0
7 1 reference_maybe_full#0
@0
0 1 reset@0
1 1 tryPush_valid@0
2 0000000000000000000000000000000000000000000000000000000000000000 tryPush_bits@0
3 0 tryPop@0
4 1111111111111111111111111111111111111111111111111111111111111111 dut_entries_input_data_MPORT_rand_data@0
5 0000000000000000000000000000000000000000000000000000000000000000 dut_entries_io_data_out_MPORT_rand_data@0
6 00 reference__GEN_0_invalid@0
7 0 reference__GEN_3_invalid@0
8 0000000000000000000000000000000000000000000000000000000000000000 reference__GEN_4_invalid@0
@1
0 0 reset@1
1 1 tryPush_valid@1
2 0111000111101101100110010111101101100111110100100011110110001000 tryPush_bits@1
3 0 tryPop@1
4 0000000000000000000000000000000000000000000000000000000000000000 dut_entries_input_data_MPORT_rand_data@1
5 0000000000000000000000000000000000000000000000000000000000000000 dut_entries_io_data_out_MPORT_rand_data@1
6 00 reference__GEN_0_invalid@1
7 0 reference__GEN_3_invalid@1
8 0100000000000000000000000000011110011011111111011101011110001000 reference__GEN_4_invalid@1
@2
0 0 reset@2
1 1 tryPush_valid@2
2 0111000111101101100110010111101101100111110100100011110110001111 tryPush_bits@2
3 1 tryPop@2
4 1111111111111111111111111111111111111111111111111111111111111111 dut_entries_input_data_MPORT_rand_data@2
5 0000000000000000000000000000000000000000000000000000000000000000 dut_entries_io_data_out_MPORT_rand_data@2
6 11 reference__GEN_0_invalid@2
7 0 reference__GEN_3_invalid@2
8 0111111000001001100110011001110101001000100110011101011010110010 reference__GEN_4_invalid@2
@3
0 0 reset@3
1 1 tryPush_valid@3
2 0111000111101101100110010111101101100111110100100011110110001111 tryPush_bits@3
3 1 tryPop@3
4 1111111111111111111111111111111111111111111111111111111111111111 dut_entries_input_data_MPORT_rand_data@3
5 1111111111111111111111111111111111111111111111111111111111111111 dut_entries_io_data_out_MPORT_rand_data@3
6 00 reference__GEN_0_invalid@3
7 0 reference__GEN_3_invalid@3
8 0000111000001101100110010111111000100001001111011100100111100000 reference__GEN_4_invalid@3
@4
0 0 reset@4
1 1 tryPush_valid@4
2 0111100011101101100110010111101101100111110100100011110110011111 tryPush_bits@4
3 1 tryPop@4
4 1111111111111111111111111111111111111111111111111111111111111111 dut_entries_input_data_MPORT_rand_data@4
5 1111111111111111111111111111111111111111111111111111111111111111 dut_entries_io_data_out_MPORT_rand_data@4
6 01 reference__GEN_0_invalid@4
7 0 reference__GEN_3_invalid@4
8 1111010000001101100110011001111010111011110010100010100110101101 reference__GEN_4_invalid@4
@5
0 0 reset@5
1 1 tryPush_valid@5
2 1011000011101101100110010111101101100111110100100011110110011111 tryPush_bits@5
3 1 tryPop@5
4 1111111111111111111111111111111111111111111111111111111111111111 dut_entries_input_data_MPORT_rand_data@5
5 1111111111111111111111111111111111111111111111111111111111111111 dut_entries_io_data_out_MPORT_rand_data@5
6 01 reference__GEN_0_invalid@5
7 0 reference__GEN_3_invalid@5
8 0001100010101101100110010111101101110111110000100011110110011111 reference__GEN_4_invalid@5
@6
0 0 reset@6
1 1 tryPush_valid@6
2 0111000111101101100110010111101101100111110100100011110110011111 tryPush_bits@6
3 1 tryPop@6
4 0001100010101101100110010111101101100110110000100011110110011111 dut_entries_input_data_MPORT_rand_data@6
5 1111111111111111111111111111111111111111111111111111111111111111 dut_entries_io_data_out_MPORT_rand_data@6
6 10 reference__GEN_0_invalid@6
7 0 reference__GEN_3_invalid@6
8 0001100010101101100110010111101001100110110000100011110110011111 reference__GEN_4_invalid@6
@7
0 0 reset@7
1 0 tryPush_valid@7
2 0000000000000000000000000000000000000000000000000000000000000000 tryPush_bits@7
3 1 tryPop@7
4 0000000000000000000000000000000000000000000000000000000000000000 dut_entries_input_data_MPORT_rand_data@7
5 0111100111101101100110010111101101100110110100100011110110011111 dut_entries_io_data_out_MPORT_rand_data@7
6 00 reference__GEN_0_invalid@7
7 0 reference__GEN_3_invalid@7
8 0000000000000000000000000000000000000000000000000000000000000000 reference__GEN_4_invalid@7
.
