sat
b1
#0
0 0100 dut_count#0
1 00000000 dut_entries_0#0
2 00000000 dut_entries_1#0
3 00000000 dut_entries_2#0
4 00000000 dut_entries_3#0
5 00000000 dut_entries_4#0
6 00000000 dut_entries_5#0
7 00000000 dut_entries_6#0
8 00000000 dut_entries_7#0
9 00010 tracker_elementCount#0
10 0 tracker_isActive#0
11 11111111 tracker_packetValue#0
12 00111 tracker_packetCount#0
@0
0 1 reset@0
1 0 enq_valid@0
2 00000000 enq_bits@0
3 0 deq_ready@0
4 0 startTracking@0
5 00000000 dut_next_value_7_invalid@0
@1
0 0 reset@1
1 1 enq_valid@1
2 10001001 enq_bits@1
3 0 deq_ready@1
4 0 startTracking@1
5 00000000 dut_next_value_7_invalid@1
@2
0 0 reset@2
1 1 enq_valid@2
2 00000000 enq_bits@2
3 0 deq_ready@2
4 0 startTracking@2
5 00000000 dut_next_value_7_invalid@2
@3
0 0 reset@3
1 1 enq_valid@3
2 01000000 enq_bits@3
3 0 deq_ready@3
4 0 startTracking@3
5 00000000 dut_next_value_7_invalid@3
@4
0 0 reset@4
1 1 enq_valid@4
2 11111001 enq_bits@4
3 0 deq_ready@4
4 0 startTracking@4
5 00000000 dut_next_value_7_invalid@4
@5
0 0 reset@5
1 1 enq_valid@5
2 11111001 enq_bits@5
3 0 deq_ready@5
4 0 startTracking@5
5 00000000 dut_next_value_7_invalid@5
@6
0 0 reset@6
1 1 enq_valid@6
2 11111101 enq_bits@6
3 0 deq_ready@6
4 0 startTracking@6
5 00000000 dut_next_value_7_invalid@6
@7
0 0 reset@7
1 1 enq_valid@7
2 00000000 enq_bits@7
3 0 deq_ready@7
4 0 startTracking@7
5 00000000 dut_next_value_7_invalid@7
@8
0 0 reset@8
1 1 enq_valid@8
2 11100001 enq_bits@8
3 0 deq_ready@8
4 1 startTracking@8
5 11100000 dut_next_value_7_invalid@8
@9
0 0 reset@9
1 0 enq_valid@9
2 11100001 enq_bits@9
3 1 deq_ready@9
4 0 startTracking@9
5 00000000 dut_next_value_7_invalid@9
@10
0 0 reset@10
1 0 enq_valid@10
2 00011010 enq_bits@10
3 1 deq_ready@10
4 0 startTracking@10
5 00000000 dut_next_value_7_invalid@10
@11
0 0 reset@11
1 0 enq_valid@11
2 01111111 enq_bits@11
3 1 deq_ready@11
4 0 startTracking@11
5 00000000 dut_next_value_7_invalid@11
@12
0 0 reset@12
1 1 enq_valid@12
2 11010010 enq_bits@12
3 1 deq_ready@12
4 0 startTracking@12
5 00000000 dut_next_value_7_invalid@12
@13
0 0 reset@13
1 1 enq_valid@13
2 11100000 enq_bits@13
3 1 deq_ready@13
4 0 startTracking@13
5 00000000 dut_next_value_7_invalid@13
@14
0 0 reset@14
1 1 enq_valid@14
2 00100010 enq_bits@14
3 1 deq_ready@14
4 0 startTracking@14
5 00000000 dut_next_value_7_invalid@14
@15
0 0 reset@15
1 1 enq_valid@15
2 11101000 enq_bits@15
3 1 deq_ready@15
4 1 startTracking@15
5 00000000 dut_next_value_7_invalid@15
@16
0 0 reset@16
1 1 enq_valid@16
2 11100000 enq_bits@16
3 1 deq_ready@16
4 1 startTracking@16
5 00000000 dut_next_value_7_invalid@16
.
