sat
b1
#0
0 [00] 1111111111111111111111111111111111111111111111111111111111111111 dut_fifo_entries@0
0 [01] 1111111111111111111111111111111111111111111111111111111111111111 dut_fifo_entries@0
0 [10] 1111111111111111111111111111111111111111111111111111111111111111 dut_fifo_entries@0
0 [11] 1100111111111111100010011001100110011001100110011001100110000000 dut_fifo_entries@0
1 000 dut_fifo_cnt#0
2 00 dut_fifo_wrPtr#0
3 00 dut_fifo_rdPtr#0
4 001 dut_cc_credits#0
5 [00] 0000000000000000000000000000000000000000000000000000000000000010 dut_fifo_1_entries@0
5 [01] 0000000000000000000000000000000000000000000000000000000000000010 dut_fifo_1_entries@0
6 000 dut_fifo_1_cnt#0
7 00 dut_fifo_1_wrPtr#0
8 00 dut_fifo_1_rdPtr#0
9 001 dut_cc_1_credits#0
10 [00] 0000000000000000000000000000000000000000000000000000000000000001 dut_fifo_2_entries@0
10 [01] 1011111111111111111111111111111111111111111111111111111111111111 dut_fifo_2_entries@0
10 [10] 0000000000000000000000000000000000000000000000000000000000000000 dut_fifo_2_entries@0
10 [11] 0000000000000000000000000000000000000000000000000000000000000000 dut_fifo_2_entries@0
11 000 dut_fifo_2_cnt#0
12 00 dut_fifo_2_wrPtr#0
13 00 dut_fifo_2_rdPtr#0
14 001 dut_cc_2_credits#0
15 [00] 1111111111111111111111111111111111111111111111111111111111111111 dut_fifo_3_entries@0
15 [01] 0100000000000000000000000000000000000000000000000000000000000011 dut_fifo_3_entries@0
15 [10] 0000000000000000000000000000000000000000000000000000000000000000 dut_fifo_3_entries@0
16 001 dut_fifo_3_cnt#0
17 00 dut_fifo_3_wrPtr#0
18 00 dut_fifo_3_rdPtr#0
19 001 dut_cc_3_credits#0
21 000 queues_0_enq_ptr_value#0
22 000 queues_0_deq_ptr_value#0
23 0 queues_0_maybe_full#0
24 [000] 0000000000000000000000000000000000000000000000000000000000000010 queues_1_ram@0
25 000 queues_1_enq_ptr_value#0
26 000 queues_1_deq_ptr_value#0
27 0 queues_1_maybe_full#0
29 000 queues_2_enq_ptr_value#0
30 000 queues_2_deq_ptr_value#0
31 0 queues_2_maybe_full#0
33 000 queues_3_enq_ptr_value#0
34 000 queues_3_deq_ptr_value#0
35 0 queues_3_maybe_full#0
@0
0 1 reset@0
1 0 tryPush_0@0
2 0 tryPush_1@0
3 0 tryPush_2@0
4 1 tryPush_3@0
5 0111100110011001100110011001100110011001100110011001100111011110 fifoDataIn_0@0
6 1111111111111111111111111111111111111111111111111111111101111101 fifoDataIn_1@0
7 0000000000000000000000000000000000000000000000000000000000000000 fifoDataIn_2@0
8 0100000000000000000000000000000000000000000000000000000000000011 fifoDataIn_3@0
9 1 tryReq@0
10 11 selectShift@0
11 000 queues_0__GEN_0_invalid@0
12 0 queues_0__GEN_3_invalid@0
13 1100000000000000000000000000000000000000000000000000000000000000 queues_0__GEN_4_invalid@0
14 000 queues_1__GEN_0_invalid@0
15 0 queues_1__GEN_3_invalid@0
16 0000000000000000000000000000000000000000000000000000000000000010 queues_1__GEN_4_invalid@0
17 000 queues_2__GEN_0_invalid@0
18 0 queues_2__GEN_3_invalid@0
19 0000000000000000000000000000000000000000000000000000000000000000 queues_2__GEN_4_invalid@0
20 000 queues_3__GEN_0_invalid@0
21 0 queues_3__GEN_3_invalid@0
22 0000000000000000000000000000000000000000000000000000000000000011 queues_3__GEN_4_invalid@0
@1
0 0 reset@1
1 1 tryPush_0@1
2 0 tryPush_1@1
3 0 tryPush_2@1
4 0 tryPush_3@1
5 1100000000000000000000000000000000000000000000000000000000000000 fifoDataIn_0@1
6 0000000000000000000000000000000000000000000000000000000010000001 fifoDataIn_1@1
7 0000000000000000000000000000000000000000000000000000000000000000 fifoDataIn_2@1
8 0111111111111111111111111111111111111111111111111111111111111111 fifoDataIn_3@1
9 0 tryReq@1
10 00 selectShift@1
11 000 queues_0__GEN_0_invalid@1
12 0 queues_0__GEN_3_invalid@1
13 0000000000000000000000000000000000000000000000000000000000000001 queues_0__GEN_4_invalid@1
14 000 queues_1__GEN_0_invalid@1
15 0 queues_1__GEN_3_invalid@1
16 0000000000000000000000000000000000000000000000000000000000000111 queues_1__GEN_4_invalid@1
17 000 queues_2__GEN_0_invalid@1
18 0 queues_2__GEN_3_invalid@1
19 0000000000000000000000000000000000000000000000000000000000000000 queues_2__GEN_4_invalid@1
20 000 queues_3__GEN_0_invalid@1
21 0 queues_3__GEN_3_invalid@1
22 0100000000000000000000000000000000000000000000000000000000000011 queues_3__GEN_4_invalid@1
@2
0 0 reset@2
1 1 tryPush_0@2
2 0 tryPush_1@2
3 1 tryPush_2@2
4 1 tryPush_3@2
5 1100000000000000000000000000000000000000000000000000000000000000 fifoDataIn_0@2
6 1000010000000000000000000000000000000000000000000000000001000100 fifoDataIn_1@2
7 0000000000000000000000000000000000000000000000000000000000000000 fifoDataIn_2@2
8 0000000000000000000000000000000000000000000000000000000000000011 fifoDataIn_3@2
9 1 tryReq@2
10 11 selectShift@2
11 001 queues_0__GEN_0_invalid@2
12 0 queues_0__GEN_3_invalid@2
13 1111111111111111111111111111111111111111111111111111111111111111 queues_0__GEN_4_invalid@2
14 001 queues_1__GEN_0_invalid@2
15 0 queues_1__GEN_3_invalid@2
16 0000000000000000000000000000000000000000000000000000000000000010 queues_1__GEN_4_invalid@2
17 001 queues_2__GEN_0_invalid@2
18 0 queues_2__GEN_3_invalid@2
19 1011111111111111111111111111111111111111111111111111111111111111 queues_2__GEN_4_invalid@2
20 001 queues_3__GEN_0_invalid@2
21 0 queues_3__GEN_3_invalid@2
22 0100000000000000000000000000000000000000000000000000000000000011 queues_3__GEN_4_invalid@2
@3
0 0 reset@3
1 1 tryPush_0@3
2 0 tryPush_1@3
3 1 tryPush_2@3
4 0 tryPush_3@3
5 1110111111111111100010011001100110011001100110011001100110000000 fifoDataIn_0@3
6 0000000000000000000000000000000000000000000000000000000010000001 fifoDataIn_1@3
7 0000000000000000000000000000000000000000000000000000000000000000 fifoDataIn_2@3
8 0111111111111111111111111111111111111111111111111111111111111111 fifoDataIn_3@3
9 0 tryReq@3
10 01 selectShift@3
11 100 queues_0__GEN_0_invalid@3
12 0 queues_0__GEN_3_invalid@3
13 0000000000000000000000000000000000000000000000000000000000000001 queues_0__GEN_4_invalid@3
14 010 queues_1__GEN_0_invalid@3
15 0 queues_1__GEN_3_invalid@3
16 0000000000000000000000000000000000000000000000000000000000000010 queues_1__GEN_4_invalid@3
17 000 queues_2__GEN_0_invalid@3
18 0 queues_2__GEN_3_invalid@3
19 1011111111111111111111111111111111111111111111111111111111111111 queues_2__GEN_4_invalid@3
20 000 queues_3__GEN_0_invalid@3
21 0 queues_3__GEN_3_invalid@3
22 1100000000000000000000000000000000000000000000000000000000000011 queues_3__GEN_4_invalid@3
@4
0 0 reset@4
1 1 tryPush_0@4
2 1 tryPush_1@4
3 1 tryPush_2@4
4 1 tryPush_3@4
5 1110000000000000000000000000000000000000000000000000000000000000 fifoDataIn_0@4
6 0000000000000000000000000000000000000000000000000000000000000010 fifoDataIn_1@4
7 0000000000000000000000000000000000000000000000000000000000000000 fifoDataIn_2@4
8 0000000000000000000000000000000000000000000000000000000000000011 fifoDataIn_3@4
9 0 tryReq@4
10 00 selectShift@4
11 000 queues_0__GEN_0_invalid@4
12 0 queues_0__GEN_3_invalid@4
13 0000000000000000000000000000000000000000000000000000000000000000 queues_0__GEN_4_invalid@4
14 000 queues_1__GEN_0_invalid@4
15 0 queues_1__GEN_3_invalid@4
16 0000000000000000000000000000000000000000000000000000000010000011 queues_1__GEN_4_invalid@4
17 100 queues_2__GEN_0_invalid@4
18 0 queues_2__GEN_3_invalid@4
19 0000000000000000000000000000000000000000000000000000000000000000 queues_2__GEN_4_invalid@4
20 001 queues_3__GEN_0_invalid@4
21 0 queues_3__GEN_3_invalid@4
22 0000000000000000000000000000000000000000000000000000000000000000 queues_3__GEN_4_invalid@4
@5
0 0 reset@5
1 1 tryPush_0@5
2 0 tryPush_1@5
3 0 tryPush_2@5
4 1 tryPush_3@5
5 1110000000000000000000000000000000000000000000000000000000000000 fifoDataIn_0@5
6 0000000000000000000000000000000000000000000000000000000000000000 fifoDataIn_1@5
7 0000000000000000000000000000000000000000000000000000000000000000 fifoDataIn_2@5
8 0000000000000000000000000000000000000000000000000000000000000000 fifoDataIn_3@5
9 0 tryReq@5
10 11 selectShift@5
11 001 queues_0__GEN_0_invalid@5
12 0 queues_0__GEN_3_invalid@5
13 0000000000000000000000000000000000000000000000000000000000000000 queues_0__GEN_4_invalid@5
14 000 queues_1__GEN_0_invalid@5
15 0 queues_1__GEN_3_invalid@5
16 0000000000000000000000000000000000000000000000000000000000000000 queues_1__GEN_4_invalid@5
17 000 queues_2__GEN_0_invalid@5
18 0 queues_2__GEN_3_invalid@5
19 0000000000000000000000000000000000000000000000000000000000000000 queues_2__GEN_4_invalid@5
20 000 queues_3__GEN_0_invalid@5
21 0 queues_3__GEN_3_invalid@5
22 0000000000000000000000000000000000000000000000000000000000000000 queues_3__GEN_4_invalid@5
@6
0 0 reset@6
1 0 tryPush_0@6
2 0 tryPush_1@6
3 0 tryPush_2@6
4 0 tryPush_3@6
5 1111111111111111111111111111111111111111111111111111111111111111 fifoDataIn_0@6
6 0000000000000000000000000000000000000000000000000000000000000000 fifoDataIn_1@6
7 0000000000000000000000000000000000000000000000000000000000000000 fifoDataIn_2@6
8 0000000000000000000000000000000000000000000000000000000000000000 fifoDataIn_3@6
9 1 tryReq@6
10 00 selectShift@6
11 000 queues_0__GEN_0_invalid@6
12 0 queues_0__GEN_3_invalid@6
13 0000000000000000000000000000000000000000000000000000000000000000 queues_0__GEN_4_invalid@6
14 000 queues_1__GEN_0_invalid@6
15 0 queues_1__GEN_3_invalid@6
16 0000000000000000000000000000000000000000000000000000000000000000 queues_1__GEN_4_invalid@6
17 000 queues_2__GEN_0_invalid@6
18 0 queues_2__GEN_3_invalid@6
19 0000000000000000000000000000000000000000000000000000000000000000 queues_2__GEN_4_invalid@6
20 000 queues_3__GEN_0_invalid@6
21 0 queues_3__GEN_3_invalid@6
22 0000000000000000000000000000000000000000000000000000000000000000 queues_3__GEN_4_invalid@6
.
