sat
b1
#0
0 [01] 1111111111111111111111111111111111111111111111111111111111111111 dut_fifo_entries@0
0 [00] 1110111011101110111011101110111011000010001100100010001000101000 dut_fifo_entries@0
0 [10] 0000110110111110001110000000101110011101110110011101110000000000 dut_fifo_entries@0
0 [11] 1000110110111110001110000000101110011101110110011101110000000000 dut_fifo_entries@0
1 001 dut_fifo_cnt#0
2 01 dut_fifo_wrPtr#0
3 00 dut_fifo_rdPtr#0
4 001 dut_cc_credits#0
5 [00] 0000000000000000000000000000000000000000000000000000000000000001 dut_fifo_1_entries@0
5 [01] 0000000000000000000000000000000000000000000000000000000000000001 dut_fifo_1_entries@0
6 001 dut_fifo_1_cnt#0
7 00 dut_fifo_1_wrPtr#0
8 00 dut_fifo_1_rdPtr#0
9 001 dut_cc_1_credits#0
11 000 queues_0_enq_ptr_value#0
12 000 queues_0_deq_ptr_value#0
13 0 queues_0_maybe_full#0
14 [000] 0000000000000000000000000000000000000000000000000000000000000001 queues_1_ram@0
15 000 queues_1_enq_ptr_value#0
16 000 queues_1_deq_ptr_value#0
17 0 queues_1_maybe_full#0
@0
0 1 reset@0
1 1 tryPush_0@0
2 0 tryPush_1@0
3 0000110110111111001110000011101110011101110110011101110000000000 fifoDataIn_0@0
4 0000000000000000000000000000000000000000000000000000000000000000 fifoDataIn_1@0
5 1 tryReq@0
6 0 selectShift@0
7 000 queues_0__GEN_0_invalid@0
8 0 queues_0__GEN_3_invalid@0
9 1111001001000000110001111100010001100010001001100010001110111111 queues_0__GEN_4_invalid@0
10 000 queues_1__GEN_0_invalid@0
11 0 queues_1__GEN_3_invalid@0
12 0000000000000000000000000000000000000000000000000000000000000000 queues_1__GEN_4_invalid@0
@1
0 0 reset@1
1 1 tryPush_0@1
2 0 tryPush_1@1
3 0000110110111111001110000011101110011101110110011101110000000000 fifoDataIn_0@1
4 1111111111111111111111111111111111111111111111111111111111111111 fifoDataIn_1@1
5 0 tryReq@1
6 0 selectShift@1
7 000 queues_0__GEN_0_invalid@1
8 0 queues_0__GEN_3_invalid@1
9 1111111111111111111111111111111111111111111111111111111111111110 queues_0__GEN_4_invalid@1
10 000 queues_1__GEN_0_invalid@1
11 0 queues_1__GEN_3_invalid@1
12 0000000000000000000000000000000000000000000000000000000000000001 queues_1__GEN_4_invalid@1
@2
0 0 reset@2
1 1 tryPush_0@2
2 0 tryPush_1@2
3 0000110110111110001110000000101110011101110110011101110000000000 fifoDataIn_0@2
4 1000000000000000000000000000000000000000000000000000000000000001 fifoDataIn_1@2
5 1 tryReq@2
6 1 selectShift@2
7 001 queues_0__GEN_0_invalid@2
8 0 queues_0__GEN_3_invalid@2
9 1110011101101101111001100110011001100110000000000010000111100011 queues_0__GEN_4_invalid@2
10 001 queues_1__GEN_0_invalid@2
11 0 queues_1__GEN_3_invalid@2
12 0000000000000000000000000000000000000000000000000000000000000001 queues_1__GEN_4_invalid@2
@3
0 0 reset@3
1 1 tryPush_0@3
2 0 tryPush_1@3
3 0000110110111110001110000000101110011101110110011101110000000000 fifoDataIn_0@3
4 0011111111111111111111111111111111111111111011111111111111010110 fifoDataIn_1@3
5 0 tryReq@3
6 0 selectShift@3
7 001 queues_0__GEN_0_invalid@3
8 0 queues_0__GEN_3_invalid@3
9 1111111111111111100110011001100110011001100110011001110000100000 queues_0__GEN_4_invalid@3
10 010 queues_1__GEN_0_invalid@3
11 0 queues_1__GEN_3_invalid@3
12 0011111111111111111111111111111111111111111011111111111111010110 queues_1__GEN_4_invalid@3
@4
0 0 reset@4
1 1 tryPush_0@4
2 1 tryPush_1@4
3 0000110110111110001110000000101110011101110110011101110000000000 fifoDataIn_0@4
4 0000000000000000000000000000000000000000000000000000000000000001 fifoDataIn_1@4
5 0 tryReq@4
6 0 selectShift@4
7 101 queues_0__GEN_0_invalid@4
8 0 queues_0__GEN_3_invalid@4
9 1111111111111111100110011001100110011001100110011101100111111111 queues_0__GEN_4_invalid@4
10 010 queues_1__GEN_0_invalid@4
11 0 queues_1__GEN_3_invalid@4
12 0000000000000000000000000000000000000000000000000000000000000000 queues_1__GEN_4_invalid@4
@5
0 0 reset@5
1 1 tryPush_0@5
2 1 tryPush_1@5
3 0000110110111110001110000000101110011101110110011101110000000000 fifoDataIn_0@5
4 0000000000000000000000000000000000000000000000000000000000000001 fifoDataIn_1@5
5 0 tryReq@5
6 0 selectShift@5
7 001 queues_0__GEN_0_invalid@5
8 0 queues_0__GEN_3_invalid@5
9 0000000000000000000000000000000000000000000000000000000000000000 queues_0__GEN_4_invalid@5
10 000 queues_1__GEN_0_invalid@5
11 0 queues_1__GEN_3_invalid@5
12 0000000000000000000000000000000000000000000000000000000000000000 queues_1__GEN_4_invalid@5
@6
0 0 reset@6
1 0 tryPush_0@6
2 0 tryPush_1@6
3 0001111111111111111111111111111111111111111111111111111111111111 fifoDataIn_0@6
4 0000000000000000000000000000000000000000000000000000000000000000 fifoDataIn_1@6
5 1 tryReq@6
6 0 selectShift@6
7 000 queues_0__GEN_0_invalid@6
8 0 queues_0__GEN_3_invalid@6
9 0000000000000000000000000000000000000000000000000000000000000000 queues_0__GEN_4_invalid@6
10 000 queues_1__GEN_0_invalid@6
11 0 queues_1__GEN_3_invalid@6
12 0000000000000000000000000000000000000000000000000000000000000000 queues_1__GEN_4_invalid@6
.
