sat
b1
#0
0 [00] 00000000 dut_fifo_entries@0
0 [01] 11111111 dut_fifo_entries@0
0 [10] 11111100 dut_fifo_entries@0
0 [11] 11111100 dut_fifo_entries@0
1 000 dut_fifo_cnt#0
2 00 dut_fifo_wrPtr#0
3 00 dut_fifo_rdPtr#0
4 000 dut_cc_credits#0
5 [11] 11111111 dut_fifo_1_entries@0
5 [00] 00000000 dut_fifo_1_entries@0
6 000 dut_fifo_1_cnt#0
7 11 dut_fifo_1_wrPtr#0
8 00 dut_fifo_1_rdPtr#0
9 000 dut_cc_1_credits#0
10 [11] 11111111 dut_fifo_2_entries@0
10 [00] 00000000 dut_fifo_2_entries@0
11 000 dut_fifo_2_cnt#0
12 11 dut_fifo_2_wrPtr#0
13 00 dut_fifo_2_rdPtr#0
14 000 dut_cc_2_credits#0
15 [11] 11111111 dut_fifo_3_entries@0
15 [00] 00000000 dut_fifo_3_entries@0
16 000 dut_fifo_3_cnt#0
17 11 dut_fifo_3_wrPtr#0
18 00 dut_fifo_3_rdPtr#0
19 000 dut_cc_3_credits#0
20 000 tracker_elementCount#0
21 0 tracker_isActive#0
22 00000000 tracker_packetValue#0
23 011 tracker_packetCount#0
@0
0 1 reset@0
1 1 io_push_0@0
2 1 io_push_1@0
3 1 io_push_2@0
4 1 io_push_3@0
5 11111100 io_data_in_0@0
6 00000000 io_data_in_1@0
7 00000000 io_data_in_2@0
8 00000000 io_data_in_3@0
9 1 io_req@0
10 00 io_gnt_sel@0
11 1 startTracking@0
@1
0 0 reset@1
1 1 io_push_0@1
2 0 io_push_1@1
3 0 io_push_2@1
4 0 io_push_3@1
5 11111111 io_data_in_0@1
6 00000000 io_data_in_1@1
7 00000000 io_data_in_2@1
8 11111111 io_data_in_3@1
9 0 io_req@1
10 00 io_gnt_sel@1
11 1 startTracking@1
@2
0 0 reset@2
1 1 io_push_0@2
2 0 io_push_1@2
3 0 io_push_2@2
4 0 io_push_3@2
5 11111111 io_data_in_0@2
6 00000000 io_data_in_1@2
7 00000000 io_data_in_2@2
8 00000000 io_data_in_3@2
9 0 io_req@2
10 10 io_gnt_sel@2
11 0 startTracking@2
@3
0 0 reset@3
1 1 io_push_0@3
2 0 io_push_1@3
3 0 io_push_2@3
4 0 io_push_3@3
5 11111100 io_data_in_0@3
6 00000000 io_data_in_1@3
7 00000001 io_data_in_2@3
8 11111111 io_data_in_3@3
9 0 io_req@3
10 00 io_gnt_sel@3
11 0 startTracking@3
@4
0 0 reset@4
1 1 io_push_0@4
2 0 io_push_1@4
3 0 io_push_2@4
4 0 io_push_3@4
5 11111101 io_data_in_0@4
6 00000000 io_data_in_1@4
7 11111111 io_data_in_2@4
8 00000001 io_data_in_3@4
9 0 io_req@4
10 10 io_gnt_sel@4
11 0 startTracking@4
@5
0 0 reset@5
1 1 io_push_0@5
2 1 io_push_1@5
3 1 io_push_2@5
4 0 io_push_3@5
5 11111101 io_data_in_0@5
6 00000000 io_data_in_1@5
7 00000000 io_data_in_2@5
8 00000000 io_data_in_3@5
9 0 io_req@5
10 11 io_gnt_sel@5
11 1 startTracking@5
@6
0 0 reset@6
1 0 io_push_0@6
2 1 io_push_1@6
3 1 io_push_2@6
4 1 io_push_3@6
5 11111100 io_data_in_0@6
6 00000000 io_data_in_1@6
7 00000000 io_data_in_2@6
8 00000000 io_data_in_3@6
9 1 io_req@6
10 00 io_gnt_sel@6
11 1 startTracking@6
.
