sat
b1
#0
0 [0000] 1111111111111111111111111111111111111111111111111111111111111111 dut_entries@0
0 [0001] 1100000000000010000000000000000000000000000000000000000000000000 dut_entries@0
0 [0010] 1101101101111111111000011110100110101110011001100110011001100001 dut_entries@0
0 [0011] 1101101111101111111000011110101110101110011001100110011001100111 dut_entries@0
0 [0100] 1101101101101111111000011110101110101110011001100110011001100111 dut_entries@0
0 [0101] 1101101111101111111000011110100111011111111111111111111111111111 dut_entries@0
0 [0110] 1101101101101111111000011110101110101110011001100110011001100111 dut_entries@0
0 [0111] 1101101101101111111000011110101111001110011001100110011001100110 dut_entries@0
0 [1000] 1101101101101111111000011110101110101110011001100110011001100110 dut_entries@0
0 [1001] 1101101101101111111000011110101110101110011001100110011001100110 dut_entries@0
1 0000 dut_wrPtr#0
2 0000 dut_rdPtr#0
3 00001 dut_cnt#0
4 00000 tracker_elementCount#0
5 0 tracker_isActive#0
6 0010010011010000000111100111110000100110011001100110011001100110 tracker_packetValue#0
7 00010 tracker_packetCount#0
@0
0 1 reset@0
1 0 enq_valid@0
2 0010011111110001100000011110010111011111111111111111111111111110 enq_bits@0
3 0 deq_ready@0
4 1 startTracking@0
5 1111111111111111111111111111111111111111111111111111111111111111 dut_entries_input_data_MPORT_rand_data@0
6 0000000000000000000000000000000000000000000000000000000000000000 dut_entries_io_data_out_MPORT_rand_data@0
@1
0 0 reset@1
1 1 enq_valid@1
2 1101101101101111111000011110101110101110011001100110011001100110 enq_bits@1
3 0 deq_ready@1
4 0 startTracking@1
5 0000000000000000000000000000000000000000000000000000000000000000 dut_entries_input_data_MPORT_rand_data@1
6 0000000000000000000000000000000000000000000000000000000000000000 dut_entries_io_data_out_MPORT_rand_data@1
@2
0 0 reset@2
1 1 enq_valid@2
2 1101101101111111111000011110100110101110011001100110011001100111 enq_bits@2
3 1 deq_ready@2
4 0 startTracking@2
5 1111111111111111111111111111111111111111111111111111111111111111 dut_entries_input_data_MPORT_rand_data@2
6 0000000000000000000000000000000000000000000000000000000000000000 dut_entries_io_data_out_MPORT_rand_data@2
@3
0 0 reset@3
1 1 enq_valid@3
2 1101101111101111111000011110101110101110011001100110011001100111 enq_bits@3
3 1 deq_ready@3
4 0 startTracking@3
5 1111111111111111111111111111111111111111111111111111111111111111 dut_entries_input_data_MPORT_rand_data@3
6 1111111111111111111111111111111111111111111111111111111111111111 dut_entries_io_data_out_MPORT_rand_data@3
@4
0 0 reset@4
1 1 enq_valid@4
2 1101101101101111111000011110101110101110011001100110011001100111 enq_bits@4
3 1 deq_ready@4
4 0 startTracking@4
5 1111111111111111111111111111111111111111111111111111111111111111 dut_entries_input_data_MPORT_rand_data@4
6 1111111111111111111111111111111111111111111111111111111111111111 dut_entries_io_data_out_MPORT_rand_data@4
@5
0 0 reset@5
1 1 enq_valid@5
2 0111000111001001011001001110110110101110011001100110011001100111 enq_bits@5
3 1 deq_ready@5
4 0 startTracking@5
5 1111111111111111111111111111111111111111111111111111111111111111 dut_entries_input_data_MPORT_rand_data@5
6 1111111111111111111111111111111111111111111111111111111111111111 dut_entries_io_data_out_MPORT_rand_data@5
@6
0 0 reset@6
1 1 enq_valid@6
2 1101101101101111111000011110101110101110011001100110011001100110 enq_bits@6
3 1 deq_ready@6
4 0 startTracking@6
5 1111111111111111111111111111111111111111111111111111111111111111 dut_entries_input_data_MPORT_rand_data@6
6 1111111111111111111111111111111111111111111111111111111111111111 dut_entries_io_data_out_MPORT_rand_data@6
@7
0 0 reset@7
1 1 enq_valid@7
2 1101101101101111111000011110101110101110011001100110011001100110 enq_bits@7
3 1 deq_ready@7
4 1 startTracking@7
5 1111111111111111111111111111111111111111111111111111111111111111 dut_entries_input_data_MPORT_rand_data@7
6 1111111111111111111111111111111111111111111111111111111111111111 dut_entries_io_data_out_MPORT_rand_data@7
@8
0 0 reset@8
1 1 enq_valid@8
2 1101101101101111111000011110101110101110011001100110011001100110 enq_bits@8
3 1 deq_ready@8
4 1 startTracking@8
5 1111111111111111111111111111111111111111111111111111111111111111 dut_entries_input_data_MPORT_rand_data@8
6 1111111111111111111111111111111111111111111111111111111111111111 dut_entries_io_data_out_MPORT_rand_data@8
@9
0 0 reset@9
1 1 enq_valid@9
2 1101101101101111111000011110101110101110011001100110011001100110 enq_bits@9
3 1 deq_ready@9
4 0 startTracking@9
5 1111111111111111111111111111111111111111111111111111111111111111 dut_entries_input_data_MPORT_rand_data@9
6 1111111111111111111111111111111111111111111111111111111111111111 dut_entries_io_data_out_MPORT_rand_data@9
@10
0 0 reset@10
1 1 enq_valid@10
2 1101101101101111111000011110101110101110011001100110011001100111 enq_bits@10
3 1 deq_ready@10
4 1 startTracking@10
5 1101100000010111111000011110001000100000000000000000000000000001 dut_entries_input_data_MPORT_rand_data@10
6 1111111111111111111111111111111111111111111111111111111111111111 dut_entries_io_data_out_MPORT_rand_data@10
@11
0 0 reset@11
1 1 enq_valid@11
2 1101101101001111111000011110101110101110011001100110011001100110 enq_bits@11
3 1 deq_ready@11
4 1 startTracking@11
5 0000000000000000000000000000000000000000000000000000000000000000 dut_entries_input_data_MPORT_rand_data@11
6 1101101101001111111000011110101110101110011001100110011001100111 dut_entries_io_data_out_MPORT_rand_data@11
.
