sat
b1
#0
0 0100 dut_count#0
1 0000000000000000000000000000000000000000000000000000000000000000 dut_entries_0#0
2 0000000000000000000000000000000000000000000000000000000000000000 dut_entries_1#0
3 0000000000000000000000000000000000000000000000000000000000000000 dut_entries_2#0
4 0000000000000000000000000000000000000000000000000000000000000000 dut_entries_3#0
5 0000000000000000000000000000000000000000000000000000000000000000 dut_entries_4#0
6 0000000000000000000000000000000000000000000000000000000000000000 dut_entries_5#0
7 0000000000000000000000000000000000000000000000000000000000000000 dut_entries_6#0
8 0000000000000000000000000000000000000000000000000000000000000000 dut_entries_7#0
9 00010 tracker_elementCount#0
10 0 tracker_isActive#0
11 1111111111111111111111111111111111111111111111111111111111111111 tracker_packetValue#0
12 00000 tracker_packetCount#0
@0
0 1 reset@0
1 0 enq_valid@0
2 0000000000000000000000000000000000000000000000000000000000000000 enq_bits@0
3 0 deq_ready@0
4 0 startTracking@0
5 0000000000000000000000000000000000000000000000000000000000000000 dut_next_value_7_invalid@0
@1
0 0 reset@1
1 1 enq_valid@1
2 1111111101111111111111011111111111110011111111111111011110101111 enq_bits@1
3 0 deq_ready@1
4 0 startTracking@1
5 0000000000000000000000000000000000000000000000000000000000000000 dut_next_value_7_invalid@1
@2
0 0 reset@2
1 1 enq_valid@2
2 0000000000000000000000000000000000000000000000000000000000000000 enq_bits@2
3 0 deq_ready@2
4 0 startTracking@2
5 0000000000000000000000000000000000000000000000000000000000000000 dut_next_value_7_invalid@2
@3
0 0 reset@3
1 1 enq_valid@3
2 0110001101100101000000010000000001101000000011111011000000000111 enq_bits@3
3 0 deq_ready@3
4 0 startTracking@3
5 0000000000000000000000000000000000000000000000000000000000000000 dut_next_value_7_invalid@3
@4
0 0 reset@4
1 1 enq_valid@4
2 1000010100000011011000011110011000001110011011011101101011101011 enq_bits@4
3 0 deq_ready@4
4 0 startTracking@4
5 0000000000000000000000000000000000000000000000000000000000000000 dut_next_value_7_invalid@4
@5
0 0 reset@5
1 1 enq_valid@5
2 0000010100000011011000011110011000001110011011101111000000100100 enq_bits@5
3 0 deq_ready@5
4 0 startTracking@5
5 0000000000000000000000000000000000000000000000000000000000000000 dut_next_value_7_invalid@5
@6
0 0 reset@6
1 1 enq_valid@6
2 1110001101100101000000010100000001101000000010001011100010101101 enq_bits@6
3 0 deq_ready@6
4 0 startTracking@6
5 0000000000000000000000000000000000000000000000000000000000000000 dut_next_value_7_invalid@6
@7
0 0 reset@7
1 1 enq_valid@7
2 0000000101000111001000011110001001001010001010101011000000100100 enq_bits@7
3 0 deq_ready@7
4 0 startTracking@7
5 0000000000000000000000000000000000000000000000000000000000000000 dut_next_value_7_invalid@7
@8
0 0 reset@8
1 1 enq_valid@8
2 0000000100000011001000011010001000001010011010101111010001100100 enq_bits@8
3 0 deq_ready@8
4 1 startTracking@8
5 1000000100000011001000011010001000001010011010101111010001100100 dut_next_value_7_invalid@8
@9
0 0 reset@9
1 0 enq_valid@9
2 1110000000010001001000000000000000000000000011111011111111111100 enq_bits@9
3 1 deq_ready@9
4 0 startTracking@9
5 0000000000000000000000000000000000000000000000000000000000000000 dut_next_value_7_invalid@9
@10
0 0 reset@10
1 1 enq_valid@10
2 0010010000000000011000000100010000000100010000100010001000100100 enq_bits@10
3 1 deq_ready@10
4 0 startTracking@10
5 0000000000000000000000000000000000000000000000000000000000000000 dut_next_value_7_invalid@10
@11
0 0 reset@11
1 1 enq_valid@11
2 0001111111101110110111111111101111111011101100000100000000000010 enq_bits@11
3 1 deq_ready@11
4 0 startTracking@11
5 0000000000000000000000000000000000000000000000000000000000000000 dut_next_value_7_invalid@11
@12
0 0 reset@12
1 0 enq_valid@12
2 0010000000010001001000000000100100000000001011111011111111111100 enq_bits@12
3 1 deq_ready@12
4 0 startTracking@12
5 0000000000000000000000000000000000000000000000000000000000000000 dut_next_value_7_invalid@12
@13
0 0 reset@13
1 1 enq_valid@13
2 0000000000000001011001100110011001111001110110011001100000111101 enq_bits@13
3 1 deq_ready@13
4 0 startTracking@13
5 0000000000000000000000000000000000000000000000000000000000000000 dut_next_value_7_invalid@13
@14
0 0 reset@14
1 1 enq_valid@14
2 0000000000000000000000000000000000000000000000000000000000000000 enq_bits@14
3 1 deq_ready@14
4 0 startTracking@14
5 0000000000000000000000000000000000000000000000000000000000000000 dut_next_value_7_invalid@14
@15
0 0 reset@15
1 0 enq_valid@15
2 0000000000000000000000000000000000000000000000000000000000000000 enq_bits@15
3 1 deq_ready@15
4 0 startTracking@15
5 0000000000000000000000000000000000000000000000000000000000000000 dut_next_value_7_invalid@15
@16
0 0 reset@16
1 0 enq_valid@16
2 0111111011111100110111100101110111110101100101010000101110011011 enq_bits@16
3 1 deq_ready@16
4 0 startTracking@16
5 0000000000000000000000000000000000000000000000000000000000000000 dut_next_value_7_invalid@16
.
