sat
b1
#0
0 [000] 1111111111111111111111111111111111111111111111111111111111111111 dut_fifo_entries@0
0 [001] 0000100110011001111111011001100110011001100110011001100110011010 dut_fifo_entries@0
0 [010] 1000000000000000000000000000000000000000000000000000000000000000 dut_fifo_entries@0
0 [011] 1000000000000000000000000000000000000000000000000000000000000000 dut_fifo_entries@0
0 [100] 0000000000000000100000000000011011101110111011101110111011101100 dut_fifo_entries@0
0 [101] 1111111000000000000000000000000000000000000000000000011111111111 dut_fifo_entries@0
0 [110] 1111111111111111111111111111111111111111111111111111111111111111 dut_fifo_entries@0
0 [111] 0000000000000000000000000000011111111111111111111111111111101100 dut_fifo_entries@0
1 0000 dut_fifo_cnt#0
2 000 dut_fifo_wrPtr#0
3 000 dut_fifo_rdPtr#0
4 0000 dut_cc_credits#0
5 [001] 1111111111111111111111111111111111111111111111111111111111111111 dut_fifo_1_entries@0
5 [000] 1000000000000000000000000000000000000000000000000000000000000000 dut_fifo_1_entries@0
6 0000 dut_fifo_1_cnt#0
7 001 dut_fifo_1_wrPtr#0
8 000 dut_fifo_1_rdPtr#0
9 0000 dut_cc_1_credits#0
10 [000] 1111111111111111111111111111111111111111111111111111111111111111 dut_fifo_2_entries@0
11 0000 dut_fifo_2_cnt#0
12 000 dut_fifo_2_wrPtr#0
13 000 dut_fifo_2_rdPtr#0
14 0000 dut_cc_2_credits#0
15 0100 tracker_elementCount#0
16 0 tracker_isActive#0
17 1111111111111110111110111111111111111111111111111111111111111001 tracker_packetValue#0
18 0101 tracker_packetCount#0
@0
0 1 reset@0
1 1 io_push_0@0
2 1 io_push_1@0
3 1 io_push_2@0
4 1111111111111111111111111111111111111111111111111111111111111111 io_data_in_0@0
5 0000000000000000000000000000000000000000000000000000000000000000 io_data_in_1@0
6 1111111111111111111111111111111111111111111111111111111111111111 io_data_in_2@0
7 0 io_req@0
8 00 io_gnt_sel@0
9 0 startTracking@0
@1
0 0 reset@1
1 1 io_push_0@1
2 0 io_push_1@1
3 0 io_push_2@1
4 1000000000000000000000000000000000000000000000000000000000000000 io_data_in_0@1
5 1111111111111111111111111111111111111111111111111111111111111111 io_data_in_1@1
6 0001000010011001000111011001000100010001000100010001000100010100 io_data_in_2@1
7 0 io_req@1
8 01 io_gnt_sel@1
9 1 startTracking@1
@2
0 0 reset@2
1 1 io_push_0@2
2 0 io_push_1@2
3 0 io_push_2@2
4 1111111000000000000000000000000000000000000000000000011111111111 io_data_in_0@2
5 1000000000000000000000000000000000000000000000000000000000000000 io_data_in_1@2
6 1111111111111111111111111111111111111111111111111111111111111111 io_data_in_2@2
7 0 io_req@2
8 00 io_gnt_sel@2
9 0 startTracking@2
@3
0 0 reset@3
1 1 io_push_0@3
2 0 io_push_1@3
3 0 io_push_2@3
4 0000000000000000000000000000000000000000000000000000000000000000 io_data_in_0@3
5 1110011001100110011001100110011001100110011001100110010111110100 io_data_in_1@3
6 0111111111111111111111111111111111111111111111111111111111111111 io_data_in_2@3
7 0 io_req@3
8 00 io_gnt_sel@3
9 1 startTracking@3
@4
0 0 reset@4
1 1 io_push_0@4
2 0 io_push_1@4
3 0 io_push_2@4
4 0000000000000000000000000000000000000000000000000000000000000000 io_data_in_0@4
5 0000000000000000000000000000000000000000000000000000000000000000 io_data_in_1@4
6 0000000000000000000000000000000000000000000000000000000000000000 io_data_in_2@4
7 0 io_req@4
8 00 io_gnt_sel@4
9 1 startTracking@4
@5
0 0 reset@5
1 1 io_push_0@5
2 0 io_push_1@5
3 0 io_push_2@5
4 0000000000000000000000000000000000000000000000000000000000000001 io_data_in_0@5
5 0000000000000000000000000000000000000000000000000000000100000101 io_data_in_1@5
6 0000000000000000000000000000000000000000000000000000000000000000 io_data_in_2@5
7 0 io_req@5
8 01 io_gnt_sel@5
9 1 startTracking@5
@6
0 0 reset@6
1 1 io_push_0@6
2 1 io_push_1@6
3 0 io_push_2@6
4 0000100000000000000000000000000000000000000000000000000000000000 io_data_in_0@6
5 0000000000000000000000000000000000000000000000000000000000000000 io_data_in_1@6
6 0000000000000000000000000000000000000000000000000000000000000000 io_data_in_2@6
7 1 io_req@6
8 11 io_gnt_sel@6
9 1 startTracking@6
@7
0 0 reset@7
1 1 io_push_0@7
2 0 io_push_1@7
3 0 io_push_2@7
4 0000000000000000000000000000000000000000000000000000000000000100 io_data_in_0@7
5 1111111111111111111111111111111111111111111111111111111111111111 io_data_in_1@7
6 0111111111111111111111111111111111111111111111111111111111111111 io_data_in_2@7
7 0 io_req@7
8 00 io_gnt_sel@7
9 0 startTracking@7
@8
0 0 reset@8
1 1 io_push_0@8
2 0 io_push_1@8
3 0 io_push_2@8
4 0000000000000000000000000000000000000000000000000000000000000010 io_data_in_0@8
5 1111111111111111111111111111111111111111111111111111111111111111 io_data_in_1@8
6 0111111111111111111111111111111111111111111111111111111111111111 io_data_in_2@8
7 0 io_req@8
8 00 io_gnt_sel@8
9 1 startTracking@8
@9
0 0 reset@9
1 1 io_push_0@9
2 1 io_push_1@9
3 1 io_push_2@9
4 0000000000000000000000000000000000000000000000000000000000000000 io_data_in_0@9
5 0000000000000000000000000000000000000000000000000000000000000000 io_data_in_1@9
6 0000000000000000000000000000000000000000000000000000000000000000 io_data_in_2@9
7 0 io_req@9
8 00 io_gnt_sel@9
9 0 startTracking@9
@10
0 0 reset@10
1 0 io_push_0@10
2 0 io_push_1@10
3 0 io_push_2@10
4 0000000000000000000000000000000000000000000000000000000000000001 io_data_in_0@10
5 0000000000000000000000000000000000000000000000000000000000000000 io_data_in_1@10
6 0000000000000000000000000000000000000000000000000000000000000000 io_data_in_2@10
7 1 io_req@10
8 00 io_gnt_sel@10
9 1 startTracking@10
.
