sat
b1
#0
0 [1110] 11010001 dut_fifo_entries@0
0 [0000] 00010101 dut_fifo_entries@0
0 [0001] 00010101 dut_fifo_entries@0
0 [0010] 00011000 dut_fifo_entries@0
0 [0011] 11111111 dut_fifo_entries@0
0 [0100] 00011011 dut_fifo_entries@0
0 [0101] 00011011 dut_fifo_entries@0
0 [0110] 11111111 dut_fifo_entries@0
0 [0111] 00011011 dut_fifo_entries@0
0 [1000] 00111011 dut_fifo_entries@0
0 [1001] 00111011 dut_fifo_entries@0
0 [1010] 10111111 dut_fifo_entries@0
0 [1011] 10111111 dut_fifo_entries@0
0 [1100] 11011111 dut_fifo_entries@0
0 [1101] 11011111 dut_fifo_entries@0
0 [1111] 00000000 dut_fifo_entries@0
1 00000 dut_fifo_cnt#0
2 1110 dut_fifo_wrPtr#0
3 0000 dut_fifo_rdPtr#0
4 00000 dut_cc_credits#0
5 [1111] 11111111 dut_fifo_1_entries@0
5 [0000] 11111111 dut_fifo_1_entries@0
5 [0001] 00000000 dut_fifo_1_entries@0
5 [0010] 11111111 dut_fifo_1_entries@0
5 [0011] 11111111 dut_fifo_1_entries@0
5 [0100] 00000001 dut_fifo_1_entries@0
5 [0101] 10001111 dut_fifo_1_entries@0
5 [0110] 11111111 dut_fifo_1_entries@0
6 00000 dut_fifo_1_cnt#0
7 1111 dut_fifo_1_wrPtr#0
8 0000 dut_fifo_1_rdPtr#0
9 00000 dut_cc_1_credits#0
10 [1111] 11111111 dut_fifo_2_entries@0
10 [0000] 00000001 dut_fifo_2_entries@0
10 [0001] 00000001 dut_fifo_2_entries@0
10 [0010] 11111111 dut_fifo_2_entries@0
10 [0011] 11111111 dut_fifo_2_entries@0
10 [0100] 11111111 dut_fifo_2_entries@0
10 [0101] 11111111 dut_fifo_2_entries@0
10 [0110] 11111111 dut_fifo_2_entries@0
10 [0111] 11111111 dut_fifo_2_entries@0
10 [1000] 00011111 dut_fifo_2_entries@0
10 [1001] 00011111 dut_fifo_2_entries@0
10 [1010] 11111111 dut_fifo_2_entries@0
10 [1011] 00000100 dut_fifo_2_entries@0
10 [1100] 00000100 dut_fifo_2_entries@0
11 00000 dut_fifo_2_cnt#0
12 1111 dut_fifo_2_wrPtr#0
13 0000 dut_fifo_2_rdPtr#0
14 00000 dut_cc_2_credits#0
15 01000 tracker_elementCount#0
16 0 tracker_isActive#0
17 00111111 tracker_packetValue#0
18 00100 tracker_packetCount#0
@0
0 1 reset@0
1 1 io_push_0@0
2 1 io_push_1@0
3 1 io_push_2@0
4 00000000 io_data_in_0@0
5 00000000 io_data_in_1@0
6 00000000 io_data_in_2@0
7 1 io_req@0
8 00 io_gnt_sel@0
9 1 startTracking@0
@1
0 0 reset@1
1 1 io_push_0@1
2 0 io_push_1@1
3 1 io_push_2@1
4 00010010 io_data_in_0@1
5 11111111 io_data_in_1@1
6 11111111 io_data_in_2@1
7 1 io_req@1
8 11 io_gnt_sel@1
9 1 startTracking@1
@2
0 0 reset@2
1 1 io_push_0@2
2 0 io_push_1@2
3 1 io_push_2@2
4 00010110 io_data_in_0@2
5 00000000 io_data_in_1@2
6 11111111 io_data_in_2@2
7 0 io_req@2
8 00 io_gnt_sel@2
9 1 startTracking@2
@3
0 0 reset@3
1 1 io_push_0@3
2 0 io_push_1@3
3 0 io_push_2@3
4 00010110 io_data_in_0@3
5 00000000 io_data_in_1@3
6 11111111 io_data_in_2@3
7 0 io_req@3
8 00 io_gnt_sel@3
9 1 startTracking@3
@4
0 0 reset@4
1 1 io_push_0@4
2 0 io_push_1@4
3 0 io_push_2@4
4 00000000 io_data_in_0@4
5 00001111 io_data_in_1@4
6 00000000 io_data_in_2@4
7 1 io_req@4
8 10 io_gnt_sel@4
9 0 startTracking@4
@5
0 0 reset@5
1 1 io_push_0@5
2 0 io_push_1@5
3 1 io_push_2@5
4 00000000 io_data_in_0@5
5 00001111 io_data_in_1@5
6 11111111 io_data_in_2@5
7 0 io_req@5
8 00 io_gnt_sel@5
9 0 startTracking@5
@6
0 0 reset@6
1 1 io_push_0@6
2 1 io_push_1@6
3 0 io_push_2@6
4 00000000 io_data_in_0@6
5 11111111 io_data_in_1@6
6 00000000 io_data_in_2@6
7 0 io_req@6
8 10 io_gnt_sel@6
9 0 startTracking@6
@7
0 0 reset@7
1 1 io_push_0@7
2 0 io_push_1@7
3 1 io_push_2@7
4 00000000 io_data_in_0@7
5 00000000 io_data_in_1@7
6 11111111 io_data_in_2@7
7 1 io_req@7
8 10 io_gnt_sel@7
9 0 startTracking@7
@8
0 0 reset@8
1 1 io_push_0@8
2 0 io_push_1@8
3 0 io_push_2@8
4 00000000 io_data_in_0@8
5 00000000 io_data_in_1@8
6 00000000 io_data_in_2@8
7 1 io_req@8
8 11 io_gnt_sel@8
9 1 startTracking@8
@9
0 0 reset@9
1 1 io_push_0@9
2 0 io_push_1@9
3 1 io_push_2@9
4 00000000 io_data_in_0@9
5 00000000 io_data_in_1@9
6 00000000 io_data_in_2@9
7 1 io_req@9
8 10 io_gnt_sel@9
9 1 startTracking@9
@10
0 0 reset@10
1 1 io_push_0@10
2 0 io_push_1@10
3 1 io_push_2@10
4 00000000 io_data_in_0@10
5 00001111 io_data_in_1@10
6 00000000 io_data_in_2@10
7 0 io_req@10
8 00 io_gnt_sel@10
9 1 startTracking@10
@11
0 0 reset@11
1 1 io_push_0@11
2 0 io_push_1@11
3 1 io_push_2@11
4 00100100 io_data_in_0@11
5 00000000 io_data_in_1@11
6 11111111 io_data_in_2@11
7 1 io_req@11
8 11 io_gnt_sel@11
9 1 startTracking@11
@12
0 0 reset@12
1 1 io_push_0@12
2 1 io_push_1@12
3 1 io_push_2@12
4 00000000 io_data_in_0@12
5 00000001 io_data_in_1@12
6 00000000 io_data_in_2@12
7 0 io_req@12
8 00 io_gnt_sel@12
9 0 startTracking@12
@13
0 0 reset@13
1 1 io_push_0@13
2 1 io_push_1@13
3 1 io_push_2@13
4 00000000 io_data_in_0@13
5 00001111 io_data_in_1@13
6 00000000 io_data_in_2@13
7 1 io_req@13
8 01 io_gnt_sel@13
9 1 startTracking@13
@14
0 0 reset@14
1 1 io_push_0@14
2 1 io_push_1@14
3 1 io_push_2@14
4 00000000 io_data_in_0@14
5 00000000 io_data_in_1@14
6 00000000 io_data_in_2@14
7 1 io_req@14
8 11 io_gnt_sel@14
9 0 startTracking@14
@15
0 0 reset@15
1 1 io_push_0@15
2 1 io_push_1@15
3 1 io_push_2@15
4 00000000 io_data_in_0@15
5 00000000 io_data_in_1@15
6 00000000 io_data_in_2@15
7 0 io_req@15
8 00 io_gnt_sel@15
9 1 startTracking@15
@16
0 0 reset@16
1 1 io_push_0@16
2 1 io_push_1@16
3 1 io_push_2@16
4 00000000 io_data_in_0@16
5 00000000 io_data_in_1@16
6 00000100 io_data_in_2@16
7 1 io_req@16
8 11 io_gnt_sel@16
9 1 startTracking@16
@17
0 0 reset@17
1 1 io_push_0@17
2 1 io_push_1@17
3 1 io_push_2@17
4 00010110 io_data_in_0@17
5 11111111 io_data_in_1@17
6 00000100 io_data_in_2@17
7 0 io_req@17
8 00 io_gnt_sel@17
9 1 startTracking@17
@18
0 0 reset@18
1 0 io_push_0@18
2 1 io_push_1@18
3 1 io_push_2@18
4 00010110 io_data_in_0@18
5 00000000 io_data_in_1@18
6 00000000 io_data_in_2@18
7 1 io_req@18
8 00 io_gnt_sel@18
9 1 startTracking@18
.
