sat
b1
#0
0 [00] 0000000000000000000000000000000000000000000000000000000000000000 dut_fifo_entries@0
0 [01] 0111110000000000000000000000000000000000000000000000000000000110 dut_fifo_entries@0
0 [10] 0111110000000000000000000000000000000000000000000000000000000110 dut_fifo_entries@0
0 [11] 0011110000000000000000000000000000000000000000000000000000000111 dut_fifo_entries@0
1 000 dut_fifo_cnt#0
2 00 dut_fifo_wrPtr#0
3 00 dut_fifo_rdPtr#0
4 000 dut_cc_credits#0
5 [00] 1111111111111111111111111111111111111111111111111111111111111111 dut_fifo_1_entries@0
6 000 dut_fifo_1_cnt#0
7 00 dut_fifo_1_wrPtr#0
8 00 dut_fifo_1_rdPtr#0
9 000 dut_cc_1_credits#0
10 000 tracker_elementCount#0
11 0 tracker_isActive#0
12 1000000000000000000000000000000000000000000000000000000000000001 tracker_packetValue#0
13 010 tracker_packetCount#0
@0
0 1 reset@0
1 1 io_push_0@0
2 1 io_push_1@0
3 0111110000000000000000000000000000000000000000000000000000000110 io_data_in_0@0
4 0000000000000000000000000000000000000000000000000000000000000000 io_data_in_1@0
5 1 io_req@0
6 0 io_gnt_sel@0
7 1 startTracking@0
@1
0 0 reset@1
1 1 io_push_0@1
2 0 io_push_1@1
3 0111110000000000000000000000000000000000000000000000000000000110 io_data_in_0@1
4 1111111111111111111111111111111111111111111111111111111111111111 io_data_in_1@1
5 0 io_req@1
6 1 io_gnt_sel@1
7 1 startTracking@1
@2
0 0 reset@2
1 1 io_push_0@2
2 0 io_push_1@2
3 0011110000000000000000000000000000000000000000000000000000000110 io_data_in_0@2
4 1111111111111111111111111111111111111111111111111111111111111111 io_data_in_1@2
5 0 io_req@2
6 0 io_gnt_sel@2
7 1 startTracking@2
@3
0 0 reset@3
1 1 io_push_0@3
2 0 io_push_1@3
3 0011110000000000000000000000000000000000000000000000000000000111 io_data_in_0@3
4 1111111111111111111111111111111111111111111111111111111111111111 io_data_in_1@3
5 0 io_req@3
6 0 io_gnt_sel@3
7 1 startTracking@3
@4
0 0 reset@4
1 1 io_push_0@4
2 0 io_push_1@4
3 0011110000000000000000000000000000000000000000000000000000000110 io_data_in_0@4
4 0000000000000000000000000000000000000000000000000000000000000000 io_data_in_1@4
5 0 io_req@4
6 0 io_gnt_sel@4
7 0 startTracking@4
@5
0 0 reset@5
1 1 io_push_0@5
2 1 io_push_1@5
3 0011110000000000000000000000000000000000000000000000000000000110 io_data_in_0@5
4 0000000000000000000000000000000000000000000000000000000000000000 io_data_in_1@5
5 0 io_req@5
6 0 io_gnt_sel@5
7 1 startTracking@5
@6
0 0 reset@6
1 0 io_push_0@6
2 0 io_push_1@6
3 0011110000000000000000000000000000000000000000000000000000000111 io_data_in_0@6
4 0000000000000000000000000000000000000000000000000000000000000000 io_data_in_1@6
5 1 io_req@6
6 0 io_gnt_sel@6
7 1 startTracking@6
.
