sat
b1
#0
0 [00] 1111111111111111111111111111111111111111111111111111111111111111 dut_fifo_entries@0
0 [01] 1101111111111111111111111111111111111111111111111111111111111111 dut_fifo_entries@0
0 [10] 1000111011111111111111111111111111111111111111111111111111111110 dut_fifo_entries@0
0 [11] 1000110110100010001000100010001000100010001000100010001000101001 dut_fifo_entries@0
1 000 dut_fifo_cnt#0
2 00 dut_fifo_wrPtr#0
3 00 dut_fifo_rdPtr#0
4 111 dut_cc_credits#0
5 [00] 0111111111111111111111111111111111111111111111111111111111111111 dut_fifo_1_entries@0
6 000 dut_fifo_1_cnt#0
7 00 dut_fifo_1_wrPtr#0
8 00 dut_fifo_1_rdPtr#0
9 001 dut_cc_1_credits#0
10 [11] 1000110110100010001000100010001000100010001000100010001000101001 dut_fifo_2_entries@0
10 [00] 1000110110100010001000100010001000100010001000100010001000101001 dut_fifo_2_entries@0
10 [01] 1000110110100010001000100010001000100010001000100010001000101001 dut_fifo_2_entries@0
10 [10] 1000110110100010001000100010001000100010001000100010001000101001 dut_fifo_2_entries@0
11 000 dut_fifo_2_cnt#0
12 11 dut_fifo_2_wrPtr#0
13 00 dut_fifo_2_rdPtr#0
14 001 dut_cc_2_credits#0
16 111 queues_0_enq_ptr_value#0
17 111 queues_0_deq_ptr_value#0
18 1 queues_0_maybe_full#0
19 [000] 1111111111111111111111111111111111111111111111111111111111111111 queues_1_ram@0
20 100 queues_1_enq_ptr_value#0
21 100 queues_1_deq_ptr_value#0
22 0 queues_1_maybe_full#0
23 [000] 1000110110100010001000100010001000100010001000100010001000101000 queues_2_ram@0
24 000 queues_2_enq_ptr_value#0
25 000 queues_2_deq_ptr_value#0
26 0 queues_2_maybe_full#0
@0
0 1 reset@0
1 1 tryPush_0@0
2 1 tryPush_1@0
3 0 tryPush_2@0
4 1110111111111111111111111111111111111111111111111111111111111111 fifoDataIn_0@0
5 1111111111111111111111111111111111111111111111111111111111111111 fifoDataIn_1@0
6 0000000000000000000000000000000000000000000000000000000000000000 fifoDataIn_2@0
7 0 tryReq@0
8 11 selectShift@0
9 111 queues_0__GEN_0_invalid@0
10 0 queues_0__GEN_3_invalid@0
11 1111111111111111111111111111111111111111111111111111111111111111 queues_0__GEN_4_invalid@0
12 000 queues_1__GEN_0_invalid@0
13 0 queues_1__GEN_3_invalid@0
14 1111111111111111111111111111111111111111111111111111111111111111 queues_1__GEN_4_invalid@0
15 000 queues_2__GEN_0_invalid@0
16 0 queues_2__GEN_3_invalid@0
17 0000000000000000000000000000000000000000000000000000000000000000 queues_2__GEN_4_invalid@0
@1
0 0 reset@1
1 1 tryPush_0@1
2 0 tryPush_1@1
3 0 tryPush_2@1
4 1000110110100010001000100010001000100010001000100010001000101001 fifoDataIn_0@1
5 1111111111111111111111111111111111111111111111111111111111111111 fifoDataIn_1@1
6 0000000000000000000000000000000000000000000000000000000000000000 fifoDataIn_2@1
7 0 tryReq@1
8 00 selectShift@1
9 000 queues_0__GEN_0_invalid@1
10 0 queues_0__GEN_3_invalid@1
11 0110000000111111111111111111111111111111111111111111111111111111 queues_0__GEN_4_invalid@1
12 000 queues_1__GEN_0_invalid@1
13 0 queues_1__GEN_3_invalid@1
14 1111111111111111111111111111111111111111111111111111111111111111 queues_1__GEN_4_invalid@1
15 000 queues_2__GEN_0_invalid@1
16 0 queues_2__GEN_3_invalid@1
17 1000110110100010001000100010001000100010001000100010001000101000 queues_2__GEN_4_invalid@1
@2
0 0 reset@2
1 1 tryPush_0@2
2 0 tryPush_1@2
3 0 tryPush_2@2
4 1000010110100010001000100010001000100010001000100010001000101001 fifoDataIn_0@2
5 1111111111110111111111111111111111111111111111111111111111111111 fifoDataIn_1@2
6 0000000000000000000000000000000000000000000000000000000000000000 fifoDataIn_2@2
7 1 tryReq@2
8 11 selectShift@2
9 000 queues_0__GEN_0_invalid@2
10 0 queues_0__GEN_3_invalid@2
11 0110110100000001000010001000100010001000100010001000100101001111 queues_0__GEN_4_invalid@2
12 001 queues_1__GEN_0_invalid@2
13 0 queues_1__GEN_3_invalid@2
14 1111111111110111111111111111111111111111111111111111111111111111 queues_1__GEN_4_invalid@2
15 001 queues_2__GEN_0_invalid@2
16 0 queues_2__GEN_3_invalid@2
17 1000110110100010001000100010001000100010001000100010001000101001 queues_2__GEN_4_invalid@2
@3
0 0 reset@3
1 1 tryPush_0@3
2 0 tryPush_1@3
3 1 tryPush_2@3
4 1000110110100010001000100010001000100010001000100010001000101001 fifoDataIn_0@3
5 1111111111111111111111111111111111111111111111111111111111111111 fifoDataIn_1@3
6 1000110110100010001000100010001000100010001000100010001000101001 fifoDataIn_2@3
7 0 tryReq@3
8 11 selectShift@3
9 101 queues_0__GEN_0_invalid@3
10 0 queues_0__GEN_3_invalid@3
11 0001111011111111111111111111111111111111111111111111111111111110 queues_0__GEN_4_invalid@3
12 010 queues_1__GEN_0_invalid@3
13 0 queues_1__GEN_3_invalid@3
14 1111111111111111111111111111111111111111111111111111111111111111 queues_1__GEN_4_invalid@3
15 000 queues_2__GEN_0_invalid@3
16 0 queues_2__GEN_3_invalid@3
17 0100010100001001000010001000100010001000100010001000100101001111 queues_2__GEN_4_invalid@3
@4
0 0 reset@4
1 1 tryPush_0@4
2 0 tryPush_1@4
3 1 tryPush_2@4
4 1000110110100010001000100010001000100010001000100010001000101001 fifoDataIn_0@4
5 1111111111111111111111111111111111111111111111111111111111111111 fifoDataIn_1@4
6 1000110110100010001000100010001000100010001000100010001000101001 fifoDataIn_2@4
7 0 tryReq@4
8 10 selectShift@4
9 101 queues_0__GEN_0_invalid@4
10 0 queues_0__GEN_3_invalid@4
11 0000000000000000000000000000000000000000000000000000000000000000 queues_0__GEN_4_invalid@4
12 011 queues_1__GEN_0_invalid@4
13 0 queues_1__GEN_3_invalid@4
14 1111111111111111111111111111111111111111111111111111111111111111 queues_1__GEN_4_invalid@4
15 001 queues_2__GEN_0_invalid@4
16 0 queues_2__GEN_3_invalid@4
17 0000000000000000000000000000000000000000000000000000000000000000 queues_2__GEN_4_invalid@4
@5
0 0 reset@5
1 1 tryPush_0@5
2 1 tryPush_1@5
3 1 tryPush_2@5
4 1000010110100010001000100010001000100010001000100010001000101001 fifoDataIn_0@5
5 0000000000000000000000000000000000000000000000000000000000000000 fifoDataIn_1@5
6 1000110110100010001000100010001000100010001000100010001000101001 fifoDataIn_2@5
7 1 tryReq@5
8 01 selectShift@5
9 010 queues_0__GEN_0_invalid@5
10 0 queues_0__GEN_3_invalid@5
11 0000000000000000000000000000000000000000000000000000000000000000 queues_0__GEN_4_invalid@5
12 000 queues_1__GEN_0_invalid@5
13 0 queues_1__GEN_3_invalid@5
14 0000000000000000000000000000000000000000000000000000000000000000 queues_1__GEN_4_invalid@5
15 000 queues_2__GEN_0_invalid@5
16 0 queues_2__GEN_3_invalid@5
17 0000000000000000000000000000000000000000000000000000000000000000 queues_2__GEN_4_invalid@5
@6
0 0 reset@6
1 0 tryPush_0@6
2 0 tryPush_1@6
3 0 tryPush_2@6
4 1111111111111111111111111111111111111111111111111111111111111111 fifoDataIn_0@6
5 0000000000000000000000000000000000000000000000000000000000000000 fifoDataIn_1@6
6 0000000000000000000000000000000000000000000000000000000000000000 fifoDataIn_2@6
7 1 tryReq@6
8 00 selectShift@6
9 000 queues_0__GEN_0_invalid@6
10 0 queues_0__GEN_3_invalid@6
11 0000000000000000000000000000000000000000000000000000000000000000 queues_0__GEN_4_invalid@6
12 000 queues_1__GEN_0_invalid@6
13 0 queues_1__GEN_3_invalid@6
14 0000000000000000000000000000000000000000000000000000000000000000 queues_1__GEN_4_invalid@6
15 000 queues_2__GEN_0_invalid@6
16 0 queues_2__GEN_3_invalid@6
17 0000000000000000000000000000000000000000000000000000000000000000 queues_2__GEN_4_invalid@6
.
