sat
b0
#0
2 000 x#0
3 000 y#0
4 00000001 data#0
@0
0 1 reset@0
1 0 inc_x@0
2 0 inc_y@0
3 000 _GEN_1_invalid@0
4 0 _GEN_4_invalid@0
5 000 _GEN_6_invalid@0
6 0 _GEN_9_invalid@0
7 000 _GEN_10_invalid@0
8 0 _GEN_13_invalid@0
9 00000001 _GEN_14_invalid@0
@1
0 0 reset@1
1 0 inc_x@1
2 1 inc_y@1
3 010 _GEN_1_invalid@1
4 1 _GEN_4_invalid@1
5 010 _GEN_6_invalid@1
6 1 _GEN_9_invalid@1
7 000 _GEN_10_invalid@1
8 0 _GEN_13_invalid@1
9 01000011 _GEN_14_invalid@1
@2
0 0 reset@2
1 0 inc_x@2
2 1 inc_y@2
3 001 _GEN_1_invalid@2
4 1 _GEN_4_invalid@2
5 000 _GEN_6_invalid@2
6 1 _GEN_9_invalid@2
7 001 _GEN_10_invalid@2
8 0 _GEN_13_invalid@2
9 00000010 _GEN_14_invalid@2
@3
0 0 reset@3
1 0 inc_x@3
2 1 inc_y@3
3 001 _GEN_1_invalid@3
4 1 _GEN_4_invalid@3
5 001 _GEN_6_invalid@3
6 1 _GEN_9_invalid@3
7 011 _GEN_10_invalid@3
8 0 _GEN_13_invalid@3
9 00000010 _GEN_14_invalid@3
@4
0 0 reset@4
1 0 inc_x@4
2 1 inc_y@4
3 101 _GEN_1_invalid@4
4 1 _GEN_4_invalid@4
5 110 _GEN_6_invalid@4
6 1 _GEN_9_invalid@4
7 110 _GEN_10_invalid@4
8 0 _GEN_13_invalid@4
9 00000100 _GEN_14_invalid@4
@5
0 0 reset@5
1 0 inc_x@5
2 1 inc_y@5
3 000 _GEN_1_invalid@5
4 1 _GEN_4_invalid@5
5 101 _GEN_6_invalid@5
6 1 _GEN_9_invalid@5
7 001 _GEN_10_invalid@5
8 0 _GEN_13_invalid@5
9 00000010 _GEN_14_invalid@5
@6
0 0 reset@6
1 0 inc_x@6
2 1 inc_y@6
3 001 _GEN_1_invalid@6
4 1 _GEN_4_invalid@6
5 011 _GEN_6_invalid@6
6 1 _GEN_9_invalid@6
7 011 _GEN_10_invalid@6
8 0 _GEN_13_invalid@6
9 00000000 _GEN_14_invalid@6
@7
0 0 reset@7
1 0 inc_x@7
2 1 inc_y@7
3 001 _GEN_1_invalid@7
4 1 _GEN_4_invalid@7
5 010 _GEN_6_invalid@7
6 1 _GEN_9_invalid@7
7 010 _GEN_10_invalid@7
8 0 _GEN_13_invalid@7
9 00000100 _GEN_14_invalid@7
@8
0 0 reset@8
1 0 inc_x@8
2 1 inc_y@8
3 001 _GEN_1_invalid@8
4 1 _GEN_4_invalid@8
5 001 _GEN_6_invalid@8
6 1 _GEN_9_invalid@8
7 010 _GEN_10_invalid@8
8 0 _GEN_13_invalid@8
9 00000100 _GEN_14_invalid@8
@9
0 0 reset@9
1 0 inc_x@9
2 1 inc_y@9
3 111 _GEN_1_invalid@9
4 1 _GEN_4_invalid@9
5 111 _GEN_6_invalid@9
6 1 _GEN_9_invalid@9
7 111 _GEN_10_invalid@9
8 0 _GEN_13_invalid@9
9 11111111 _GEN_14_invalid@9
@10
0 0 reset@10
1 0 inc_x@10
2 0 inc_y@10
3 000 _GEN_1_invalid@10
4 0 _GEN_4_invalid@10
5 000 _GEN_6_invalid@10
6 0 _GEN_9_invalid@10
7 000 _GEN_10_invalid@10
8 0 _GEN_13_invalid@10
9 00000000 _GEN_14_invalid@10
.
