sat
b1
#0
0 [011] 1111111111111111111111111111111111111111111111111111111111111111 dut_fifo_entries@0
0 [000] 0100011111111111111111111111111111111111110000000000000110101001 dut_fifo_entries@0
0 [001] 1111011111111111111111111111111111111111111001111110011111001101 dut_fifo_entries@0
0 [010] 1010000011101110111111111111101111111110001111111111111011011101 dut_fifo_entries@0
0 [100] 1010000011101110111111111111101111111110001111111111111011011101 dut_fifo_entries@0
0 [101] 1001011111111111111111111111111111111111110101111111100010011110 dut_fifo_entries@0
0 [110] 1010000011101100111111111101101111111110001111111111111001001001 dut_fifo_entries@0
0 [111] 0111011111111111111111111111111111111111110100000000011010111001 dut_fifo_entries@0
1 0001 dut_fifo_cnt#0
2 011 dut_fifo_wrPtr#0
3 000 dut_fifo_rdPtr#0
4 0001 dut_cc_credits#0
5 [000] 1110000000111110011111111111101001101110001110101001111010000111 dut_fifo_1_entries@0
5 [001] 0001000111001000001111111111100000001000000000000000010000010101 dut_fifo_1_entries@0
5 [010] 1110011001111111011111111111100000001000000000000000000000010101 dut_fifo_1_entries@0
5 [011] 1110000000111110011111111111101001101110001110101001111010000111 dut_fifo_1_entries@0
5 [100] 1110000000111110011111111111101001101110001110101001111010000111 dut_fifo_1_entries@0
6 0001 dut_fifo_1_cnt#0
7 000 dut_fifo_1_wrPtr#0
8 000 dut_fifo_1_rdPtr#0
9 0001 dut_cc_1_credits#0
11 1000 queues_0_enq_ptr_value#0
12 1000 queues_0_deq_ptr_value#0
13 1 queues_0_maybe_full#0
14 [0000] 1110000000111110011111111111101001101110001110101001111010000100 queues_1_ram@0
15 1000 queues_1_enq_ptr_value#0
16 1000 queues_1_deq_ptr_value#0
17 0 queues_1_maybe_full#0
@0
0 1 reset@0
1 1 tryPush_0@0
2 0 tryPush_1@0
3 1010000011101110111111111111101111111110001111111111111011011101 fifoDataIn_0@0
4 1110011001111111011111110111100000001000000000000000000000010101 fifoDataIn_1@0
5 1 tryReq@0
6 0 selectShift@0
7 1000 queues_0__GEN_0_invalid@0
8 0 queues_0__GEN_3_invalid@0
9 1010111000010011101010011011100110010110011011101001011010110011 queues_0__GEN_4_invalid@0
10 1000 queues_1__GEN_0_invalid@0
11 0 queues_1__GEN_3_invalid@0
12 1110000000111110011111111111101001101110001110101001111010000100 queues_1__GEN_4_invalid@0
@1
0 0 reset@1
1 1 tryPush_0@1
2 0 tryPush_1@1
3 1010000011101110111111111111101111111110001111111111111011011101 fifoDataIn_0@1
4 0001000111001000001111111111100000001000000000000000000000010101 fifoDataIn_1@1
5 0 tryReq@1
6 0 selectShift@1
7 0000 queues_0__GEN_0_invalid@1
8 0 queues_0__GEN_3_invalid@1
9 0100110001100111110100000000001010000010100110101101111101100110 queues_0__GEN_4_invalid@1
10 0000 queues_1__GEN_0_invalid@1
11 0 queues_1__GEN_3_invalid@1
12 1111000110111000001111111111100000001000000000000000010010010101 queues_1__GEN_4_invalid@1
@2
0 0 reset@2
1 1 tryPush_0@2
2 0 tryPush_1@2
3 1010000011101110111111111111101111111110001111111111111011010101 fifoDataIn_0@2
4 1110011001111111011111110111100000001000000000000000000000010101 fifoDataIn_1@2
5 1 tryReq@2
6 1 selectShift@2
7 0001 queues_0__GEN_0_invalid@2
8 0 queues_0__GEN_3_invalid@2
9 0010100000000000000000000000000000000000000001111111111011000000 queues_0__GEN_4_invalid@2
10 0100 queues_1__GEN_0_invalid@2
11 0 queues_1__GEN_3_invalid@2
12 1110000000101111011111110111101001101110001110101001111010000111 queues_1__GEN_4_invalid@2
@3
0 0 reset@3
1 1 tryPush_0@3
2 0 tryPush_1@3
3 1010000011101100111111111101101111111110001111111111111010100101 fifoDataIn_0@3
4 0001000111001000001111111111100000001000000000000000000000010101 fifoDataIn_1@3
5 0 tryReq@3
6 0 selectShift@3
7 0010 queues_0__GEN_0_invalid@3
8 0 queues_0__GEN_3_invalid@3
9 0101100110010000000000000010000000000000000000000000000110001111 queues_0__GEN_4_invalid@3
10 0101 queues_1__GEN_0_invalid@3
11 0 queues_1__GEN_3_invalid@3
12 1110000000111110011111111111001001101110001110101001111010000011 queues_1__GEN_4_invalid@3
@4
0 0 reset@4
1 1 tryPush_0@4
2 0 tryPush_1@4
3 1010000011111111111111111111101111111111101111111111111010100101 fifoDataIn_0@4
4 1100000000011001000110011001100000001000000000000000000000010001 fifoDataIn_1@4
5 0 tryReq@4
6 0 selectShift@4
7 0011 queues_0__GEN_0_invalid@4
8 0 queues_0__GEN_3_invalid@4
9 0111011111111111111111111111111111111111110110011111111010100100 queues_0__GEN_4_invalid@4
10 0010 queues_1__GEN_0_invalid@4
11 0 queues_1__GEN_3_invalid@4
12 1110000000111110011111111111101001101110001110101001110010000011 queues_1__GEN_4_invalid@4
@5
0 0 reset@5
1 1 tryPush_0@5
2 1 tryPush_1@5
3 1010000111101110111111111111101111111100101111111111111011011101 fifoDataIn_0@5
4 1110000000111110011111111111101001101110001110101001111010000110 fifoDataIn_1@5
5 0 tryReq@5
6 1 selectShift@5
7 1000 queues_0__GEN_0_invalid@5
8 0 queues_0__GEN_3_invalid@5
9 0111011111111111111111111111111111111111110101000000000110100001 queues_0__GEN_4_invalid@5
10 0011 queues_1__GEN_0_invalid@5
11 0 queues_1__GEN_3_invalid@5
12 0001000111001000001111111111100000001000000000000000000000010100 queues_1__GEN_4_invalid@5
@6
0 0 reset@6
1 1 tryPush_0@6
2 1 tryPush_1@6
3 1010000011101110111111111111101111111100101111111111111011011101 fifoDataIn_0@6
4 1110000000111110011111111111101001101110001110101001111010000110 fifoDataIn_1@6
5 0 tryReq@6
6 1 selectShift@6
7 0100 queues_0__GEN_0_invalid@6
8 0 queues_0__GEN_3_invalid@6
9 1110011001111111011111110111011111111111111111111111111111111011 queues_0__GEN_4_invalid@6
10 0000 queues_1__GEN_0_invalid@6
11 0 queues_1__GEN_3_invalid@6
12 1110011001111111011111110111100000001000000000000000000010110100 queues_1__GEN_4_invalid@6
@7
0 0 reset@7
1 1 tryPush_0@7
2 1 tryPush_1@7
3 1000000011101110111111111111101111111100101111111111111011011101 fifoDataIn_0@7
4 1110000000111110011111111111101001101110001110101001111010000110 fifoDataIn_1@7
5 1 tryReq@7
6 1 selectShift@7
7 0000 queues_0__GEN_0_invalid@7
8 0 queues_0__GEN_3_invalid@7
9 0111011111111111111111111111111111111111110100000000000100111100 queues_0__GEN_4_invalid@7
10 0000 queues_1__GEN_0_invalid@7
11 0 queues_1__GEN_3_invalid@7
12 1110011001111111011111110111100000001000000000000000000000010100 queues_1__GEN_4_invalid@7
@8
0 0 reset@8
1 1 tryPush_0@8
2 1 tryPush_1@8
3 1010000010101110111111111111101111111100101111111111111011010001 fifoDataIn_0@8
4 1110000000111110011111111111101001101110001110101001111010000110 fifoDataIn_1@8
5 0 tryReq@8
6 0 selectShift@8
7 0001 queues_0__GEN_0_invalid@8
8 0 queues_0__GEN_3_invalid@8
9 1110011001111111011111110111011111111111111111111111111111111011 queues_0__GEN_4_invalid@8
10 0000 queues_1__GEN_0_invalid@8
11 0 queues_1__GEN_3_invalid@8
12 0001000111001000001111111111100000001000000000000000000000010100 queues_1__GEN_4_invalid@8
@9
0 0 reset@9
1 1 tryPush_0@9
2 0 tryPush_1@9
3 1010000011101110111111111111101111111100101111111111111011011101 fifoDataIn_0@9
4 0001000111001000001111111111100000001000000000000000000000010111 fifoDataIn_1@9
5 1 tryReq@9
6 1 selectShift@9
7 0111 queues_0__GEN_0_invalid@9
8 0 queues_0__GEN_3_invalid@9
9 0000000000000000000000000000000000000000000000000000000000000000 queues_0__GEN_4_invalid@9
10 0000 queues_1__GEN_0_invalid@9
11 0 queues_1__GEN_3_invalid@9
12 0000000000000000000000000000000000000000000000000000000000000000 queues_1__GEN_4_invalid@9
@10
0 0 reset@10
1 1 tryPush_0@10
2 0 tryPush_1@10
3 1111111111111111111111111111111111111111111111111111111111111111 fifoDataIn_0@10
4 0000000000000000000000000000000000000000000000000000000000000000 fifoDataIn_1@10
5 1 tryReq@10
6 0 selectShift@10
7 0000 queues_0__GEN_0_invalid@10
8 0 queues_0__GEN_3_invalid@10
9 0000000000000000000000000000000000000000000000000000000000000000 queues_0__GEN_4_invalid@10
10 0000 queues_1__GEN_0_invalid@10
11 0 queues_1__GEN_3_invalid@10
12 0000000000000000000000000000000000000000000000000000000000000000 queues_1__GEN_4_invalid@10
.
