sat
b1
#0
0 010 dut_count#0
1 0000000000000000000000000000000000000000000000000000000000000000 dut_entries_0#0
2 0000000000000000000000000000000000000000000000000000000000000000 dut_entries_1#0
3 0000000000000000000000000000000000000000000000000000000000000000 dut_entries_2#0
4 0000000000000000000000000000000000000000000000000000000000000000 dut_entries_3#0
5 0010 tracker_elementCount#0
6 0 tracker_isActive#0
7 1111111111111111111111111111111111111111111111111111111111111111 tracker_packetValue#0
8 0000 tracker_packetCount#0
@0
0 1 reset@0
1 0 enq_valid@0
2 0000000000000000000000000000000000000000000000000000000000000000 enq_bits@0
3 0 deq_ready@0
4 0 startTracking@0
5 0000000000000000000000000000000000000000000000000000000000000000 dut_next_value_3_invalid@0
@1
0 0 reset@1
1 1 enq_valid@1
2 1111111111111111111111111111111111111111111111111111111111111111 enq_bits@1
3 0 deq_ready@1
4 0 startTracking@1
5 0000000000000000000000000000000000000000000000000000000000000000 dut_next_value_3_invalid@1
@2
0 0 reset@2
1 1 enq_valid@2
2 1000000000000000000000000000000000000000000000000000000000000001 enq_bits@2
3 0 deq_ready@2
4 0 startTracking@2
5 1111111111111111111111111111111111111111111111111111111111111111 dut_next_value_3_invalid@2
@3
0 0 reset@3
1 1 enq_valid@3
2 1000000000000000000000000000000000000000000000000000000000000001 enq_bits@3
3 0 deq_ready@3
4 0 startTracking@3
5 1111111111111111111111111111111111111111111111111111111111111111 dut_next_value_3_invalid@3
@4
0 0 reset@4
1 1 enq_valid@4
2 1000000000000000000000000000000000000000000000000000000000000001 enq_bits@4
3 0 deq_ready@4
4 1 startTracking@4
5 1000000000000000000000000000000000000000000000000000000000000000 dut_next_value_3_invalid@4
@5
0 0 reset@5
1 0 enq_valid@5
2 0000000000000000000000000000000000000000000000000000000000000001 enq_bits@5
3 1 deq_ready@5
4 0 startTracking@5
5 0000000000000000000000000000000000000000000000000000000000000000 dut_next_value_3_invalid@5
@6
0 0 reset@6
1 0 enq_valid@6
2 0000000000000000000000000000000000000000000000000000000000000001 enq_bits@6
3 1 deq_ready@6
4 1 startTracking@6
5 0000000000000000000000000000000000000000000000000000000000000000 dut_next_value_3_invalid@6
@7
0 0 reset@7
1 0 enq_valid@7
2 1000000000000000000000000000000000000000000000000000000000000000 enq_bits@7
3 1 deq_ready@7
4 1 startTracking@7
5 0000000000000000000000000000000000000000000000000000000000000000 dut_next_value_3_invalid@7
@8
0 0 reset@8
1 1 enq_valid@8
2 1000000000000000000000000000000000000000000000000000000000000001 enq_bits@8
3 1 deq_ready@8
4 1 startTracking@8
5 0000000000000000000000000000000000000000000000000000000000000000 dut_next_value_3_invalid@8
.
