sat
b1
#0
0 [11111] 11111111 dut_fifo_entries@0
0 [00000] 01111111 dut_fifo_entries@0
0 [00001] 01111111 dut_fifo_entries@0
0 [00010] 10111011 dut_fifo_entries@0
0 [00011] 01111111 dut_fifo_entries@0
0 [00100] 10111101 dut_fifo_entries@0
0 [00101] 10111101 dut_fifo_entries@0
0 [00110] 10111101 dut_fifo_entries@0
0 [00111] 10111101 dut_fifo_entries@0
0 [01000] 10111101 dut_fifo_entries@0
0 [01001] 10111101 dut_fifo_entries@0
0 [01010] 10111101 dut_fifo_entries@0
0 [01011] 10111101 dut_fifo_entries@0
0 [01100] 10111101 dut_fifo_entries@0
0 [01101] 10111101 dut_fifo_entries@0
0 [01110] 10111101 dut_fifo_entries@0
0 [01111] 10111101 dut_fifo_entries@0
0 [10000] 10000100 dut_fifo_entries@0
0 [10001] 10000100 dut_fifo_entries@0
0 [10010] 10000100 dut_fifo_entries@0
0 [10011] 11111111 dut_fifo_entries@0
0 [10100] 11111111 dut_fifo_entries@0
0 [10101] 11111111 dut_fifo_entries@0
0 [10110] 11111111 dut_fifo_entries@0
0 [10111] 11111111 dut_fifo_entries@0
0 [11000] 11111111 dut_fifo_entries@0
0 [11001] 11111111 dut_fifo_entries@0
0 [11010] 11111111 dut_fifo_entries@0
0 [11011] 11111111 dut_fifo_entries@0
0 [11100] 11111111 dut_fifo_entries@0
0 [11101] 11111111 dut_fifo_entries@0
0 [11110] 11111111 dut_fifo_entries@0
1 000000 dut_fifo_cnt#0
2 11111 dut_fifo_wrPtr#0
3 00000 dut_fifo_rdPtr#0
4 000000 dut_cc_credits#0
5 [11111] 11111111 dut_fifo_1_entries@0
5 [00000] 00000000 dut_fifo_1_entries@0
5 [00001] 00011011 dut_fifo_1_entries@0
5 [00010] 00011011 dut_fifo_1_entries@0
5 [00011] 00011011 dut_fifo_1_entries@0
5 [00100] 00011011 dut_fifo_1_entries@0
5 [00101] 00011011 dut_fifo_1_entries@0
5 [00110] 11111111 dut_fifo_1_entries@0
5 [00111] 11111111 dut_fifo_1_entries@0
5 [01000] 00011011 dut_fifo_1_entries@0
5 [01001] 00011011 dut_fifo_1_entries@0
5 [01010] 11111111 dut_fifo_1_entries@0
5 [01011] 00011011 dut_fifo_1_entries@0
5 [01100] 10011011 dut_fifo_1_entries@0
5 [01101] 01111111 dut_fifo_1_entries@0
5 [01110] 11111111 dut_fifo_1_entries@0
5 [01111] 00011011 dut_fifo_1_entries@0
5 [10000] 00011011 dut_fifo_1_entries@0
5 [10001] 00011011 dut_fifo_1_entries@0
5 [10010] 00011011 dut_fifo_1_entries@0
5 [10011] 11111111 dut_fifo_1_entries@0
5 [10100] 11111111 dut_fifo_1_entries@0
5 [10101] 11111111 dut_fifo_1_entries@0
5 [10110] 11111111 dut_fifo_1_entries@0
5 [10111] 11111111 dut_fifo_1_entries@0
5 [11000] 11111111 dut_fifo_1_entries@0
5 [11001] 11111111 dut_fifo_1_entries@0
5 [11010] 11111111 dut_fifo_1_entries@0
5 [11011] 11111111 dut_fifo_1_entries@0
5 [11100] 00011011 dut_fifo_1_entries@0
5 [11101] 11111111 dut_fifo_1_entries@0
5 [11110] 11111111 dut_fifo_1_entries@0
6 000000 dut_fifo_1_cnt#0
7 11111 dut_fifo_1_wrPtr#0
8 00000 dut_fifo_1_rdPtr#0
9 000000 dut_cc_1_credits#0
10 [11111] 11111111 dut_fifo_2_entries@0
10 [00000] 11111111 dut_fifo_2_entries@0
10 [00001] 11111111 dut_fifo_2_entries@0
10 [00010] 11111111 dut_fifo_2_entries@0
10 [00011] 11111111 dut_fifo_2_entries@0
10 [00100] 11111111 dut_fifo_2_entries@0
10 [00101] 11100100 dut_fifo_2_entries@0
10 [00110] 11111111 dut_fifo_2_entries@0
10 [00111] 11111111 dut_fifo_2_entries@0
10 [01000] 11111111 dut_fifo_2_entries@0
10 [01001] 11111111 dut_fifo_2_entries@0
10 [01010] 11111111 dut_fifo_2_entries@0
10 [01011] 11111111 dut_fifo_2_entries@0
10 [01100] 11111111 dut_fifo_2_entries@0
10 [01101] 11111111 dut_fifo_2_entries@0
10 [01110] 11111111 dut_fifo_2_entries@0
10 [01111] 11111111 dut_fifo_2_entries@0
10 [10000] 11111111 dut_fifo_2_entries@0
10 [10001] 11111111 dut_fifo_2_entries@0
10 [10010] 11111111 dut_fifo_2_entries@0
10 [10011] 11111111 dut_fifo_2_entries@0
10 [10100] 11111111 dut_fifo_2_entries@0
10 [10101] 11111111 dut_fifo_2_entries@0
10 [10110] 11111111 dut_fifo_2_entries@0
10 [10111] 11111111 dut_fifo_2_entries@0
10 [11000] 11111111 dut_fifo_2_entries@0
10 [11001] 11111111 dut_fifo_2_entries@0
10 [11010] 11111111 dut_fifo_2_entries@0
10 [11011] 11111111 dut_fifo_2_entries@0
10 [11100] 11111111 dut_fifo_2_entries@0
10 [11101] 11111111 dut_fifo_2_entries@0
11 000000 dut_fifo_2_cnt#0
12 11111 dut_fifo_2_wrPtr#0
13 00000 dut_fifo_2_rdPtr#0
14 000000 dut_cc_2_credits#0
15 000000 tracker_elementCount#0
16 1 tracker_isActive#0
17 00000000 tracker_packetValue#0
18 000001 tracker_packetCount#0
@0
0 1 reset@0
1 1 io_push_0@0
2 1 io_push_1@0
3 1 io_push_2@0
4 10111011 io_data_in_0@0
5 00000000 io_data_in_1@0
6 00000000 io_data_in_2@0
7 0 io_req@0
8 00 io_gnt_sel@0
9 1 startTracking@0
@1
0 0 reset@1
1 1 io_push_0@1
2 0 io_push_1@1
3 1 io_push_2@1
4 10111011 io_data_in_0@1
5 00010000 io_data_in_1@1
6 11111111 io_data_in_2@1
7 0 io_req@1
8 00 io_gnt_sel@1
9 1 startTracking@1
@2
0 0 reset@2
1 1 io_push_0@2
2 1 io_push_1@2
3 1 io_push_2@2
4 01111111 io_data_in_0@2
5 00011011 io_data_in_1@2
6 00000000 io_data_in_2@2
7 0 io_req@2
8 10 io_gnt_sel@2
9 0 startTracking@2
@3
0 0 reset@3
1 1 io_push_0@3
2 1 io_push_1@3
3 1 io_push_2@3
4 01111111 io_data_in_0@3
5 00000000 io_data_in_1@3
6 00000000 io_data_in_2@3
7 0 io_req@3
8 10 io_gnt_sel@3
9 1 startTracking@3
@4
0 0 reset@4
1 1 io_push_0@4
2 1 io_push_1@4
3 1 io_push_2@4
4 10111011 io_data_in_0@4
5 00000000 io_data_in_1@4
6 00000000 io_data_in_2@4
7 0 io_req@4
8 10 io_gnt_sel@4
9 1 startTracking@4
@5
0 0 reset@5
1 1 io_push_0@5
2 1 io_push_1@5
3 1 io_push_2@5
4 10000100 io_data_in_0@5
5 00000000 io_data_in_1@5
6 00000000 io_data_in_2@5
7 0 io_req@5
8 10 io_gnt_sel@5
9 1 startTracking@5
@6
0 0 reset@6
1 1 io_push_0@6
2 1 io_push_1@6
3 0 io_push_2@6
4 10000100 io_data_in_0@6
5 00000000 io_data_in_1@6
6 00000000 io_data_in_2@6
7 0 io_req@6
8 10 io_gnt_sel@6
9 0 startTracking@6
@7
0 0 reset@7
1 1 io_push_0@7
2 1 io_push_1@7
3 1 io_push_2@7
4 10000100 io_data_in_0@7
5 00000000 io_data_in_1@7
6 00000000 io_data_in_2@7
7 0 io_req@7
8 10 io_gnt_sel@7
9 1 startTracking@7
@8
0 0 reset@8
1 1 io_push_0@8
2 1 io_push_1@8
3 1 io_push_2@8
4 10000100 io_data_in_0@8
5 00000000 io_data_in_1@8
6 00000000 io_data_in_2@8
7 1 io_req@8
8 11 io_gnt_sel@8
9 1 startTracking@8
@9
0 0 reset@9
1 1 io_push_0@9
2 1 io_push_1@9
3 1 io_push_2@9
4 10000100 io_data_in_0@9
5 00000000 io_data_in_1@9
6 00000000 io_data_in_2@9
7 0 io_req@9
8 10 io_gnt_sel@9
9 0 startTracking@9
@10
0 0 reset@10
1 1 io_push_0@10
2 1 io_push_1@10
3 0 io_push_2@10
4 10000100 io_data_in_0@10
5 00000000 io_data_in_1@10
6 00000000 io_data_in_2@10
7 0 io_req@10
8 00 io_gnt_sel@10
9 0 startTracking@10
@11
0 0 reset@11
1 1 io_push_0@11
2 1 io_push_1@11
3 1 io_push_2@11
4 10000100 io_data_in_0@11
5 00000000 io_data_in_1@11
6 00000000 io_data_in_2@11
7 1 io_req@11
8 11 io_gnt_sel@11
9 0 startTracking@11
@12
0 0 reset@12
1 1 io_push_0@12
2 1 io_push_1@12
3 1 io_push_2@12
4 10000100 io_data_in_0@12
5 00000000 io_data_in_1@12
6 00000000 io_data_in_2@12
7 1 io_req@12
8 11 io_gnt_sel@12
9 0 startTracking@12
@13
0 0 reset@13
1 1 io_push_0@13
2 1 io_push_1@13
3 0 io_push_2@13
4 10000100 io_data_in_0@13
5 00000000 io_data_in_1@13
6 10000000 io_data_in_2@13
7 0 io_req@13
8 10 io_gnt_sel@13
9 0 startTracking@13
@14
0 0 reset@14
1 1 io_push_0@14
2 1 io_push_1@14
3 1 io_push_2@14
4 10000100 io_data_in_0@14
5 00000000 io_data_in_1@14
6 00000000 io_data_in_2@14
7 1 io_req@14
8 11 io_gnt_sel@14
9 0 startTracking@14
@15
0 0 reset@15
1 1 io_push_0@15
2 1 io_push_1@15
3 1 io_push_2@15
4 10000100 io_data_in_0@15
5 00000000 io_data_in_1@15
6 00000000 io_data_in_2@15
7 0 io_req@15
8 00 io_gnt_sel@15
9 0 startTracking@15
@16
0 0 reset@16
1 1 io_push_0@16
2 1 io_push_1@16
3 1 io_push_2@16
4 10000100 io_data_in_0@16
5 00000000 io_data_in_1@16
6 00000000 io_data_in_2@16
7 1 io_req@16
8 11 io_gnt_sel@16
9 0 startTracking@16
@17
0 0 reset@17
1 1 io_push_0@17
2 0 io_push_1@17
3 1 io_push_2@17
4 10000100 io_data_in_0@17
5 00000000 io_data_in_1@17
6 00000000 io_data_in_2@17
7 1 io_req@17
8 11 io_gnt_sel@17
9 1 startTracking@17
@18
0 0 reset@18
1 1 io_push_0@18
2 1 io_push_1@18
3 1 io_push_2@18
4 10000100 io_data_in_0@18
5 00000000 io_data_in_1@18
6 00000000 io_data_in_2@18
7 1 io_req@18
8 11 io_gnt_sel@18
9 0 startTracking@18
@19
0 0 reset@19
1 1 io_push_0@19
2 1 io_push_1@19
3 1 io_push_2@19
4 01000100 io_data_in_0@19
5 00000000 io_data_in_1@19
6 00000000 io_data_in_2@19
7 1 io_req@19
8 11 io_gnt_sel@19
9 1 startTracking@19
@20
0 0 reset@20
1 1 io_push_0@20
2 1 io_push_1@20
3 1 io_push_2@20
4 01000100 io_data_in_0@20
5 00000000 io_data_in_1@20
6 00000000 io_data_in_2@20
7 0 io_req@20
8 00 io_gnt_sel@20
9 1 startTracking@20
@21
0 0 reset@21
1 1 io_push_0@21
2 1 io_push_1@21
3 1 io_push_2@21
4 01000100 io_data_in_0@21
5 00000000 io_data_in_1@21
6 00000000 io_data_in_2@21
7 1 io_req@21
8 11 io_gnt_sel@21
9 1 startTracking@21
@22
0 0 reset@22
1 1 io_push_0@22
2 1 io_push_1@22
3 1 io_push_2@22
4 01000000 io_data_in_0@22
5 00000000 io_data_in_1@22
6 00000000 io_data_in_2@22
7 1 io_req@22
8 11 io_gnt_sel@22
9 1 startTracking@22
@23
0 0 reset@23
1 1 io_push_0@23
2 1 io_push_1@23
3 1 io_push_2@23
4 11000000 io_data_in_0@23
5 00000000 io_data_in_1@23
6 00000000 io_data_in_2@23
7 1 io_req@23
8 11 io_gnt_sel@23
9 0 startTracking@23
@24
0 0 reset@24
1 1 io_push_0@24
2 1 io_push_1@24
3 1 io_push_2@24
4 01000000 io_data_in_0@24
5 00000000 io_data_in_1@24
6 00000000 io_data_in_2@24
7 1 io_req@24
8 11 io_gnt_sel@24
9 0 startTracking@24
@25
0 0 reset@25
1 1 io_push_0@25
2 1 io_push_1@25
3 1 io_push_2@25
4 01000000 io_data_in_0@25
5 00000000 io_data_in_1@25
6 00000000 io_data_in_2@25
7 1 io_req@25
8 11 io_gnt_sel@25
9 1 startTracking@25
@26
0 0 reset@26
1 1 io_push_0@26
2 1 io_push_1@26
3 1 io_push_2@26
4 01000000 io_data_in_0@26
5 00000000 io_data_in_1@26
6 00000000 io_data_in_2@26
7 1 io_req@26
8 11 io_gnt_sel@26
9 0 startTracking@26
@27
0 0 reset@27
1 1 io_push_0@27
2 1 io_push_1@27
3 1 io_push_2@27
4 11000000 io_data_in_0@27
5 00000000 io_data_in_1@27
6 11111111 io_data_in_2@27
7 1 io_req@27
8 11 io_gnt_sel@27
9 1 startTracking@27
@28
0 0 reset@28
1 1 io_push_0@28
2 1 io_push_1@28
3 1 io_push_2@28
4 01000000 io_data_in_0@28
5 00000000 io_data_in_1@28
6 00000000 io_data_in_2@28
7 1 io_req@28
8 11 io_gnt_sel@28
9 1 startTracking@28
@29
0 0 reset@29
1 1 io_push_0@29
2 1 io_push_1@29
3 1 io_push_2@29
4 01000000 io_data_in_0@29
5 00000000 io_data_in_1@29
6 00000000 io_data_in_2@29
7 1 io_req@29
8 11 io_gnt_sel@29
9 1 startTracking@29
@30
0 0 reset@30
1 1 io_push_0@30
2 1 io_push_1@30
3 1 io_push_2@30
4 01000000 io_data_in_0@30
5 00000000 io_data_in_1@30
6 11111111 io_data_in_2@30
7 1 io_req@30
8 11 io_gnt_sel@30
9 1 startTracking@30
@31
0 0 reset@31
1 1 io_push_0@31
2 1 io_push_1@31
3 1 io_push_2@31
4 01000000 io_data_in_0@31
5 11110000 io_data_in_1@31
6 11111111 io_data_in_2@31
7 1 io_req@31
8 11 io_gnt_sel@31
9 1 startTracking@31
@32
0 0 reset@32
1 1 io_push_0@32
2 1 io_push_1@32
3 1 io_push_2@32
4 00000000 io_data_in_0@32
5 11110000 io_data_in_1@32
6 11111111 io_data_in_2@32
7 1 io_req@32
8 11 io_gnt_sel@32
9 1 startTracking@32
@33
0 0 reset@33
1 1 io_push_0@33
2 1 io_push_1@33
3 1 io_push_2@33
4 10011011 io_data_in_0@33
5 11111111 io_data_in_1@33
6 00000000 io_data_in_2@33
7 0 io_req@33
8 00 io_gnt_sel@33
9 1 startTracking@33
@34
0 0 reset@34
1 0 io_push_0@34
2 1 io_push_1@34
3 1 io_push_2@34
4 10011011 io_data_in_0@34
5 00000000 io_data_in_1@34
6 00000000 io_data_in_2@34
7 1 io_req@34
8 00 io_gnt_sel@34
9 1 startTracking@34
.
